\BOOKMARK [-1][]{part.1}{\376\377\000M\036\337\000\040\001\021\036\247\000u}{}% 1
\BOOKMARK [0][]{mychapter.1.1}{\376\377\000K\000h\000\341\000i\000\040\000q\000u\000\341\000t\000\040\000v\036\301\000\040\000m\000\364\000n\000\040\000V\036\255\000t\000\040\000l\000\355\000\040\000-\000\040\000V\036\245\000n\000\040\001\021\036\301\000\040\000a\000n\000\040\000t\000o\000\340\000n\000\040\000t\000r\000o\000n\000g\000\040\000V\036\255\000t\000\040\000l\000\355}{part.1}% 2
\BOOKMARK [0][]{chapter.1}{\376\377\000K\000h\000\341\000i\000\040\000q\000u\000\341\000t\000\040\000v\036\301\000\040\000m\000\364\000n\000\040\000V\036\255\000t\000\040\000l\000\355\000\040\000-\000\040\000V\036\245\000n\000\040\001\021\036\301\000\040\000a\000n\000\040\000t\000o\000\340\000n\000\040\000t\000r\000o\000n\000g\000\040\000V\036\255\000t\000\040\000l\000\355}{part.1}% 3
\BOOKMARK [1][]{section.1.1}{\376\377\000L\000\375\000\040\000t\000h\000u\000y\036\277\000t}{chapter.1}% 4
\BOOKMARK [1][]{section.1.2}{\376\377\000M\036\345\000c\000\040\000t\000i\000\352\000u\000\040\000b\000\340\000i\000\040\000h\036\315\000c\000\040\000-\000\040\000V\000\355\000\040\000d\036\345\000\040\000m\000i\000n\000h\000\040\000h\036\315\000a}{chapter.1}% 5
\BOOKMARK [1][]{section.1.3}{\376\377\000B\000\340\000i\000\040\000t\036\255\000p\000\040\000t\000r\036\257\000c\000\040\000n\000g\000h\000i\036\307\000m}{chapter.1}% 6
\BOOKMARK [1][]{section.1.4}{\376\377\000B\000\340\000i\000\040\000t\036\255\000p\000\040\000t\036\361\000\040\000l\000u\036\255\000n}{chapter.1}% 7
\BOOKMARK [0][]{mychapter.1.2}{\376\377\001\020\001\241\000n\000\040\000v\036\313\000\040\000v\000\340\000\040\000s\000a\000i\000\040\000s\036\321\000\040\000t\000r\000o\000n\000g\000\040\000v\036\255\000t\000\040\000l\000\355}{part.1}% 8
\BOOKMARK [0][]{chapter.2}{\376\377\001\020\001\241\000n\000\040\000v\036\313\000\040\000v\000\340\000\040\000s\000a\000i\000\040\000s\036\321\000\040\000t\000r\000o\000n\000g\000\040\000v\036\255\000t\000\040\000l\000\355}{part.1}% 9
\BOOKMARK [1][]{section.2.1}{\376\377\000L\000\375\000\040\000t\000h\000u\000y\036\277\000t}{chapter.2}% 10
\BOOKMARK [1][]{section.2.2}{\376\377\000M\036\345\000c\000\040\000t\000i\000\352\000u\000\040\000b\000\340\000i\000\040\000h\036\315\000c\000\040\000-\000\040\000V\000\355\000\040\000d\036\345\000\040\000m\000i\000n\000h\000\040\000h\000o\036\241}{chapter.2}% 11
\BOOKMARK [1][]{section.2.3}{\376\377\000B\000\340\000i\000\040\000t\036\255\000p\000\040\000t\000r\036\257\000c\000\040\000n\000g\000h\000i\036\307\000m}{chapter.2}% 12
\BOOKMARK [1][]{section.2.4}{\376\377\000B\000\340\000i\000\040\000t\036\255\000p\000\040\000t\036\361\000\040\000l\000u\036\255\000n}{chapter.2}% 13
\BOOKMARK [0][]{mychapter.1.3}{\376\377\000\324\000n\000\040\000t\036\255\000p\000\040\000c\000h\001\260\001\241\000n\000g\000\040\0001}{part.1}% 14
\BOOKMARK [-1][]{part.2}{\376\377\000M\000\364\000\040\000t\036\243\000\040\000c\000h\000u\000y\036\303\000n\000\040\001\021\036\331\000n\000g}{}% 15
\BOOKMARK [0][]{mychapter.2.4}{\376\377\000C\000h\000u\000y\036\303\000n\000\040\001\021\036\331\000n\000g\000\040\000t\000h\036\263\000n\000g}{part.2}% 16
\BOOKMARK [0][]{chapter.3}{\376\377\001\020\036\331\000\040\000d\036\313\000c\000h\000\040\000c\000h\000u\000y\036\303\000n\000\040\000v\000\340\000\040\000q\000u\000\343\000n\000g\000\040\001\021\001\260\036\335\000n\000g}{part.2}% 17
\BOOKMARK [1][]{section.3.1}{\376\377\000L\000\375\000\040\000t\000h\000u\000y\036\277\000t}{chapter.3}% 18
\BOOKMARK [1][]{section.3.2}{\376\377\000M\036\345\000c\000\040\000t\000i\000\352\000u\000\040\000b\000\340\000i\000\040\000h\036\315\000c\000\040\000-\000\040\000V\000\355\000\040\000d\036\345\000\040\000m\000i\000n\000h\000\040\000h\036\315\000a}{chapter.3}% 19
\BOOKMARK [1][]{section.3.3}{\376\377\000B\000\340\000i\000\040\000t\036\255\000p\000\040\000t\000r\036\257\000c\000\040\000n\000g\000h\000i\036\307\000m}{chapter.3}% 20
\BOOKMARK [1][]{section.3.4}{\376\377\000B\000\340\000i\000\040\000t\036\255\000p\000\040\000t\036\361\000\040\000l\000u\036\255\000n}{chapter.3}% 21
\BOOKMARK [0][]{chapter.4}{\376\377\000T\036\321\000c\000\040\001\021\036\331}{part.2}% 22
\BOOKMARK [1][]{section.4.1}{\376\377\000L\000\375\000\040\000t\000h\000u\000y\036\277\000t}{chapter.4}% 23
\BOOKMARK [1][]{section.4.2}{\376\377\000M\036\345\000c\000\040\000t\000i\000\352\000u\000\040\000b\000\340\000i\000\040\000h\036\315\000c\000\040\000-\000\040\000V\000\355\000\040\000d\036\345\000\040\000m\000i\000n\000h\000\040\000h\036\315\000a}{chapter.4}% 24
\BOOKMARK [1][]{section.4.3}{\376\377\000B\000\340\000i\000\040\000t\036\255\000p\000\040\000t\000r\036\257\000c\000\040\000n\000g\000h\000i\036\307\000m}{chapter.4}% 25
\BOOKMARK [1][]{section.4.4}{\376\377\000B\000\340\000i\000\040\000t\036\255\000p\000\040\000t\036\361\000\040\000l\000u\036\255\000n}{chapter.4}% 26
\BOOKMARK [0][]{chapter.5}{\376\377\000V\036\255\000n\000\040\000t\036\321\000c\000\040\000v\000\340\000\040\001\021\036\323\000\040\000t\000h\036\313\000\040\001\021\036\331\000\040\000d\036\313\000c\000h\000\040\000c\000h\000u\000y\036\303\000n\000\040\000-\000\040\000t\000h\036\335\000i\000\040\000g\000i\000a\000n}{part.2}% 27
\BOOKMARK [1][]{section.5.1}{\376\377\000L\000\375\000\040\000t\000h\000u\000y\036\277\000t}{chapter.5}% 28
\BOOKMARK [1][]{section.5.2}{\376\377\000M\036\345\000c\000\040\000t\000i\000\352\000u\000\040\000b\000\340\000i\000\040\000h\036\315\000c\000\040\000-\000\040\000V\000\355\000\040\000d\036\345\000\040\000m\000i\000n\000h\000\040\000h\036\315\000a}{chapter.5}% 29
\BOOKMARK [1][]{section.5.3}{\376\377\000B\000\340\000i\000\040\000t\036\255\000p\000\040\000t\000r\036\257\000c\000\040\000n\000g\000h\000i\036\307\000m}{chapter.5}% 30
\BOOKMARK [1][]{section.5.4}{\376\377\000B\000\340\000i\000\040\000t\036\255\000p\000\040\000t\036\361\000\040\000l\000u\036\255\000n}{chapter.5}% 31
\BOOKMARK [0][]{mychapter.2.5}{\376\377\000C\000h\000u\000y\036\303\000n\000\040\001\021\036\331\000n\000g\000\040\000t\036\325\000n\000g\000\040\000h\036\343\000p}{part.2}% 32
\BOOKMARK [0][]{chapter.6}{\376\377\000C\000h\000u\000y\036\303\000n\000\040\001\021\036\331\000n\000g\000\040\000t\036\325\000n\000g\000\040\000h\036\343\000p}{part.2}% 33
\BOOKMARK [1][]{section.6.1}{\376\377\000L\000\375\000\040\000t\000h\000u\000y\036\277\000t}{chapter.6}% 34
\BOOKMARK [1][]{section.6.2}{\376\377\000M\036\345\000c\000\040\000t\000i\000\352\000u\000\040\000b\000\340\000i\000\040\000h\036\315\000c\000\040\000-\000\040\000V\000\355\000\040\000d\036\345\000\040\000m\000i\000n\000h\000\040\000h\036\315\000a}{chapter.6}% 35
\BOOKMARK [1][]{section.6.3}{\376\377\000B\000\340\000i\000\040\000t\036\255\000p\000\040\000t\000r\036\257\000c\000\040\000n\000g\000h\000i\036\307\000m}{chapter.6}% 36
\BOOKMARK [1][]{section.6.4}{\376\377\000B\000\340\000i\000\040\000t\036\255\000p\000\040\000t\036\361\000\040\000l\000u\036\255\000n}{chapter.6}% 37
\BOOKMARK [0][]{mychapter.2.6}{\376\377\000\324\000n\000\040\000t\036\255\000p\000\040\000c\000h\001\260\001\241\000n\000g\000\040\0002}{part.2}% 38
\BOOKMARK [1][]{section.6.1}{\376\377\000B\000\340\000i\000\040\000t\036\255\000p\000\040\000t\000r\036\257\000c\000\040\000n\000g\000h\000i\036\307\000m}{mychapter.2.6}% 39
\BOOKMARK [1][]{section.6.2}{\376\377\000B\000\340\000i\000\040\000t\036\255\000p\000\040\000t\036\361\000\040\000l\000u\036\255\000n}{mychapter.2.6}% 40
\BOOKMARK [-1][]{part.3}{\376\377\000C\000h\000u\000y\036\303\000n\000\040\001\021\036\331\000n\000g\000\040\000b\000i\036\277\000n\000\040\001\021\036\325\000i}{}% 41
\BOOKMARK [0][]{mychapter.3.7}{\376\377\000G\000i\000a\000\040\000t\036\321\000c\000\040\000-\000\040\000C\000h\000u\000y\036\303\000n\000\040\001\021\036\331\000n\000g\000\040\000t\000h\036\263\000n\000g\000\040\000b\000i\036\277\000n\000\040\001\021\036\325\000i\000\040\001\021\036\301\000u}{part.3}% 42
\BOOKMARK [0][]{chapter.7}{\376\377\000G\000i\000a\000\040\000t\036\321\000c\000.\000\040\001\020\036\323\000\040\000t\000h\036\313\000\040\000v\036\255\000n\000\040\000t\036\321\000c\000\040\000-\000\040\000t\000h\036\335\000i\000\040\000g\000i\000a\000n}{part.3}% 43
\BOOKMARK [1][]{section.7.1}{\376\377\000L\000\375\000\040\000t\000h\000u\000y\036\277\000t}{chapter.7}% 44
\BOOKMARK [1][]{section.7.2}{\376\377\000M\036\345\000c\000\040\000t\000i\000\352\000u\000\040\000b\000\340\000i\000\040\000h\036\315\000c\000\040\000-\000\040\000V\000\355\000\040\000d\036\345\000\040\000m\000i\000n\000h\000\040\000h\036\315\000a}{chapter.7}% 45
\BOOKMARK [1][]{section.7.3}{\376\377\000B\000\340\000i\000\040\000t\036\255\000p\000\040\000t\000r\036\257\000c\000\040\000n\000g\000h\000i\036\307\000m}{chapter.7}% 46
\BOOKMARK [1][]{section.7.4}{\376\377\000B\000\340\000i\000\040\000t\036\255\000p\000\040\000t\036\361\000\040\000l\000u\036\255\000n}{chapter.7}% 47
\BOOKMARK [0][]{chapter.8}{\376\377\000C\000h\000u\000y\036\303\000n\000\040\001\021\036\331\000n\000g\000\040\000t\000h\036\263\000n\000g\000\040\000b\000i\036\277\000n\000\040\001\021\036\325\000i\000\040\001\021\036\301\000u}{part.3}% 48
\BOOKMARK [1][]{section.8.1}{\376\377\000L\000\375\000\040\000t\000h\000u\000y\036\277\000t}{chapter.8}% 49
\BOOKMARK [1][]{section.8.2}{\376\377\000M\036\345\000c\000\040\000t\000i\000\352\000u\000\040\000b\000\340\000i\000\040\000h\036\315\000c\000\040\000-\000\040\000V\000\355\000\040\000d\036\345\000\040\000m\000i\000n\000h\000\040\000h\036\315\000a}{chapter.8}% 50
\BOOKMARK [1][]{section.8.3}{\376\377\000B\000\340\000i\000\040\000t\036\255\000p\000\040\000t\000r\036\257\000c\000\040\000n\000g\000h\000i\036\307\000m}{chapter.8}% 51
\BOOKMARK [1][]{section.8.4}{\376\377\000B\000\340\000i\000\040\000t\036\255\000p\000\040\000t\036\361\000\040\000l\000u\036\255\000n}{chapter.8}% 52
\BOOKMARK [0][]{chapter.9}{\376\377\000P\000h\001\260\001\241\000n\000g\000\040\000t\000r\000\354\000n\000h\000\040\000t\000o\036\241\000\040\001\021\036\331\000\040\000c\036\347\000a\000\040\000v\036\255\000t\000\040\000c\000h\000u\000y\036\303\000n\000\040\001\021\036\331\000n\000g\000\040\000t\000h\036\263\000n\000g\000\040\000b\000i\036\277\000n\000\040\001\021\036\325\000i\000\040\001\021\036\301\000u\000\040\000\050\001\021\036\315\000c\000\040\000t\000h\000\352\000m\000\051}{part.3}% 53
\BOOKMARK [1][]{section.9.1}{\376\377\000L\000\375\000\040\000t\000h\000u\000y\036\277\000t}{chapter.9}% 54
\BOOKMARK [1][]{section.9.2}{\376\377\000M\036\345\000c\000\040\000t\000i\000\352\000u\000\040\000b\000\340\000i\000\040\000h\036\315\000c\000\040\000-\000\040\000V\000\355\000\040\000d\036\345\000\040\000m\000i\000n\000h\000\040\000h\036\315\000a}{chapter.9}% 55
\BOOKMARK [1][]{section.9.3}{\376\377\000B\000\340\000i\000\040\000t\036\255\000p\000\040\000t\000r\036\257\000c\000\040\000n\000g\000h\000i\036\307\000m}{chapter.9}% 56
\BOOKMARK [1][]{section.9.4}{\376\377\000B\000\340\000i\000\040\000t\036\255\000p\000\040\000t\036\361\000\040\000l\000u\036\255\000n}{chapter.9}% 57
\BOOKMARK [0][]{mychapter.3.8}{\376\377\000S\036\361\000\040\000r\001\241\000i\000\040\000t\036\361\000\040\000d\000o}{part.3}% 58
\BOOKMARK [0][]{chapter.10}{\376\377\000S\036\361\000\040\000r\001\241\000i\000\040\000t\036\361\000\040\000d\000o}{part.3}% 59
\BOOKMARK [1][]{section.10.1}{\376\377\000L\000\375\000\040\000t\000h\000u\000y\036\277\000t}{chapter.10}% 60
\BOOKMARK [1][]{section.10.2}{\376\377\000M\036\345\000c\000\040\000t\000i\000\352\000u\000\040\000b\000\340\000i\000\040\000h\036\315\000c\000\040\000-\000\040\000V\000\355\000\040\000d\036\345\000\040\000m\000i\000n\000h\000\040\000h\036\315\000a}{chapter.10}% 61
\BOOKMARK [1][]{section.10.3}{\376\377\000B\000\340\000i\000\040\000t\036\255\000p\000\040\000t\000r\036\257\000c\000\040\000n\000g\000h\000i\036\307\000m}{chapter.10}% 62
\BOOKMARK [1][]{section.10.4}{\376\377\000B\000\340\000i\000\040\000t\036\255\000p\000\040\000t\036\361\000\040\000l\000u\036\255\000n}{chapter.10}% 63
\BOOKMARK [0][]{mychapter.3.9}{\376\377\000C\000h\000u\000y\036\303\000n\000\040\001\021\036\331\000n\000g\000\040\000n\000\351\000m}{part.3}% 64
\BOOKMARK [0][]{chapter.11}{\376\377\000C\000h\000u\000y\036\303\000n\000\040\001\021\036\331\000n\000g\000\040\000n\000\351\000m\000\040\000n\000g\000a\000n\000g}{part.3}% 65
\BOOKMARK [1][]{section.11.1}{\376\377\000L\000\375\000\040\000t\000h\000u\000y\036\277\000t}{chapter.11}% 66
\BOOKMARK [1][]{section.11.2}{\376\377\000M\036\345\000c\000\040\000t\000i\000\352\000u\000\040\000b\000\340\000i\000\040\000h\036\315\000c\000\040\000-\000\040\000V\000\355\000\040\000d\036\345\000\040\000m\000i\000n\000h\000\040\000h\036\315\000a}{chapter.11}% 67
\BOOKMARK [1][]{section.11.3}{\376\377\000B\000\340\000i\000\040\000t\036\255\000p\000\040\000t\000r\036\257\000c\000\040\000n\000g\000h\000i\036\307\000m}{chapter.11}% 68
\BOOKMARK [1][]{section.11.4}{\376\377\000B\000\340\000i\000\040\000t\036\255\000p\000\040\000t\036\361\000\040\000l\000u\036\255\000n}{chapter.11}% 69
\BOOKMARK [0][]{chapter.12}{\376\377\000C\000h\000u\000y\036\303\000n\000\040\001\021\036\331\000n\000g\000\040\000n\000\351\000m\000\040\000x\000i\000\352\000n}{part.3}% 70
\BOOKMARK [1][]{section.12.1}{\376\377\000L\000\375\000\040\000t\000h\000u\000y\036\277\000t}{chapter.12}% 71
\BOOKMARK [1][]{section.12.2}{\376\377\000M\036\345\000c\000\040\000t\000i\000\352\000u\000\040\000b\000\340\000i\000\040\000h\036\315\000c\000\040\000-\000\040\000V\000\355\000\040\000d\036\345\000\040\000m\000i\000n\000h\000\040\000h\000o\036\241}{chapter.12}% 72
\BOOKMARK [1][]{section.12.3}{\376\377\000B\000\340\000i\000\040\000t\036\255\000p\000\040\000t\000r\036\257\000c\000\040\000n\000g\000h\000i\036\307\000m}{chapter.12}% 73
\BOOKMARK [1][]{section.12.4}{\376\377\000B\000\340\000i\000\040\000t\036\255\000p\000\040\000t\036\361\000\040\000l\000u\036\255\000n}{chapter.12}% 74
\BOOKMARK [0][]{mychapter.3.10}{\376\377\000\324\000n\000\040\000t\036\255\000p\000\040\000c\000h\001\260\001\241\000n\000g\000\040\0003}{part.3}% 75
\BOOKMARK [1][]{section.12.3}{\376\377\000B\000\340\000i\000\040\000t\036\255\000p\000\040\000t\000r\036\257\000c\000\040\000n\000g\000h\000i\036\307\000m}{mychapter.3.10}% 76
\BOOKMARK [1][]{section.12.4}{\376\377\000B\000\340\000i\000\040\000t\036\255\000p\000\040\000t\036\361\000\040\000l\000u\036\255\000n}{mychapter.3.10}% 77
\BOOKMARK [-1][]{part.4}{\376\377\001\020\036\331\000n\000g\000\040\000l\036\361\000c\000\040\000h\036\315\000c}{}% 78
\BOOKMARK [0][]{mychapter.4.11}{\376\377\000T\036\325\000n\000g\000\040\000h\036\343\000p\000\040\000l\036\361\000c\000\040\000v\000\340\000\040\000p\000h\000\342\000n\000\040\000t\000\355\000c\000h\000\040\000l\036\361\000c\000.\000\040\000C\000\342\000n\000\040\000b\036\261\000n\000g\000\040\000l\036\361\000c}{part.4}% 79
\BOOKMARK [0][]{chapter.13}{\376\377\000T\036\325\000n\000g\000\040\000h\036\343\000p\000\040\000l\036\361\000c\000\040\000v\000\340\000\040\000p\000h\000\342\000n\000\040\000t\000\355\000c\000h\000\040\000l\036\361\000c\000.\000\040\000C\000\342\000n\000\040\000b\036\261\000n\000g\000\040\000l\036\361\000c}{part.4}% 80
\BOOKMARK [1][]{section.13.1}{\376\377\000L\000\375\000\040\000t\000h\000u\000y\036\277\000t}{chapter.13}% 81
\BOOKMARK [1][]{section.13.2}{\376\377\000M\036\345\000c\000\040\000t\000i\000\352\000u\000\040\000b\000\340\000i\000\040\000h\036\315\000c\000\040\000-\000\040\000V\000\355\000\040\000d\036\345\000\040\000m\000i\000n\000h\000\040\000h\036\315\000a}{chapter.13}% 82
\BOOKMARK [1][]{section.13.3}{\376\377\000B\000\340\000i\000\040\000t\036\255\000p\000\040\000t\000r\036\257\000c\000\040\000n\000g\000h\000i\036\307\000m}{chapter.13}% 83
\BOOKMARK [1][]{section.13.4}{\376\377\000B\000\340\000i\000\040\000t\036\255\000p\000\040\000T\036\361\000\040\000l\000u\036\255\000n}{chapter.13}% 84
\BOOKMARK [0][]{mychapter.4.12}{\376\377\000B\000a\000\040\001\021\036\313\000n\000h\000\040\000l\000u\036\255\000t\000\040\000N\000e\000w\000t\000o\000n\000\040\000v\036\301\000\040\000c\000h\000u\000y\036\303\000n\000\040\001\021\036\331\000n\000g}{part.4}% 85
\BOOKMARK [0][]{chapter.14}{\376\377\001\020\036\313\000n\000h\000\040\000l\000u\036\255\000t\000\040\000I\000\040\000N\000e\000w\000t\000o\000n}{part.4}% 86
\BOOKMARK [1][]{section.14.1}{\376\377\000L\000\375\000\040\000t\000h\000u\000y\036\277\000t}{chapter.14}% 87
\BOOKMARK [1][]{section.14.2}{\376\377\000M\036\345\000c\000\040\000t\000i\000\352\000u\000\040\000b\000\340\000i\000\040\000h\036\315\000c\000\040\000-\000\040\000V\000\355\000\040\000d\036\345\000\040\000m\000i\000n\000h\000\040\000h\036\315\000a}{chapter.14}% 88
\BOOKMARK [1][]{section.14.3}{\376\377\000B\000\340\000i\000\040\000t\036\255\000p\000\040\000t\000r\036\257\000c\000\040\000n\000g\000h\000i\036\307\000m}{chapter.14}% 89
\BOOKMARK [1][]{section.14.4}{\376\377\000B\000\340\000i\000\040\000t\036\255\000p\000\040\000t\036\361\000\040\000l\000u\036\255\000n}{chapter.14}% 90
\BOOKMARK [0][]{chapter.15}{\376\377\001\020\036\313\000n\000h\000\040\000l\000u\036\255\000t\000\040\000I\000I\000\040\000N\000e\000w\000t\000o\000n}{part.4}% 91
\BOOKMARK [1][]{section.15.1}{\376\377\000L\000\375\000\040\000t\000h\000u\000y\036\277\000t}{chapter.15}% 92
\BOOKMARK [1][]{section.15.2}{\376\377\000M\036\345\000c\000\040\000t\000i\000\352\000u\000\040\000b\000\340\000i\000\040\000h\036\315\000c\000\040\000-\000\040\000V\000\355\000\040\000d\036\345\000\040\000m\000i\000n\000h\000\040\000h\036\315\000a}{chapter.15}% 93
\BOOKMARK [1][]{section.15.3}{\376\377\000B\000\340\000i\000\040\000t\036\255\000p\000\040\000t\000r\036\257\000c\000\040\000n\000g\000h\000i\036\307\000m}{chapter.15}% 94
\BOOKMARK [1][]{section.15.4}{\376\377\000B\000\340\000i\000\040\000t\036\255\000p\000\040\000t\036\361\000\040\000l\000u\036\255\000n}{chapter.15}% 95
\BOOKMARK [0][]{chapter.16}{\376\377\001\020\036\313\000n\000h\000\040\000l\000u\036\255\000t\000\040\000I\000I\000I\000\040\000N\000e\000w\000t\000o\000n}{part.4}% 96
\BOOKMARK [1][]{section.16.1}{\376\377\000L\000\375\000\040\000t\000h\000u\000y\036\277\000t}{chapter.16}% 97
\BOOKMARK [1][]{section.16.2}{\376\377\000M\036\345\000c\000\040\000t\000i\000\352\000u\000\040\000b\000\340\000i\000\040\000h\036\315\000c\000\040\000-\000\040\000V\000\355\000\040\000d\036\345\000\040\000m\000i\000n\000h\000\040\000h\000o\036\241}{chapter.16}% 98
\BOOKMARK [1][]{section.16.3}{\376\377\000B\000\340\000i\000\040\000t\036\255\000p\000\040\000t\000r\036\257\000c\000\040\000n\000g\000h\000i\036\307\000m}{chapter.16}% 99
\BOOKMARK [1][]{section.16.4}{\376\377\000B\000\340\000i\000\040\000t\036\255\000p\000\040\000t\036\361\000\040\000l\000u\036\255\000n}{chapter.16}% 100
\BOOKMARK [0][]{mychapter.4.13}{\376\377\000M\036\331\000t\000\040\000s\036\321\000\040\000l\036\361\000c\000\040\000t\000r\000o\000n\000g\000\040\000t\000h\036\361\000c\000\040\000t\000i\036\305\000n}{part.4}% 101
\BOOKMARK [0][]{chapter.17}{\376\377\000T\000r\036\315\000n\000g\000\040\000l\036\361\000c\000\040\000v\000\340\000\040\000l\036\361\000c\000\040\000c\001\003\000n\000g}{part.4}% 102
\BOOKMARK [1][]{section.17.1}{\376\377\000L\000\375\000\040\000t\000h\000u\000y\036\277\000t}{chapter.17}% 103
\BOOKMARK [1][]{section.17.2}{\376\377\000M\036\345\000c\000\040\000t\000i\000\352\000u\000\040\000b\000\340\000i\000\040\000h\036\315\000c\000\040\000-\000\040\000V\000\355\000\040\000d\036\345\000\040\000m\000i\000n\000h\000\040\000h\036\315\000a}{chapter.17}% 104
\BOOKMARK [1][]{section.17.3}{\376\377\000B\000\340\000i\000\040\000t\036\255\000p\000\040\000t\000r\036\257\000c\000\040\000n\000g\000h\000i\036\307\000m}{chapter.17}% 105
\BOOKMARK [1][]{section.17.4}{\376\377\000B\000\340\000i\000\040\000t\036\255\000p\000\040\000t\036\361\000\040\000l\000u\036\255\000n}{chapter.17}% 106
\BOOKMARK [0][]{chapter.18}{\376\377\000L\036\361\000c\000\040\000m\000a\000\040\000s\000\341\000t}{part.4}% 107
\BOOKMARK [1][]{section.18.1}{\376\377\000L\000\375\000\040\000t\000h\000u\000y\036\277\000t}{chapter.18}% 108
\BOOKMARK [1][]{section.18.2}{\376\377\000M\036\345\000c\000\040\000t\000i\000\352\000u\000\040\000b\000\340\000i\000\040\000h\036\315\000c\000\040\000-\000\040\000V\000\355\000\040\000d\036\345\000\040\000m\000i\000n\000h\000\040\000h\036\315\000a}{chapter.18}% 109
\BOOKMARK [1][]{section.18.3}{\376\377\000B\000\340\000i\000\040\000t\036\255\000p\000\040\000t\000r\036\257\000c\000\040\000n\000g\000h\000i\036\307\000m}{chapter.18}% 110
\BOOKMARK [1][]{section.18.4}{\376\377\000B\000\340\000i\000\040\000t\036\255\000p\000\040\000t\036\361\000\040\000l\000u\036\255\000n}{chapter.18}% 111
\BOOKMARK [0][]{chapter.19}{\376\377\000L\036\361\000c\000\040\000c\036\243\000n\000\040\000v\000\340\000\040\000l\036\361\000c\000\040\000n\000\342\000n\000g\000\040\000c\036\347\000a\000\040\000c\000h\036\245\000t\000\040\000l\001\260\000u}{part.4}% 112
\BOOKMARK [1][]{section.19.1}{\376\377\000L\000\375\000\040\000t\000h\000u\000y\036\277\000t}{chapter.19}% 113
\BOOKMARK [1][]{section.19.2}{\376\377\000M\036\345\000c\000\040\000t\000i\000\352\000u\000\040\000b\000\340\000i\000\040\000h\036\315\000c\000\040\000-\000\040\000V\000\355\000\040\000d\036\345\000\040\000m\000i\000n\000h\000\040\000h\000o\036\241}{chapter.19}% 114
\BOOKMARK [1][]{section.19.3}{\376\377\000B\000\340\000i\000\040\000t\036\255\000p\000\040\000t\000r\036\257\000c\000\040\000n\000g\000h\000i\036\307\000m}{chapter.19}% 115
\BOOKMARK [1][]{section.19.4}{\376\377\000B\000\340\000i\000\040\000t\036\255\000p\000\040\000t\036\361\000\040\000l\000u\036\255\000n}{chapter.19}% 116
\BOOKMARK [0][]{mychapter.4.14}{\376\377\000M\036\331\000t\000\040\000s\036\321\000\040\000v\000\355\000\040\000d\036\345\000\040\000v\036\301\000\040\000c\000\341\000c\000h\000\040\000g\000i\036\243\000i\000\040\000c\000\341\000c\000\040\000b\000\340\000i\000\040\000t\000o\000\341\000n\000\040\000t\000h\000u\036\331\000c\000\040\000p\000h\036\247\000n\000\040\001\021\036\331\000n\000g\000\040\000l\036\361\000c\000\040\000h\036\315\000c}{part.4}% 117
\BOOKMARK [0][]{chapter.20}{\376\377\000M\036\331\000t\000\040\000s\036\321\000\040\000v\000\355\000\040\000d\036\345\000\040\000v\036\301\000\040\000c\000\341\000c\000h\000\040\000g\000i\036\243\000i\000\040\000c\000\341\000c\000\040\000b\000\340\000i\000\040\000t\000o\000\341\000n\000\040\000t\000h\000u\036\331\000c\000\040\000p\000h\036\247\000n\000\040\001\021\036\331\000n\000g\000\040\000l\036\361\000c\000\040\000h\036\315\000c}{part.4}% 118
\BOOKMARK [1][]{section.20.1}{\376\377\000P\000h\001\260\001\241\000n\000g\000\040\000p\000h\000\341\000p\000\040\000c\000h\000u\000n\000g}{chapter.20}% 119
\BOOKMARK [1][]{section.20.2}{\376\377\000M\036\345\000c\000\040\000t\000i\000\352\000u\000\040\000b\000\340\000i\000\040\000h\036\315\000c\000\040\000-\000\040\000V\000\355\000\040\000d\036\345\000\040\000m\000i\000n\000h\000\040\000h\000o\036\241}{chapter.20}% 120
\BOOKMARK [1][]{section.20.3}{\376\377\000B\000\340\000i\000\040\000t\036\255\000p\000\040\000t\036\361\000\040\000l\000u\036\255\000n}{chapter.20}% 121
\BOOKMARK [0][]{mychapter.4.15}{\376\377\000\324\000n\000\040\000t\036\255\000p\000\040\000c\000h\001\260\001\241\000n\000g\000\040\0004}{part.4}% 122
\BOOKMARK [1][]{section.20.1}{\376\377\000B\000\340\000i\000\040\000t\036\255\000p\000\040\000t\000r\036\257\000c\000\040\000n\000g\000h\000i\036\307\000m}{mychapter.4.15}% 123
\BOOKMARK [1][]{section.20.2}{\376\377\000B\000\340\000i\000\040\000t\036\255\000p\000\040\000t\036\361\000\040\000l\000u\036\255\000n}{mychapter.4.15}% 124
