This is pdfTeX, Version 3.141592653-2.6-1.40.23 (MiKTeX 21.10) (preloaded format=pdflatex 2021.10.18)  11 AUG 2022 17:13
entering extended mode
**./Post-course2.tex
(Post-course2.tex
LaTeX2e <2021-06-01> patch level 1
L3 programming layer <2021-10-12>

! LaTeX Error: No counter 'section' defined.

See the LaTeX manual or LaTeX Companion for explanation.
Type  H <return>  for immediate help.
 ...                                              
                                                  
l.1 \setcounter{section}{0}
                           
Your command was ignored.
Type  I <command> <return>  to replace it with another command,
or  <return>  to continue without it.

! Undefined control sequence.
l.2 \section
            {Tr·∫Øc nghi·ªám}
The control sequence at the end of the top line
of your error message was never \def'ed. If you have
misspelled it (e.g., `\hobx'), type `I' and the correct
spelling (e.g., `I\hbox'). Otherwise just continue,
and I'll forget about whatever was undefined.


! LaTeX Error: Missing \begin{document}.

See the LaTeX manual or LaTeX Companion for explanation.
Type  H <return>  for immediate help.
 ...                                              
                                                  
l.2 \section{T
              r·∫Øc nghi·ªám}
You're in trouble here.  Try typing  <return>  to proceed.
If that doesn't work, type  X <return>  to quit.

Missing character: There is no T in font nullfont!
Missing character: There is no r in font nullfont!

! Package inputenc Error: Unicode character ·∫Ø (U+1EAF)
(inputenc)                not set up for use with LaTeX.

See the inputenc package documentation for explanation.
Type  H <return>  for immediate help.
 ...                                              
                                                  
l.2 \section{Tr·∫Ø
                  c nghi·ªám}
You may provide a definition with
\DeclareUnicodeCharacter 

Missing character: There is no c in font nullfont!
Missing character: There is no n in font nullfont!
Missing character: There is no g in font nullfont!
Missing character: There is no h in font nullfont!
Missing character: There is no i in font nullfont!

! Package inputenc Error: Unicode character ·ªá (U+1EC7)
(inputenc)                not set up for use with LaTeX.

See the inputenc package documentation for explanation.
Type  H <return>  for immediate help.
 ...                                              
                                                  
l.2 \section{Tr·∫Øc nghi·ªá
                           m}
You may provide a definition with
\DeclareUnicodeCharacter 

Missing character: There is no m in font nullfont!

Overfull \hbox (20.0pt too wide) in paragraph at lines 2--3
[] 
 []


! LaTeX Error: Missing \begin{document}.

See the LaTeX manual or LaTeX Companion for explanation.
Type  H <return>  for immediate help.
 ...                                              
                                                  
l.3 \begin{enumerate}[
                      label=\bfseries C√¢u \arabic*:]
You're in trouble here.  Try typing  <return>  to proceed.
If that doesn't work, type  X <return>  to quit.

Missing character: There is no [ in font nullfont!
Missing character: There is no l in font nullfont!
Missing character: There is no a in font nullfont!
Missing character: There is no b in font nullfont!
Missing character: There is no e in font nullfont!
Missing character: There is no l in font nullfont!
Missing character: There is no = in font nullfont!
! Missing number, treated as zero.
<to be read again> 
                   \c@* 
l.3 ...in{enumerate}[label=\bfseries C√¢u \arabic*
                                                  :]
A number should have been here; I inserted `0'.
(If you can't figure out why I needed to see a number,
look up `weird error' in the index to The TeXbook.)


! LaTeX Error: Something's wrong--perhaps a missing \item.

See the LaTeX manual or LaTeX Companion for explanation.
Type  H <return>  for immediate help.
 ...                                              
                                                  
l.4 	\item \mkstar
                  {1}
Try typing  <return>  to proceed.
If that doesn't work, type  X <return>  to quit.


! LaTeX Error: Something's wrong--perhaps a missing \item.

See the LaTeX manual or LaTeX Companion for explanation.
Type  H <return>  for immediate help.
 ...                                              
                                                  
l.4 	\item \mkstar
                  {1}
Try typing  <return>  to proceed.
If that doesn't work, type  X <return>  to quit.


! LaTeX Error: Something's wrong--perhaps a missing \item.

See the LaTeX manual or LaTeX Companion for explanation.
Type  H <return>  for immediate help.
 ...                                              
                                                  
l.4 	\item \mkstar
                  {1}
Try typing  <return>  to proceed.
If that doesn't work, type  X <return>  to quit.

! Undefined control sequence.
<recently read> \mkstar 
                        
l.4 	\item \mkstar
                  {1}
The control sequence at the end of the top line
of your error message was never \def'ed. If you have
misspelled it (e.g., `\hobx'), type `I' and the correct
spelling (e.g., `I\hbox'). Otherwise just continue,
and I'll forget about whatever was undefined.


! Package inputenc Error: Unicode character ·ªô (U+1ED9)
(inputenc)                not set up for use with LaTeX.

See the inputenc package documentation for explanation.
Type  H <return>  for immediate help.
 ...                                              
                                                  
l.7 	{Trong m·ªô
                t m·∫°ch k√≠n g·ªìm ngu·ªìn ƒëi·ªán c√≥ su·∫•t ƒëi·ªán ƒë·ªô...

You may provide a definition with
\DeclareUnicodeCharacter 


! Package inputenc Error: Unicode character ·∫° (U+1EA1)
(inputenc)                not set up for use with LaTeX.

See the inputenc package documentation for explanation.
Type  H <return>  for immediate help.
 ...                                              
                                                  
l.7 	{Trong m·ªôt m·∫°
                      ch k√≠n g·ªìm ngu·ªìn ƒëi·ªán c√≥ su·∫•t ƒëi·ªán ƒë·ªô...

You may provide a definition with
\DeclareUnicodeCharacter 


! Package inputenc Error: Unicode character ·ªì (U+1ED3)
(inputenc)                not set up for use with LaTeX.

See the inputenc package documentation for explanation.
Type  H <return>  for immediate help.
 ...                                              
                                                  
l.7 	{Trong m·ªôt m·∫°ch k√≠n g·ªì
                                  m ngu·ªìn ƒëi·ªán c√≥ su·∫•t ƒëi·ªán ƒë·ªô...

You may provide a definition with
\DeclareUnicodeCharacter 


! Package inputenc Error: Unicode character ·ªì (U+1ED3)
(inputenc)                not set up for use with LaTeX.

See the inputenc package documentation for explanation.
Type  H <return>  for immediate help.
 ...                                              
                                                  
l.7 	{Trong m·ªôt m·∫°ch k√≠n g·ªìm ngu·ªì
                                          n ƒëi·ªán c√≥ su·∫•t ƒëi·ªán ƒë·ªô...

You may provide a definition with
\DeclareUnicodeCharacter 


! LaTeX Error: Command \dj unavailable in encoding OT1.

See the LaTeX manual or LaTeX Companion for explanation.
Type  H <return>  for immediate help.
 ...                                              
                                                  
l.7 	{Trong m·ªôt m·∫°ch k√≠n g·ªìm ngu·ªìn ƒë
                                              i·ªán c√≥ su·∫•t ƒëi·ªán ƒë·ªô...

Your command was ignored.
Type  I <command> <return>  to replace it with another command,
or  <return>  to continue without it.


! Package inputenc Error: Unicode character ·ªá (U+1EC7)
(inputenc)                not set up for use with LaTeX.

See the inputenc package documentation for explanation.
Type  H <return>  for immediate help.
 ...                                              
                                                  
l.7 	{Trong m·ªôt m·∫°ch k√≠n g·ªìm ngu·ªìn ƒëi·ªá
                                                  n c√≥ su·∫•t ƒëi·ªán ƒë·ªô...

You may provide a definition with
\DeclareUnicodeCharacter 


! Package inputenc Error: Unicode character ·∫• (U+1EA5)
(inputenc)                not set up for use with LaTeX.

See the inputenc package documentation for explanation.
Type  H <return>  for immediate help.
 ...                                              
                                                  
l.7 ...m·∫°ch k√≠n g·ªìm ngu·ªìn ƒëi·ªán c√≥ su·∫•
                                                  t ƒëi·ªán ƒë·ªông $\calE$,...

You may provide a definition with
\DeclareUnicodeCharacter 


! LaTeX Error: Command \dj unavailable in encoding OT1.

See the LaTeX manual or LaTeX Companion for explanation.
Type  H <return>  for immediate help.
 ...                                              
                                                  
l.7 ...ch k√≠n g·ªìm ngu·ªìn ƒëi·ªán c√≥ su·∫•t ƒë
                                                  i·ªán ƒë·ªông $\calE$, ƒëi...

Your command was ignored.
Type  I <command> <return>  to replace it with another command,
or  <return>  to continue without it.


! Package inputenc Error: Unicode character ·ªá (U+1EC7)
(inputenc)                not set up for use with LaTeX.

See the inputenc package documentation for explanation.
Type  H <return>  for immediate help.
 ...                                              
                                                  
l.7 ...√≠n g·ªìm ngu·ªìn ƒëi·ªán c√≥ su·∫•t ƒëi·ªá
                                                  n ƒë·ªông $\calE$, ƒëi·ªán...

You may provide a definition with
\DeclareUnicodeCharacter 


! LaTeX Error: Command \dj unavailable in encoding OT1.

See the LaTeX manual or LaTeX Companion for explanation.
Type  H <return>  for immediate help.
 ...                                              
                                                  
l.7 ...g·ªìm ngu·ªìn ƒëi·ªán c√≥ su·∫•t ƒëi·ªán ƒë
                                                  ·ªông $\calE$, ƒëi·ªán tr·...

Your command was ignored.
Type  I <command> <return>  to replace it with another command,
or  <return>  to continue without it.


! Package inputenc Error: Unicode character ·ªô (U+1ED9)
(inputenc)                not set up for use with LaTeX.

See the inputenc package documentation for explanation.
Type  H <return>  for immediate help.
 ...                                              
                                                  
l.7 ...ìm ngu·ªìn ƒëi·ªán c√≥ su·∫•t ƒëi·ªán ƒë·ªô
                                                  ng $\calE$, ƒëi·ªán tr·ªü ...

You may provide a definition with
\DeclareUnicodeCharacter 

LaTeX Font Info:    External font `cmex10' loaded for size
(Font)              <7> on input line 7.
LaTeX Font Info:    External font `cmex10' loaded for size
(Font)              <5> on input line 7.
! Undefined control sequence.
<recently read> \calE 
                      
l.7 ...n ƒëi·ªán c√≥ su·∫•t ƒëi·ªán ƒë·ªông $\calE
                                                  $, ƒëi·ªán tr·ªü trong $r$...
The control sequence at the end of the top line
of your error message was never \def'ed. If you have
misspelled it (e.g., `\hobx'), type `I' and the correct
spelling (e.g., `I\hbox'). Otherwise just continue,
and I'll forget about whatever was undefined.


! LaTeX Error: Command \dj unavailable in encoding OT1.

See the LaTeX manual or LaTeX Companion for explanation.
Type  H <return>  for immediate help.
 ...                                              
                                                  
l.7 ...·ªán c√≥ su·∫•t ƒëi·ªán ƒë·ªông $\calE$, ƒë
                                                  i·ªán tr·ªü trong $r$ v√† ...

Your command was ignored.
Type  I <command> <return>  to replace it with another command,
or  <return>  to continue without it.


! Package inputenc Error: Unicode character ·ªá (U+1EC7)
(inputenc)                not set up for use with LaTeX.

See the inputenc package documentation for explanation.
Type  H <return>  for immediate help.
 ...                                              
                                                  
l.7 ... c√≥ su·∫•t ƒëi·ªán ƒë·ªông $\calE$, ƒëi·ªá
                                                  n tr·ªü trong $r$ v√† m·∫°...

You may provide a definition with
\DeclareUnicodeCharacter 


! Package inputenc Error: Unicode character ·ªü (U+1EDF)
(inputenc)                not set up for use with LaTeX.

See the inputenc package documentation for explanation.
Type  H <return>  for immediate help.
 ...                                              
                                                  
l.7 ...·∫•t ƒëi·ªán ƒë·ªông $\calE$, ƒëi·ªán tr·ªü
                                                   trong $r$ v√† m·∫°ch ngo√...

You may provide a definition with
\DeclareUnicodeCharacter 


! Package inputenc Error: Unicode character ·∫° (U+1EA1)
(inputenc)                not set up for use with LaTeX.

See the inputenc package documentation for explanation.
Type  H <return>  for immediate help.
 ...                                              
                                                  
l.7 ...g $\calE$, ƒëi·ªán tr·ªü trong $r$ v√† m·∫°
                                                  ch ngo√†i c√≥ ƒëi·ªán tr·ª...

You may provide a definition with
\DeclareUnicodeCharacter 


! LaTeX Error: Command \dj unavailable in encoding OT1.

See the LaTeX manual or LaTeX Companion for explanation.
Type  H <return>  for immediate help.
 ...                                              
                                                  
l.7 ...án tr·ªü trong $r$ v√† m·∫°ch ngo√†i c√≥ ƒë
                                                  i·ªán tr·ªü $R$. H·ªá th·ª...

Your command was ignored.
Type  I <command> <return>  to replace it with another command,
or  <return>  to continue without it.


! Package inputenc Error: Unicode character ·ªá (U+1EC7)
(inputenc)                not set up for use with LaTeX.

See the inputenc package documentation for explanation.
Type  H <return>  for immediate help.
 ...                                              
                                                  
l.7 ...r·ªü trong $r$ v√† m·∫°ch ngo√†i c√≥ ƒëi·ªá
                                                  n tr·ªü $R$. H·ªá th·ª©c n...

You may provide a definition with
\DeclareUnicodeCharacter 


! Package inputenc Error: Unicode character ·ªü (U+1EDF)
(inputenc)                not set up for use with LaTeX.

See the inputenc package documentation for explanation.
Type  H <return>  for immediate help.
 ...                                              
                                                  
l.7 ...ong $r$ v√† m·∫°ch ngo√†i c√≥ ƒëi·ªán tr·ªü
                                                   $R$. H·ªá th·ª©c n√™u l√™...

You may provide a definition with
\DeclareUnicodeCharacter 


! Package inputenc Error: Unicode character ·ªá (U+1EC7)
(inputenc)                not set up for use with LaTeX.

See the inputenc package documentation for explanation.
Type  H <return>  for immediate help.
 ...                                              
                                                  
l.7 ...† m·∫°ch ngo√†i c√≥ ƒëi·ªán tr·ªü $R$. H·ªá
                                                   th·ª©c n√™u l√™n m·ªëi qu...

You may provide a definition with
\DeclareUnicodeCharacter 


! Package inputenc Error: Unicode character ·ª© (U+1EE9)
(inputenc)                not set up for use with LaTeX.

See the inputenc package documentation for explanation.
Type  H <return>  for immediate help.
 ...                                              
                                                  
l.7 ...ch ngo√†i c√≥ ƒëi·ªán tr·ªü $R$. H·ªá th·ª©
                                                  c n√™u l√™n m·ªëi quan h·ª...

You may provide a definition with
\DeclareUnicodeCharacter 


! Package inputenc Error: Unicode character ·ªë (U+1ED1)
(inputenc)                not set up for use with LaTeX.

See the inputenc package documentation for explanation.
Type  H <return>  for immediate help.
 ...                                              
                                                  
l.7 ...i·ªán tr·ªü $R$. H·ªá th·ª©c n√™u l√™n m·ªë
                                                  i quan h·ªá gi·ªØa c√°c ƒë...

You may provide a definition with
\DeclareUnicodeCharacter 


! Package inputenc Error: Unicode character ·ªá (U+1EC7)
(inputenc)                not set up for use with LaTeX.

See the inputenc package documentation for explanation.
Type  H <return>  for immediate help.
 ...                                              
                                                  
l.7 ... $R$. H·ªá th·ª©c n√™u l√™n m·ªëi quan h·ªá
                                                   gi·ªØa c√°c ƒë·∫°i l∆∞·ª£...

You may provide a definition with
\DeclareUnicodeCharacter 


! Package inputenc Error: Unicode character ·ªØ (U+1EEF)
(inputenc)                not set up for use with LaTeX.

See the inputenc package documentation for explanation.
Type  H <return>  for immediate help.
 ...                                              
                                                  
l.7 ...H·ªá th·ª©c n√™u l√™n m·ªëi quan h·ªá gi·ªØ
                                                  a c√°c ƒë·∫°i l∆∞·ª£ng tr√...

You may provide a definition with
\DeclareUnicodeCharacter 


! LaTeX Error: Command \dj unavailable in encoding OT1.

See the LaTeX manual or LaTeX Companion for explanation.
Type  H <return>  for immediate help.
 ...                                              
                                                  
l.7 ...©c n√™u l√™n m·ªëi quan h·ªá gi·ªØa c√°c ƒë
                                                  ·∫°i l∆∞·ª£ng tr√™n v·ªõi ...

Your command was ignored.
Type  I <command> <return>  to replace it with another command,
or  <return>  to continue without it.


! Package inputenc Error: Unicode character ·∫° (U+1EA1)
(inputenc)                not set up for use with LaTeX.

See the inputenc package documentation for explanation.
Type  H <return>  for immediate help.
 ...                                              
                                                  
l.7 ...n√™u l√™n m·ªëi quan h·ªá gi·ªØa c√°c ƒë·∫°
                                                  i l∆∞·ª£ng tr√™n v·ªõi c∆∞...

You may provide a definition with
\DeclareUnicodeCharacter 


! Package inputenc Error: Unicode character ∆∞ (U+01B0)
(inputenc)                not set up for use with LaTeX.

See the inputenc package documentation for explanation.
Type  H <return>  for immediate help.
 ...                                              
                                                  
l.7 ...l√™n m·ªëi quan h·ªá gi·ªØa c√°c ƒë·∫°i l∆∞
                                                  ·ª£ng tr√™n v·ªõi c∆∞·ªùng...

You may provide a definition with
\DeclareUnicodeCharacter 


! Package inputenc Error: Unicode character ·ª£ (U+1EE3)
(inputenc)                not set up for use with LaTeX.

See the inputenc package documentation for explanation.
Type  H <return>  for immediate help.
 ...                                              
                                                  
l.7 ...n m·ªëi quan h·ªá gi·ªØa c√°c ƒë·∫°i l∆∞·ª£
                                                  ng tr√™n v·ªõi c∆∞·ªùng ƒë...

You may provide a definition with
\DeclareUnicodeCharacter 


! Package inputenc Error: Unicode character ·ªõ (U+1EDB)
(inputenc)                not set up for use with LaTeX.

See the inputenc package documentation for explanation.
Type  H <return>  for immediate help.
 ...                                              
                                                  
l.7 ...h·ªá gi·ªØa c√°c ƒë·∫°i l∆∞·ª£ng tr√™n v·ªõ
                                                  i c∆∞·ªùng ƒë·ªô d√≤ng ƒëi...

You may provide a definition with
\DeclareUnicodeCharacter 


! Package inputenc Error: Unicode character ∆∞ (U+01B0)
(inputenc)                not set up for use with LaTeX.

See the inputenc package documentation for explanation.
Type  H <return>  for immediate help.
 ...                                              
                                                  
l.7 ...gi·ªØa c√°c ƒë·∫°i l∆∞·ª£ng tr√™n v·ªõi c∆∞
                                                  ·ªùng ƒë·ªô d√≤ng ƒëi·ªán ...

You may provide a definition with
\DeclareUnicodeCharacter 


! Package inputenc Error: Unicode character ·ªù (U+1EDD)
(inputenc)                not set up for use with LaTeX.

See the inputenc package documentation for explanation.
Type  H <return>  for immediate help.
 ...                                              
                                                  
l.7 ...ªØa c√°c ƒë·∫°i l∆∞·ª£ng tr√™n v·ªõi c∆∞·ªù
                                                  ng ƒë·ªô d√≤ng ƒëi·ªán $I$...

You may provide a definition with
\DeclareUnicodeCharacter 


! LaTeX Error: Command \dj unavailable in encoding OT1.

See the LaTeX manual or LaTeX Companion for explanation.
Type  H <return>  for immediate help.
 ...                                              
                                                  
l.7 ...√°c ƒë·∫°i l∆∞·ª£ng tr√™n v·ªõi c∆∞·ªùng ƒë
                                                  ·ªô d√≤ng ƒëi·ªán $I$ ch·∫...

Your command was ignored.
Type  I <command> <return>  to replace it with another command,
or  <return>  to continue without it.


! Package inputenc Error: Unicode character ·ªô (U+1ED9)
(inputenc)                not set up for use with LaTeX.

See the inputenc package documentation for explanation.
Type  H <return>  for immediate help.
 ...                                              
                                                  
l.7 ... ƒë·∫°i l∆∞·ª£ng tr√™n v·ªõi c∆∞·ªùng ƒë·ªô
                                                   d√≤ng ƒëi·ªán $I$ ch·∫°y ...

You may provide a definition with
\DeclareUnicodeCharacter 


! LaTeX Error: Command \dj unavailable in encoding OT1.

See the LaTeX manual or LaTeX Companion for explanation.
Type  H <return>  for immediate help.
 ...                                              
                                                  
l.7 ...∆∞·ª£ng tr√™n v·ªõi c∆∞·ªùng ƒë·ªô d√≤ng ƒë
                                                  i·ªán $I$ ch·∫°y trong m·∫...

Your command was ignored.
Type  I <command> <return>  to replace it with another command,
or  <return>  to continue without it.


! Package inputenc Error: Unicode character ·ªá (U+1EC7)
(inputenc)                not set up for use with LaTeX.

See the inputenc package documentation for explanation.
Type  H <return>  for immediate help.
 ...                                              
                                                  
l.7 ...£ng tr√™n v·ªõi c∆∞·ªùng ƒë·ªô d√≤ng ƒëi·ªá
                                                  n $I$ ch·∫°y trong m·∫°ch ...

You may provide a definition with
\DeclareUnicodeCharacter 


! Package inputenc Error: Unicode character ·∫° (U+1EA1)
(inputenc)                not set up for use with LaTeX.

See the inputenc package documentation for explanation.
Type  H <return>  for immediate help.
 ...                                              
                                                  
l.7 ...·ªõi c∆∞·ªùng ƒë·ªô d√≤ng ƒëi·ªán $I$ ch·∫°
                                                  y trong m·∫°ch l√†:
You may provide a definition with
\DeclareUnicodeCharacter 


! Package inputenc Error: Unicode character ·∫° (U+1EA1)
(inputenc)                not set up for use with LaTeX.

See the inputenc package documentation for explanation.
Type  H <return>  for immediate help.
 ...                                              
                                                  
l.7 ...g ƒë·ªô d√≤ng ƒëi·ªán $I$ ch·∫°y trong m·∫°
                                                  ch l√†:
You may provide a definition with
\DeclareUnicodeCharacter 


! LaTeX Error: Environment mcq undefined.

See the LaTeX manual or LaTeX Companion for explanation.
Type  H <return>  for immediate help.
 ...                                              
                                                  
l.8 		\begin{mcq}
                 (2)
Your command was ignored.
Type  I <command> <return>  to replace it with another command,
or  <return>  to continue without it.


! LaTeX Error: Something's wrong--perhaps a missing \item.

See the LaTeX manual or LaTeX Companion for explanation.
Type  H <return>  for immediate help.
 ...                                              
                                                  
l.9 			\item $
              H=\dfrac{R_\text{N}}{r}$.
Try typing  <return>  to proceed.
If that doesn't work, type  X <return>  to quit.


! LaTeX Error: Something's wrong--perhaps a missing \item.

See the LaTeX manual or LaTeX Companion for explanation.
Type  H <return>  for immediate help.
 ...                                              
                                                  
l.9 			\item $
              H=\dfrac{R_\text{N}}{r}$.
Try typing  <return>  to proceed.
If that doesn't work, type  X <return>  to quit.


! LaTeX Error: Something's wrong--perhaps a missing \item.

See the LaTeX manual or LaTeX Companion for explanation.
Type  H <return>  for immediate help.
 ...                                              
                                                  
l.9 			\item $
              H=\dfrac{R_\text{N}}{r}$.
Try typing  <return>  to proceed.
If that doesn't work, type  X <return>  to quit.

! Undefined control sequence.
l.9 			\item $H=\dfrac
                      {R_\text{N}}{r}$.
The control sequence at the end of the top line
of your error message was never \def'ed. If you have
misspelled it (e.g., `\hobx'), type `I' and the correct
spelling (e.g., `I\hbox'). Otherwise just continue,
and I'll forget about whatever was undefined.

! Undefined control sequence.
l.9 			\item $H=\dfrac{R_\text
                              {N}}{r}$.
The control sequence at the end of the top line
of your error message was never \def'ed. If you have
misspelled it (e.g., `\hobx'), type `I' and the correct
spelling (e.g., `I\hbox'). Otherwise just continue,
and I'll forget about whatever was undefined.


! LaTeX Error: Something's wrong--perhaps a missing \item.

See the LaTeX manual or LaTeX Companion for explanation.
Type  H <return>  for immediate help.
 ...                                              
                                                  
l.10 			\item $
               H=\dfrac{R_\text{N}}{R_\text{N}+r}$.
Try typing  <return>  to proceed.
If that doesn't work, type  X <return>  to quit.


! LaTeX Error: Something's wrong--perhaps a missing \item.

See the LaTeX manual or LaTeX Companion for explanation.
Type  H <return>  for immediate help.
 ...                                              
                                                  
l.10 			\item $
               H=\dfrac{R_\text{N}}{R_\text{N}+r}$.
Try typing  <return>  to proceed.
If that doesn't work, type  X <return>  to quit.


! LaTeX Error: Something's wrong--perhaps a missing \item.

See the LaTeX manual or LaTeX Companion for explanation.
Type  H <return>  for immediate help.
 ...                                              
                                                  
l.10 			\item $
               H=\dfrac{R_\text{N}}{R_\text{N}+r}$.
Try typing  <return>  to proceed.
If that doesn't work, type  X <return>  to quit.

! Undefined control sequence.
l.10 			\item $H=\dfrac
                       {R_\text{N}}{R_\text{N}+r}$.
The control sequence at the end of the top line
of your error message was never \def'ed. If you have
misspelled it (e.g., `\hobx'), type `I' and the correct
spelling (e.g., `I\hbox'). Otherwise just continue,
and I'll forget about whatever was undefined.

! Undefined control sequence.
l.10 			\item $H=\dfrac{R_\text
                               {N}}{R_\text{N}+r}$.
The control sequence at the end of the top line
of your error message was never \def'ed. If you have
misspelled it (e.g., `\hobx'), type `I' and the correct
spelling (e.g., `I\hbox'). Otherwise just continue,
and I'll forget about whatever was undefined.

! Undefined control sequence.
l.10 			\item $H=\dfrac{R_\text{N}}{R_\text
                                           {N}+r}$.
The control sequence at the end of the top line
of your error message was never \def'ed. If you have
misspelled it (e.g., `\hobx'), type `I' and the correct
spelling (e.g., `I\hbox'). Otherwise just continue,
and I'll forget about whatever was undefined.


! LaTeX Error: Something's wrong--perhaps a missing \item.

See the LaTeX manual or LaTeX Companion for explanation.
Type  H <return>  for immediate help.
 ...                                              
                                                  
l.11 			\item $
               H=\dfrac{R_\text{N}+r}{r}$.
Try typing  <return>  to proceed.
If that doesn't work, type  X <return>  to quit.


! LaTeX Error: Something's wrong--perhaps a missing \item.

See the LaTeX manual or LaTeX Companion for explanation.
Type  H <return>  for immediate help.
 ...                                              
                                                  
l.11 			\item $
               H=\dfrac{R_\text{N}+r}{r}$.
Try typing  <return>  to proceed.
If that doesn't work, type  X <return>  to quit.


! LaTeX Error: Something's wrong--perhaps a missing \item.

See the LaTeX manual or LaTeX Companion for explanation.
Type  H <return>  for immediate help.
 ...                                              
                                                  
l.11 			\item $
               H=\dfrac{R_\text{N}+r}{r}$.
Try typing  <return>  to proceed.
If that doesn't work, type  X <return>  to quit.

! Undefined control sequence.
l.11 			\item $H=\dfrac
                       {R_\text{N}+r}{r}$.
The control sequence at the end of the top line
of your error message was never \def'ed. If you have
misspelled it (e.g., `\hobx'), type `I' and the correct
spelling (e.g., `I\hbox'). Otherwise just continue,
and I'll forget about whatever was undefined.

! Undefined control sequence.
l.11 			\item $H=\dfrac{R_\text
                               {N}+r}{r}$.
The control sequence at the end of the top line
of your error message was never \def'ed. If you have
misspelled it (e.g., `\hobx'), type `I' and the correct
spelling (e.g., `I\hbox'). Otherwise just continue,
and I'll forget about whatever was undefined.


! LaTeX Error: Something's wrong--perhaps a missing \item.

See the LaTeX manual or LaTeX Companion for explanation.
Type  H <return>  for immediate help.
 ...                                              
                                                  
l.12 			\item $
               H=\dfrac{r}{R_\text{N}}$.
Try typing  <return>  to proceed.
If that doesn't work, type  X <return>  to quit.


! LaTeX Error: Something's wrong--perhaps a missing \item.

See the LaTeX manual or LaTeX Companion for explanation.
Type  H <return>  for immediate help.
 ...                                              
                                                  
l.12 			\item $
               H=\dfrac{r}{R_\text{N}}$.
Try typing  <return>  to proceed.
If that doesn't work, type  X <return>  to quit.


! LaTeX Error: Something's wrong--perhaps a missing \item.

See the LaTeX manual or LaTeX Companion for explanation.
Type  H <return>  for immediate help.
 ...                                              
                                                  
l.12 			\item $
               H=\dfrac{r}{R_\text{N}}$.
Try typing  <return>  to proceed.
If that doesn't work, type  X <return>  to quit.

! Undefined control sequence.
l.12 			\item $H=\dfrac
                       {r}{R_\text{N}}$.
The control sequence at the end of the top line
of your error message was never \def'ed. If you have
misspelled it (e.g., `\hobx'), type `I' and the correct
spelling (e.g., `I\hbox'). Otherwise just continue,
and I'll forget about whatever was undefined.

! Undefined control sequence.
l.12 			\item $H=\dfrac{r}{R_\text
                                  {N}}$.
The control sequence at the end of the top line
of your error message was never \def'ed. If you have
misspelled it (e.g., `\hobx'), type `I' and the correct
spelling (e.g., `I\hbox'). Otherwise just continue,
and I'll forget about whatever was undefined.


! LaTeX Error: \begin{enumerate} on input line 3 ended by \end{mcq}.

See the LaTeX manual or LaTeX Companion for explanation.
Type  H <return>  for immediate help.
 ...                                              
                                                  
l.13 		\end{mcq}
                
Your command was ignored.
Type  I <command> <return>  to replace it with another command,
or  <return>  to continue without it.

! Undefined control sequence.
l.16 	\hideall
              
The control sequence at the end of the top line
of your error message was never \def'ed. If you have
misspelled it (e.g., `\hobx'), type `I' and the correct
spelling (e.g., `I\hbox'). Otherwise just continue,
and I'll forget about whatever was undefined.


! LaTeX Error: Command \DJ unavailable in encoding OT1.

See the LaTeX manual or LaTeX Companion for explanation.
Type  H <return>  for immediate help.
 ...                                              
                                                  
l.17 	{	\textbf{ƒê√°p √°n: B}
                             
Your command was ignored.
Type  I <command> <return>  to replace it with another command,
or  <return>  to continue without it.


! Package inputenc Error: Unicode character ·ªô (U+1ED9)
(inputenc)                not set up for use with LaTeX.

See the inputenc package documentation for explanation.
Type  H <return>  for immediate help.
 ...                                              
                                                  
l.19 		Trong m·ªô
                 t m·∫°ch ƒëi·ªán k√≠n, n·∫øu m·∫°ch ngo√†i ch·ªâ g·ªìm ƒëi·...

You may provide a definition with
\DeclareUnicodeCharacter 


! Package inputenc Error: Unicode character ·∫° (U+1EA1)
(inputenc)                not set up for use with LaTeX.

See the inputenc package documentation for explanation.
Type  H <return>  for immediate help.
 ...                                              
                                                  
l.19 		Trong m·ªôt m·∫°
                       ch ƒëi·ªán k√≠n, n·∫øu m·∫°ch ngo√†i ch·ªâ g·ªìm ƒëi·...

You may provide a definition with
\DeclareUnicodeCharacter 


! LaTeX Error: Command \dj unavailable in encoding OT1.

See the LaTeX manual or LaTeX Companion for explanation.
Type  H <return>  for immediate help.
 ...                                              
                                                  
l.19 		Trong m·ªôt m·∫°ch ƒë
                            i·ªán k√≠n, n·∫øu m·∫°ch ngo√†i ch·ªâ g·ªìm ƒëi·...

Your command was ignored.
Type  I <command> <return>  to replace it with another command,
or  <return>  to continue without it.


! Package inputenc Error: Unicode character ·ªá (U+1EC7)
(inputenc)                not set up for use with LaTeX.

See the inputenc package documentation for explanation.
Type  H <return>  for immediate help.
 ...                                              
                                                  
l.19 		Trong m·ªôt m·∫°ch ƒëi·ªá
                                n k√≠n, n·∫øu m·∫°ch ngo√†i ch·ªâ g·ªìm ƒëi·...

You may provide a definition with
\DeclareUnicodeCharacter 


! Package inputenc Error: Unicode character ·∫ø (U+1EBF)
(inputenc)                not set up for use with LaTeX.

See the inputenc package documentation for explanation.
Type  H <return>  for immediate help.
 ...                                              
                                                  
l.19 		Trong m·ªôt m·∫°ch ƒëi·ªán k√≠n, n·∫ø
                                            u m·∫°ch ngo√†i ch·ªâ g·ªìm ƒëi·...

You may provide a definition with
\DeclareUnicodeCharacter 


! Package inputenc Error: Unicode character ·∫° (U+1EA1)
(inputenc)                not set up for use with LaTeX.

See the inputenc package documentation for explanation.
Type  H <return>  for immediate help.
 ...                                              
                                                  
l.19 		Trong m·ªôt m·∫°ch ƒëi·ªán k√≠n, n·∫øu m·∫°
                                                  ch ngo√†i ch·ªâ g·ªìm ƒëi·...

You may provide a definition with
\DeclareUnicodeCharacter 


! Package inputenc Error: Unicode character ·ªâ (U+1EC9)
(inputenc)                not set up for use with LaTeX.

See the inputenc package documentation for explanation.
Type  H <return>  for immediate help.
 ...                                              
                                                  
l.19 ...ch ƒëi·ªán k√≠n, n·∫øu m·∫°ch ngo√†i ch·ªâ
                                                   g·ªìm ƒëi·ªán tr·ªü $R_\t...

You may provide a definition with
\DeclareUnicodeCharacter 


! Package inputenc Error: Unicode character ·ªì (U+1ED3)
(inputenc)                not set up for use with LaTeX.

See the inputenc package documentation for explanation.
Type  H <return>  for immediate help.
 ...                                              
                                                  
l.19 ...i·ªán k√≠n, n·∫øu m·∫°ch ngo√†i ch·ªâ g·ªì
                                                  m ƒëi·ªán tr·ªü $R_\text{N...

You may provide a definition with
\DeclareUnicodeCharacter 


! LaTeX Error: Command \dj unavailable in encoding OT1.

See the LaTeX manual or LaTeX Companion for explanation.
Type  H <return>  for immediate help.
 ...                                              
                                                  
l.19 ...n k√≠n, n·∫øu m·∫°ch ngo√†i ch·ªâ g·ªìm ƒë
                                                  i·ªán tr·ªü $R_\text{N}$ t...

Your command was ignored.
Type  I <command> <return>  to replace it with another command,
or  <return>  to continue without it.


! Package inputenc Error: Unicode character ·ªá (U+1EC7)
(inputenc)                not set up for use with LaTeX.

See the inputenc package documentation for explanation.
Type  H <return>  for immediate help.
 ...                                              
                                                  
l.19 ...≠n, n·∫øu m·∫°ch ngo√†i ch·ªâ g·ªìm ƒëi·ªá
                                                  n tr·ªü $R_\text{N}$ th√¨ ...

You may provide a definition with
\DeclareUnicodeCharacter 


! Package inputenc Error: Unicode character ·ªü (U+1EDF)
(inputenc)                not set up for use with LaTeX.

See the inputenc package documentation for explanation.
Type  H <return>  for immediate help.
 ...                                              
                                                  
l.19 ...øu m·∫°ch ngo√†i ch·ªâ g·ªìm ƒëi·ªán tr·ªü
                                                   $R_\text{N}$ th√¨ hi·ªáu ...

You may provide a definition with
\DeclareUnicodeCharacter 

! Undefined control sequence.
l.19 ... ngo√†i ch·ªâ g·ªìm ƒëi·ªán tr·ªü $R_\text
                                                  {N}$ th√¨ hi·ªáu su·∫•t c·...
The control sequence at the end of the top line
of your error message was never \def'ed. If you have
misspelled it (e.g., `\hobx'), type `I' and the correct
spelling (e.g., `I\hbox'). Otherwise just continue,
and I'll forget about whatever was undefined.


! Package inputenc Error: Unicode character ·ªá (U+1EC7)
(inputenc)                not set up for use with LaTeX.

See the inputenc package documentation for explanation.
Type  H <return>  for immediate help.
 ...                                              
                                                  
l.19 ...·ªìm ƒëi·ªán tr·ªü $R_\text{N}$ th√¨ hi·ªá
                                                  u su·∫•t c·ªßa ngu·ªìn ƒëi...

You may provide a definition with
\DeclareUnicodeCharacter 


! Package inputenc Error: Unicode character ·∫• (U+1EA5)
(inputenc)                not set up for use with LaTeX.

See the inputenc package documentation for explanation.
Type  H <return>  for immediate help.
 ...                                              
                                                  
l.19 ...i·ªán tr·ªü $R_\text{N}$ th√¨ hi·ªáu su·∫•
                                                  t c·ªßa ngu·ªìn ƒëi·ªán c√...

You may provide a definition with
\DeclareUnicodeCharacter 


! Package inputenc Error: Unicode character ·ªß (U+1EE7)
(inputenc)                not set up for use with LaTeX.

See the inputenc package documentation for explanation.
Type  H <return>  for immediate help.
 ...                                              
                                                  
l.19 ...tr·ªü $R_\text{N}$ th√¨ hi·ªáu su·∫•t c·ªß
                                                  a ngu·ªìn ƒëi·ªán c√≥ ƒëi·...

You may provide a definition with
\DeclareUnicodeCharacter 


! Package inputenc Error: Unicode character ·ªì (U+1ED3)
(inputenc)                not set up for use with LaTeX.

See the inputenc package documentation for explanation.
Type  H <return>  for immediate help.
 ...                                              
                                                  
l.19 ..._\text{N}$ th√¨ hi·ªáu su·∫•t c·ªßa ngu·ªì
                                                  n ƒëi·ªán c√≥ ƒëi·ªán tr·ª...

You may provide a definition with
\DeclareUnicodeCharacter 


! LaTeX Error: Command \dj unavailable in encoding OT1.

See the LaTeX manual or LaTeX Companion for explanation.
Type  H <return>  for immediate help.
 ...                                              
                                                  
l.19 ...xt{N}$ th√¨ hi·ªáu su·∫•t c·ªßa ngu·ªìn ƒë
                                                  i·ªán c√≥ ƒëi·ªán tr·ªü tr...

Your command was ignored.
Type  I <command> <return>  to replace it with another command,
or  <return>  to continue without it.


! Package inputenc Error: Unicode character ·ªá (U+1EC7)
(inputenc)                not set up for use with LaTeX.

See the inputenc package documentation for explanation.
Type  H <return>  for immediate help.
 ...                                              
                                                  
l.19 ...}$ th√¨ hi·ªáu su·∫•t c·ªßa ngu·ªìn ƒëi·ªá
                                                  n c√≥ ƒëi·ªán tr·ªü trong ...

You may provide a definition with
\DeclareUnicodeCharacter 


! LaTeX Error: Command \dj unavailable in encoding OT1.

See the LaTeX manual or LaTeX Companion for explanation.
Type  H <return>  for immediate help.
 ...                                              
                                                  
l.19 ...hi·ªáu su·∫•t c·ªßa ngu·ªìn ƒëi·ªán c√≥ ƒë
                                                  i·ªán tr·ªü trong $r$: $H=...

Your command was ignored.
Type  I <command> <return>  to replace it with another command,
or  <return>  to continue without it.


! Package inputenc Error: Unicode character ·ªá (U+1EC7)
(inputenc)                not set up for use with LaTeX.

See the inputenc package documentation for explanation.
Type  H <return>  for immediate help.
 ...                                              
                                                  
l.19 ...áu su·∫•t c·ªßa ngu·ªìn ƒëi·ªán c√≥ ƒëi·ªá
                                                  n tr·ªü trong $r$: $H=\dfr...

You may provide a definition with
\DeclareUnicodeCharacter 


! Package inputenc Error: Unicode character ·ªü (U+1EDF)
(inputenc)                not set up for use with LaTeX.

See the inputenc package documentation for explanation.
Type  H <return>  for immediate help.
 ...                                              
                                                  
l.19 ...•t c·ªßa ngu·ªìn ƒëi·ªán c√≥ ƒëi·ªán tr·ªü
                                                   trong $r$: $H=\dfrac{R_\t...

You may provide a definition with
\DeclareUnicodeCharacter 

! Undefined control sequence.
l.19 ...ªán c√≥ ƒëi·ªán tr·ªü trong $r$: $H=\dfrac
                                                  {R_\text{N}}{R_\text{N}+r}$.
The control sequence at the end of the top line
of your error message was never \def'ed. If you have
misspelled it (e.g., `\hobx'), type `I' and the correct
spelling (e.g., `I\hbox'). Otherwise just continue,
and I'll forget about whatever was undefined.

! Undefined control sequence.
l.19 ...ƒëi·ªán tr·ªü trong $r$: $H=\dfrac{R_\text
                                                  {N}}{R_\text{N}+r}$.
The control sequence at the end of the top line
of your error message was never \def'ed. If you have
misspelled it (e.g., `\hobx'), type `I' and the correct
spelling (e.g., `I\hbox'). Otherwise just continue,
and I'll forget about whatever was undefined.

! Undefined control sequence.
l.19 ...ü trong $r$: $H=\dfrac{R_\text{N}}{R_\text
                                                  {N}+r}$.
The control sequence at the end of the top line
of your error message was never \def'ed. If you have
misspelled it (e.g., `\hobx'), type `I' and the correct
spelling (e.g., `I\hbox'). Otherwise just continue,
and I'll forget about whatever was undefined.


! LaTeX Error: Something's wrong--perhaps a missing \item.

See the LaTeX manual or LaTeX Companion for explanation.
Type  H <return>  for immediate help.
 ...                                              
                                                  
l.22 	\item \mkstar
                   {1}
Try typing  <return>  to proceed.
If that doesn't work, type  X <return>  to quit.


! LaTeX Error: Something's wrong--perhaps a missing \item.

See the LaTeX manual or LaTeX Companion for explanation.
Type  H <return>  for immediate help.
 ...                                              
                                                  
l.22 	\item \mkstar
                   {1}
Try typing  <return>  to proceed.
If that doesn't work, type  X <return>  to quit.


! LaTeX Error: Something's wrong--perhaps a missing \item.

See the LaTeX manual or LaTeX Companion for explanation.
Type  H <return>  for immediate help.
 ...                                              
                                                  
l.22 	\item \mkstar
                   {1}
Try typing  <return>  to proceed.
If that doesn't work, type  X <return>  to quit.

! Undefined control sequence.
<recently read> \mkstar 
                        
l.22 	\item \mkstar
                   {1}
The control sequence at the end of the top line
of your error message was never \def'ed. If you have
misspelled it (e.g., `\hobx'), type `I' and the correct
spelling (e.g., `I\hbox'). Otherwise just continue,
and I'll forget about whatever was undefined.


! LaTeX Error: Command \DJ unavailable in encoding OT1.

See the LaTeX manual or LaTeX Companion for explanation.
Type  H <return>  for immediate help.
 ...                                              
                                                  
l.25 	{	ƒê
          ·ªãnh lu·∫≠t √îm ƒë·ªëi v·ªõi to√†n m·∫°ch ƒë∆∞·ª£c ph√°t bi·ªÉu r...

Your command was ignored.
Type  I <command> <return>  to replace it with another command,
or  <return>  to continue without it.


! Package inputenc Error: Unicode character ·ªã (U+1ECB)
(inputenc)                not set up for use with LaTeX.

See the inputenc package documentation for explanation.
Type  H <return>  for immediate help.
 ...                                              
                                                  
l.25 	{	ƒê·ªã
             nh lu·∫≠t √îm ƒë·ªëi v·ªõi to√†n m·∫°ch ƒë∆∞·ª£c ph√°t bi·ªÉu r...

You may provide a definition with
\DeclareUnicodeCharacter 


! Package inputenc Error: Unicode character ·∫≠ (U+1EAD)
(inputenc)                not set up for use with LaTeX.

See the inputenc package documentation for explanation.
Type  H <return>  for immediate help.
 ...                                              
                                                  
l.25 	{	ƒê·ªãnh lu·∫≠
                     t √îm ƒë·ªëi v·ªõi to√†n m·∫°ch ƒë∆∞·ª£c ph√°t bi·ªÉu r...

You may provide a definition with
\DeclareUnicodeCharacter 


! LaTeX Error: Command \dj unavailable in encoding OT1.

See the LaTeX manual or LaTeX Companion for explanation.
Type  H <return>  for immediate help.
 ...                                              
                                                  
l.25 	{	ƒê·ªãnh lu·∫≠t √îm ƒë
                             ·ªëi v·ªõi to√†n m·∫°ch ƒë∆∞·ª£c ph√°t bi·ªÉu r...
(That makes 100 errors; please try again.) 
Here is how much of TeX's memory you used:
 63 strings out of 478927
 893 string characters out of 2853008
 291183 words of memory out of 3000000
 18021 multiletter control sequences out of 15000+600000
 403738 words of font info for 28 fonts, out of 8000000 for 9000
 1141 hyphenation exceptions out of 8191
 18i,3n,12p,321b,164s stack positions out of 5000i,500n,10000p,200000b,80000s

!  ==> Fatal error occurred, no output PDF file produced!
