This is pdfTeX, Version 3.141592653-2.6-1.40.23 (MiKTeX 21.10) (preloaded format=pdflatex 2021.10.18)  11 JUL 2022 20:41
entering extended mode
**./VN10-2022-PH-TP027.tex
(VN10-2022-PH-TP027.tex
LaTeX2e <2021-06-01> patch level 1
L3 programming layer <2021-10-12>

! LaTeX Error: No counter 'section' defined.

See the LaTeX manual or LaTeX Companion for explanation.
Type  H <return>  for immediate help.
 ...                                              
                                                  
l.1 \setcounter{section}{0}
                           
Your command was ignored.
Type  I <command> <return>  to replace it with another command,
or  <return>  to continue without it.

! Undefined control sequence.
l.2 \section
            {Tr·∫Øc nghi·ªám}
The control sequence at the end of the top line
of your error message was never \def'ed. If you have
misspelled it (e.g., `\hobx'), type `I' and the correct
spelling (e.g., `I\hbox'). Otherwise just continue,
and I'll forget about whatever was undefined.


! LaTeX Error: Missing \begin{document}.

See the LaTeX manual or LaTeX Companion for explanation.
Type  H <return>  for immediate help.
 ...                                              
                                                  
l.2 \section{T
              r·∫Øc nghi·ªám}
You're in trouble here.  Try typing  <return>  to proceed.
If that doesn't work, type  X <return>  to quit.

Missing character: There is no T in font nullfont!
Missing character: There is no r in font nullfont!

! Package inputenc Error: Unicode character ·∫Ø (U+1EAF)
(inputenc)                not set up for use with LaTeX.

See the inputenc package documentation for explanation.
Type  H <return>  for immediate help.
 ...                                              
                                                  
l.2 \section{Tr·∫Ø
                  c nghi·ªám}
You may provide a definition with
\DeclareUnicodeCharacter 

Missing character: There is no c in font nullfont!
Missing character: There is no n in font nullfont!
Missing character: There is no g in font nullfont!
Missing character: There is no h in font nullfont!
Missing character: There is no i in font nullfont!

! Package inputenc Error: Unicode character ·ªá (U+1EC7)
(inputenc)                not set up for use with LaTeX.

See the inputenc package documentation for explanation.
Type  H <return>  for immediate help.
 ...                                              
                                                  
l.2 \section{Tr·∫Øc nghi·ªá
                           m}
You may provide a definition with
\DeclareUnicodeCharacter 

Missing character: There is no m in font nullfont!

Overfull \hbox (20.0pt too wide) in paragraph at lines 2--3
[] 
 []


! LaTeX Error: Missing \begin{document}.

See the LaTeX manual or LaTeX Companion for explanation.
Type  H <return>  for immediate help.
 ...                                              
                                                  
l.3 \begin{enumerate}[
                      label=\bfseries C√¢u \arabic*:]
You're in trouble here.  Try typing  <return>  to proceed.
If that doesn't work, type  X <return>  to quit.

Missing character: There is no [ in font nullfont!
Missing character: There is no l in font nullfont!
Missing character: There is no a in font nullfont!
Missing character: There is no b in font nullfont!
Missing character: There is no e in font nullfont!
Missing character: There is no l in font nullfont!
Missing character: There is no = in font nullfont!
! Missing number, treated as zero.
<to be read again> 
                   \c@* 
l.3 ...in{enumerate}[label=\bfseries C√¢u \arabic*
                                                  :]
A number should have been here; I inserted `0'.
(If you can't figure out why I needed to see a number,
look up `weird error' in the index to The TeXbook.)


! LaTeX Error: Something's wrong--perhaps a missing \item.

See the LaTeX manual or LaTeX Companion for explanation.
Type  H <return>  for immediate help.
 ...                                              
                                                  
l.5 	\item \mkstar
                  {1}
Try typing  <return>  to proceed.
If that doesn't work, type  X <return>  to quit.


! LaTeX Error: Something's wrong--perhaps a missing \item.

See the LaTeX manual or LaTeX Companion for explanation.
Type  H <return>  for immediate help.
 ...                                              
                                                  
l.5 	\item \mkstar
                  {1}
Try typing  <return>  to proceed.
If that doesn't work, type  X <return>  to quit.


! LaTeX Error: Something's wrong--perhaps a missing \item.

See the LaTeX manual or LaTeX Companion for explanation.
Type  H <return>  for immediate help.
 ...                                              
                                                  
l.5 	\item \mkstar
                  {1}
Try typing  <return>  to proceed.
If that doesn't work, type  X <return>  to quit.

! Undefined control sequence.
<recently read> \mkstar 
                        
l.5 	\item \mkstar
                  {1}
The control sequence at the end of the top line
of your error message was never \def'ed. If you have
misspelled it (e.g., `\hobx'), type `I' and the correct
spelling (e.g., `I\hbox'). Otherwise just continue,
and I'll forget about whatever was undefined.


! Package inputenc Error: Unicode character ·∫• (U+1EA5)
(inputenc)                not set up for use with LaTeX.

See the inputenc package documentation for explanation.
Type  H <return>  for immediate help.
 ...                                              
                                                  
l.9 		C√¥ng su·∫•
                 t ƒë∆∞·ª£c x√°c ƒë·ªãnh b·∫±ng
You may provide a definition with
\DeclareUnicodeCharacter 


! LaTeX Error: Command \dj unavailable in encoding OT1.

See the LaTeX manual or LaTeX Companion for explanation.
Type  H <return>  for immediate help.
 ...                                              
                                                  
l.9 		C√¥ng su·∫•t ƒë
                     ∆∞·ª£c x√°c ƒë·ªãnh b·∫±ng
Your command was ignored.
Type  I <command> <return>  to replace it with another command,
or  <return>  to continue without it.


! Package inputenc Error: Unicode character ∆∞ (U+01B0)
(inputenc)                not set up for use with LaTeX.

See the inputenc package documentation for explanation.
Type  H <return>  for immediate help.
 ...                                              
                                                  
l.9 		C√¥ng su·∫•t ƒë∆∞
                       ·ª£c x√°c ƒë·ªãnh b·∫±ng
You may provide a definition with
\DeclareUnicodeCharacter 


! Package inputenc Error: Unicode character ·ª£ (U+1EE3)
(inputenc)                not set up for use with LaTeX.

See the inputenc package documentation for explanation.
Type  H <return>  for immediate help.
 ...                                              
                                                  
l.9 		C√¥ng su·∫•t ƒë∆∞·ª£
                          c x√°c ƒë·ªãnh b·∫±ng
You may provide a definition with
\DeclareUnicodeCharacter 


! LaTeX Error: Command \dj unavailable in encoding OT1.

See the LaTeX manual or LaTeX Companion for explanation.
Type  H <return>  for immediate help.
 ...                                              
                                                  
l.9 		C√¥ng su·∫•t ƒë∆∞·ª£c x√°c ƒë
                                   ·ªãnh b·∫±ng
Your command was ignored.
Type  I <command> <return>  to replace it with another command,
or  <return>  to continue without it.


! Package inputenc Error: Unicode character ·ªã (U+1ECB)
(inputenc)                not set up for use with LaTeX.

See the inputenc package documentation for explanation.
Type  H <return>  for immediate help.
 ...                                              
                                                  
l.9 		C√¥ng su·∫•t ƒë∆∞·ª£c x√°c ƒë·ªã
                                      nh b·∫±ng
You may provide a definition with
\DeclareUnicodeCharacter 


! Package inputenc Error: Unicode character ·∫± (U+1EB1)
(inputenc)                not set up for use with LaTeX.

See the inputenc package documentation for explanation.
Type  H <return>  for immediate help.
 ...                                              
                                                  
l.9 		C√¥ng su·∫•t ƒë∆∞·ª£c x√°c ƒë·ªãnh b·∫±
                                             ng
You may provide a definition with
\DeclareUnicodeCharacter 


! LaTeX Error: Environment mcq undefined.

See the LaTeX manual or LaTeX Companion for explanation.
Type  H <return>  for immediate help.
 ...                                              
                                                  
l.10 		\begin{mcq}
                  
Your command was ignored.
Type  I <command> <return>  to replace it with another command,
or  <return>  to continue without it.


! LaTeX Error: Something's wrong--perhaps a missing \item.

See the LaTeX manual or LaTeX Companion for explanation.
Type  H <return>  for immediate help.
 ...                                              
                                                  
l.11 			\item g
               i√° tr·ªã c√¥ng th·ª±c hi·ªán ƒë∆∞·ª£c.
Try typing  <return>  to proceed.
If that doesn't work, type  X <return>  to quit.


! LaTeX Error: Something's wrong--perhaps a missing \item.

See the LaTeX manual or LaTeX Companion for explanation.
Type  H <return>  for immediate help.
 ...                                              
                                                  
l.11 			\item g
               i√° tr·ªã c√¥ng th·ª±c hi·ªán ƒë∆∞·ª£c.
Try typing  <return>  to proceed.
If that doesn't work, type  X <return>  to quit.


! LaTeX Error: Something's wrong--perhaps a missing \item.

See the LaTeX manual or LaTeX Companion for explanation.
Type  H <return>  for immediate help.
 ...                                              
                                                  
l.11 			\item g
               i√° tr·ªã c√¥ng th·ª±c hi·ªán ƒë∆∞·ª£c.
Try typing  <return>  to proceed.
If that doesn't work, type  X <return>  to quit.


! Package inputenc Error: Unicode character ·ªã (U+1ECB)
(inputenc)                not set up for use with LaTeX.

See the inputenc package documentation for explanation.
Type  H <return>  for immediate help.
 ...                                              
                                                  
l.11 			\item gi√° tr·ªã
                         c√¥ng th·ª±c hi·ªán ƒë∆∞·ª£c.
You may provide a definition with
\DeclareUnicodeCharacter 


! Package inputenc Error: Unicode character ·ª± (U+1EF1)
(inputenc)                not set up for use with LaTeX.

See the inputenc package documentation for explanation.
Type  H <return>  for immediate help.
 ...                                              
                                                  
l.11 			\item gi√° tr·ªã c√¥ng th·ª±
                                    c hi·ªán ƒë∆∞·ª£c.
You may provide a definition with
\DeclareUnicodeCharacter 


! Package inputenc Error: Unicode character ·ªá (U+1EC7)
(inputenc)                not set up for use with LaTeX.

See the inputenc package documentation for explanation.
Type  H <return>  for immediate help.
 ...                                              
                                                  
l.11 			\item gi√° tr·ªã c√¥ng th·ª±c hi·ªá
                                           n ƒë∆∞·ª£c.
You may provide a definition with
\DeclareUnicodeCharacter 


! LaTeX Error: Command \dj unavailable in encoding OT1.

See the LaTeX manual or LaTeX Companion for explanation.
Type  H <return>  for immediate help.
 ...                                              
                                                  
l.11 			\item gi√° tr·ªã c√¥ng th·ª±c hi·ªán ƒë
                                               ∆∞·ª£c.
Your command was ignored.
Type  I <command> <return>  to replace it with another command,
or  <return>  to continue without it.


! Package inputenc Error: Unicode character ∆∞ (U+01B0)
(inputenc)                not set up for use with LaTeX.

See the inputenc package documentation for explanation.
Type  H <return>  for immediate help.
 ...                                              
                                                  
l.11 			\item gi√° tr·ªã c√¥ng th·ª±c hi·ªán ƒë∆∞
                                                 ·ª£c.
You may provide a definition with
\DeclareUnicodeCharacter 


! Package inputenc Error: Unicode character ·ª£ (U+1EE3)
(inputenc)                not set up for use with LaTeX.

See the inputenc package documentation for explanation.
Type  H <return>  for immediate help.
 ...                                              
                                                  
l.11 ...tem gi√° tr·ªã c√¥ng th·ª±c hi·ªán ƒë∆∞·ª£
                                                  c.
You may provide a definition with
\DeclareUnicodeCharacter 


! LaTeX Error: Something's wrong--perhaps a missing \item.

See the LaTeX manual or LaTeX Companion for explanation.
Type  H <return>  for immediate help.
 ...                                              
                                                  
l.12 			\item t
               √≠ch c·ªßa c√¥ng v√† th·ªùi gian th·ª±c hi·ªán c√¥ng.
Try typing  <return>  to proceed.
If that doesn't work, type  X <return>  to quit.


! LaTeX Error: Something's wrong--perhaps a missing \item.

See the LaTeX manual or LaTeX Companion for explanation.
Type  H <return>  for immediate help.
 ...                                              
                                                  
l.12 			\item t
               √≠ch c·ªßa c√¥ng v√† th·ªùi gian th·ª±c hi·ªán c√¥ng.
Try typing  <return>  to proceed.
If that doesn't work, type  X <return>  to quit.


! LaTeX Error: Something's wrong--perhaps a missing \item.

See the LaTeX manual or LaTeX Companion for explanation.
Type  H <return>  for immediate help.
 ...                                              
                                                  
l.12 			\item t
               √≠ch c·ªßa c√¥ng v√† th·ªùi gian th·ª±c hi·ªán c√¥ng.
Try typing  <return>  to proceed.
If that doesn't work, type  X <return>  to quit.


! Package inputenc Error: Unicode character ·ªß (U+1EE7)
(inputenc)                not set up for use with LaTeX.

See the inputenc package documentation for explanation.
Type  H <return>  for immediate help.
 ...                                              
                                                  
l.12 			\item t√≠ch c·ªß
                        a c√¥ng v√† th·ªùi gian th·ª±c hi·ªán c√¥ng.
You may provide a definition with
\DeclareUnicodeCharacter 


! Package inputenc Error: Unicode character ·ªù (U+1EDD)
(inputenc)                not set up for use with LaTeX.

See the inputenc package documentation for explanation.
Type  H <return>  for immediate help.
 ...                                              
                                                  
l.12 			\item t√≠ch c·ªßa c√¥ng v√† th·ªù
                                         i gian th·ª±c hi·ªán c√¥ng.
You may provide a definition with
\DeclareUnicodeCharacter 


! Package inputenc Error: Unicode character ·ª± (U+1EF1)
(inputenc)                not set up for use with LaTeX.

See the inputenc package documentation for explanation.
Type  H <return>  for immediate help.
 ...                                              
                                                  
l.12 ...em t√≠ch c·ªßa c√¥ng v√† th·ªùi gian th·ª±
                                                  c hi·ªán c√¥ng.
You may provide a definition with
\DeclareUnicodeCharacter 


! Package inputenc Error: Unicode character ·ªá (U+1EC7)
(inputenc)                not set up for use with LaTeX.

See the inputenc package documentation for explanation.
Type  H <return>  for immediate help.
 ...                                              
                                                  
l.12 ...h c·ªßa c√¥ng v√† th·ªùi gian th·ª±c hi·ªá
                                                  n c√¥ng.
You may provide a definition with
\DeclareUnicodeCharacter 


! LaTeX Error: Something's wrong--perhaps a missing \item.

See the LaTeX manual or LaTeX Companion for explanation.
Type  H <return>  for immediate help.
 ...                                              
                                                  
l.13 			\item c
               √¥ng th·ª±c hi·ªán ƒë∆∞·ª£c tr√™n m·ªôt ƒë∆°n v·ªã chi·ªÅu d√†i.

Try typing  <return>  to proceed.
If that doesn't work, type  X <return>  to quit.


! LaTeX Error: Something's wrong--perhaps a missing \item.

See the LaTeX manual or LaTeX Companion for explanation.
Type  H <return>  for immediate help.
 ...                                              
                                                  
l.13 			\item c
               √¥ng th·ª±c hi·ªán ƒë∆∞·ª£c tr√™n m·ªôt ƒë∆°n v·ªã chi·ªÅu d√†i.

Try typing  <return>  to proceed.
If that doesn't work, type  X <return>  to quit.


! LaTeX Error: Something's wrong--perhaps a missing \item.

See the LaTeX manual or LaTeX Companion for explanation.
Type  H <return>  for immediate help.
 ...                                              
                                                  
l.13 			\item c
               √¥ng th·ª±c hi·ªán ƒë∆∞·ª£c tr√™n m·ªôt ƒë∆°n v·ªã chi·ªÅu d√†i.

Try typing  <return>  to proceed.
If that doesn't work, type  X <return>  to quit.


! Package inputenc Error: Unicode character ·ª± (U+1EF1)
(inputenc)                not set up for use with LaTeX.

See the inputenc package documentation for explanation.
Type  H <return>  for immediate help.
 ...                                              
                                                  
l.13 			\item c√¥ng th·ª±
                         c hi·ªán ƒë∆∞·ª£c tr√™n m·ªôt ƒë∆°n v·ªã chi·ªÅu d√†i.

You may provide a definition with
\DeclareUnicodeCharacter 


! Package inputenc Error: Unicode character ·ªá (U+1EC7)
(inputenc)                not set up for use with LaTeX.

See the inputenc package documentation for explanation.
Type  H <return>  for immediate help.
 ...                                              
                                                  
l.13 			\item c√¥ng th·ª±c hi·ªá
                                n ƒë∆∞·ª£c tr√™n m·ªôt ƒë∆°n v·ªã chi·ªÅu d√†i.

You may provide a definition with
\DeclareUnicodeCharacter 


! LaTeX Error: Command \dj unavailable in encoding OT1.

See the LaTeX manual or LaTeX Companion for explanation.
Type  H <return>  for immediate help.
 ...                                              
                                                  
l.13 			\item c√¥ng th·ª±c hi·ªán ƒë
                                    ∆∞·ª£c tr√™n m·ªôt ƒë∆°n v·ªã chi·ªÅu d√†i.

Your command was ignored.
Type  I <command> <return>  to replace it with another command,
or  <return>  to continue without it.


! Package inputenc Error: Unicode character ∆∞ (U+01B0)
(inputenc)                not set up for use with LaTeX.

See the inputenc package documentation for explanation.
Type  H <return>  for immediate help.
 ...                                              
                                                  
l.13 			\item c√¥ng th·ª±c hi·ªán ƒë∆∞
                                      ·ª£c tr√™n m·ªôt ƒë∆°n v·ªã chi·ªÅu d√†i.

You may provide a definition with
\DeclareUnicodeCharacter 


! Package inputenc Error: Unicode character ·ª£ (U+1EE3)
(inputenc)                not set up for use with LaTeX.

See the inputenc package documentation for explanation.
Type  H <return>  for immediate help.
 ...                                              
                                                  
l.13 			\item c√¥ng th·ª±c hi·ªán ƒë∆∞·ª£
                                         c tr√™n m·ªôt ƒë∆°n v·ªã chi·ªÅu d√†i.

You may provide a definition with
\DeclareUnicodeCharacter 


! Package inputenc Error: Unicode character ·ªô (U+1ED9)
(inputenc)                not set up for use with LaTeX.

See the inputenc package documentation for explanation.
Type  H <return>  for immediate help.
 ...                                              
                                                  
l.13 ...em c√¥ng th·ª±c hi·ªán ƒë∆∞·ª£c tr√™n m·ªô
                                                  t ƒë∆°n v·ªã chi·ªÅu d√†i.
You may provide a definition with
\DeclareUnicodeCharacter 


! LaTeX Error: Command \dj unavailable in encoding OT1.

See the LaTeX manual or LaTeX Companion for explanation.
Type  H <return>  for immediate help.
 ...                                              
                                                  
l.13 ...√¥ng th·ª±c hi·ªán ƒë∆∞·ª£c tr√™n m·ªôt ƒë
                                                  ∆°n v·ªã chi·ªÅu d√†i.
Your command was ignored.
Type  I <command> <return>  to replace it with another command,
or  <return>  to continue without it.


! Package inputenc Error: Unicode character ∆° (U+01A1)
(inputenc)                not set up for use with LaTeX.

See the inputenc package documentation for explanation.
Type  H <return>  for immediate help.
 ...                                              
                                                  
l.13 ...ng th·ª±c hi·ªán ƒë∆∞·ª£c tr√™n m·ªôt ƒë∆°
                                                  n v·ªã chi·ªÅu d√†i.
You may provide a definition with
\DeclareUnicodeCharacter 


! Package inputenc Error: Unicode character ·ªã (U+1ECB)
(inputenc)                not set up for use with LaTeX.

See the inputenc package documentation for explanation.
Type  H <return>  for immediate help.
 ...                                              
                                                  
l.13 ...ª±c hi·ªán ƒë∆∞·ª£c tr√™n m·ªôt ƒë∆°n v·ªã
                                                   chi·ªÅu d√†i.
You may provide a definition with
\DeclareUnicodeCharacter 


! Package inputenc Error: Unicode character ·ªÅ (U+1EC1)
(inputenc)                not set up for use with LaTeX.

See the inputenc package documentation for explanation.
Type  H <return>  for immediate help.
 ...                                              
                                                  
l.13 ...ªán ƒë∆∞·ª£c tr√™n m·ªôt ƒë∆°n v·ªã chi·ªÅ
                                                  u d√†i.
You may provide a definition with
\DeclareUnicodeCharacter 


! LaTeX Error: Something's wrong--perhaps a missing \item.

See the LaTeX manual or LaTeX Companion for explanation.
Type  H <return>  for immediate help.
 ...                                              
                                                  
l.14 			\item c
               √¥ng th·ª±c hi·ªán ƒë∆∞·ª£c trong m·ªôt ƒë∆°n v·ªã th·ªùi gian.
Try typing  <return>  to proceed.
If that doesn't work, type  X <return>  to quit.


! LaTeX Error: Something's wrong--perhaps a missing \item.

See the LaTeX manual or LaTeX Companion for explanation.
Type  H <return>  for immediate help.
 ...                                              
                                                  
l.14 			\item c
               √¥ng th·ª±c hi·ªán ƒë∆∞·ª£c trong m·ªôt ƒë∆°n v·ªã th·ªùi gian.
Try typing  <return>  to proceed.
If that doesn't work, type  X <return>  to quit.


! LaTeX Error: Something's wrong--perhaps a missing \item.

See the LaTeX manual or LaTeX Companion for explanation.
Type  H <return>  for immediate help.
 ...                                              
                                                  
l.14 			\item c
               √¥ng th·ª±c hi·ªán ƒë∆∞·ª£c trong m·ªôt ƒë∆°n v·ªã th·ªùi gian.
Try typing  <return>  to proceed.
If that doesn't work, type  X <return>  to quit.


! Package inputenc Error: Unicode character ·ª± (U+1EF1)
(inputenc)                not set up for use with LaTeX.

See the inputenc package documentation for explanation.
Type  H <return>  for immediate help.
 ...                                              
                                                  
l.14 			\item c√¥ng th·ª±
                         c hi·ªán ƒë∆∞·ª£c trong m·ªôt ƒë∆°n v·ªã th·ªùi gian.
You may provide a definition with
\DeclareUnicodeCharacter 


! Package inputenc Error: Unicode character ·ªá (U+1EC7)
(inputenc)                not set up for use with LaTeX.

See the inputenc package documentation for explanation.
Type  H <return>  for immediate help.
 ...                                              
                                                  
l.14 			\item c√¥ng th·ª±c hi·ªá
                                n ƒë∆∞·ª£c trong m·ªôt ƒë∆°n v·ªã th·ªùi gian.
You may provide a definition with
\DeclareUnicodeCharacter 


! LaTeX Error: Command \dj unavailable in encoding OT1.

See the LaTeX manual or LaTeX Companion for explanation.
Type  H <return>  for immediate help.
 ...                                              
                                                  
l.14 			\item c√¥ng th·ª±c hi·ªán ƒë
                                    ∆∞·ª£c trong m·ªôt ƒë∆°n v·ªã th·ªùi gian.
Your command was ignored.
Type  I <command> <return>  to replace it with another command,
or  <return>  to continue without it.


! Package inputenc Error: Unicode character ∆∞ (U+01B0)
(inputenc)                not set up for use with LaTeX.

See the inputenc package documentation for explanation.
Type  H <return>  for immediate help.
 ...                                              
                                                  
l.14 			\item c√¥ng th·ª±c hi·ªán ƒë∆∞
                                      ·ª£c trong m·ªôt ƒë∆°n v·ªã th·ªùi gian.
You may provide a definition with
\DeclareUnicodeCharacter 


! Package inputenc Error: Unicode character ·ª£ (U+1EE3)
(inputenc)                not set up for use with LaTeX.

See the inputenc package documentation for explanation.
Type  H <return>  for immediate help.
 ...                                              
                                                  
l.14 			\item c√¥ng th·ª±c hi·ªán ƒë∆∞·ª£
                                         c trong m·ªôt ƒë∆°n v·ªã th·ªùi gian.
You may provide a definition with
\DeclareUnicodeCharacter 


! Package inputenc Error: Unicode character ·ªô (U+1ED9)
(inputenc)                not set up for use with LaTeX.

See the inputenc package documentation for explanation.
Type  H <return>  for immediate help.
 ...                                              
                                                  
l.14 ...em c√¥ng th·ª±c hi·ªán ƒë∆∞·ª£c trong m·ªô
                                                  t ƒë∆°n v·ªã th·ªùi gian.
You may provide a definition with
\DeclareUnicodeCharacter 


! LaTeX Error: Command \dj unavailable in encoding OT1.

See the LaTeX manual or LaTeX Companion for explanation.
Type  H <return>  for immediate help.
 ...                                              
                                                  
l.14 ...√¥ng th·ª±c hi·ªán ƒë∆∞·ª£c trong m·ªôt ƒë
                                                  ∆°n v·ªã th·ªùi gian.
Your command was ignored.
Type  I <command> <return>  to replace it with another command,
or  <return>  to continue without it.


! Package inputenc Error: Unicode character ∆° (U+01A1)
(inputenc)                not set up for use with LaTeX.

See the inputenc package documentation for explanation.
Type  H <return>  for immediate help.
 ...                                              
                                                  
l.14 ...ng th·ª±c hi·ªán ƒë∆∞·ª£c trong m·ªôt ƒë∆°
                                                  n v·ªã th·ªùi gian.
You may provide a definition with
\DeclareUnicodeCharacter 


! Package inputenc Error: Unicode character ·ªã (U+1ECB)
(inputenc)                not set up for use with LaTeX.

See the inputenc package documentation for explanation.
Type  H <return>  for immediate help.
 ...                                              
                                                  
l.14 ...ª±c hi·ªán ƒë∆∞·ª£c trong m·ªôt ƒë∆°n v·ªã
                                                   th·ªùi gian.
You may provide a definition with
\DeclareUnicodeCharacter 


! Package inputenc Error: Unicode character ·ªù (U+1EDD)
(inputenc)                not set up for use with LaTeX.

See the inputenc package documentation for explanation.
Type  H <return>  for immediate help.
 ...                                              
                                                  
l.14 ...·ªán ƒë∆∞·ª£c trong m·ªôt ƒë∆°n v·ªã th·ªù
                                                  i gian.
You may provide a definition with
\DeclareUnicodeCharacter 


! LaTeX Error: \begin{enumerate} on input line 3 ended by \end{mcq}.

See the LaTeX manual or LaTeX Companion for explanation.
Type  H <return>  for immediate help.
 ...                                              
                                                  
l.15 		\end{mcq}
                
Your command was ignored.
Type  I <command> <return>  to replace it with another command,
or  <return>  to continue without it.

! Undefined control sequence.
l.18 	\hideall
              
The control sequence at the end of the top line
of your error message was never \def'ed. If you have
misspelled it (e.g., `\hobx'), type `I' and the correct
spelling (e.g., `I\hbox'). Otherwise just continue,
and I'll forget about whatever was undefined.


! LaTeX Error: Command \DJ unavailable in encoding OT1.

See the LaTeX manual or LaTeX Companion for explanation.
Type  H <return>  for immediate help.
 ...                                              
                                                  
l.20 		\textbf{ƒê√°p √°n: D.}
                             
Your command was ignored.
Type  I <command> <return>  to replace it with another command,
or  <return>  to continue without it.


! Package inputenc Error: Unicode character ·∫• (U+1EA5)
(inputenc)                not set up for use with LaTeX.

See the inputenc package documentation for explanation.
Type  H <return>  for immediate help.
 ...                                              
                                                  
l.22 		C√¥ng su·∫•
                  t ƒë∆∞·ª£c x√°c ƒë·ªãnh b·∫±ng c√¥ng th·ª±c hi·ªán ƒë∆∞·ª£...

You may provide a definition with
\DeclareUnicodeCharacter 


! LaTeX Error: Command \dj unavailable in encoding OT1.

See the LaTeX manual or LaTeX Companion for explanation.
Type  H <return>  for immediate help.
 ...                                              
                                                  
l.22 		C√¥ng su·∫•t ƒë
                      ∆∞·ª£c x√°c ƒë·ªãnh b·∫±ng c√¥ng th·ª±c hi·ªán ƒë∆∞·ª£...

Your command was ignored.
Type  I <command> <return>  to replace it with another command,
or  <return>  to continue without it.


! Package inputenc Error: Unicode character ∆∞ (U+01B0)
(inputenc)                not set up for use with LaTeX.

See the inputenc package documentation for explanation.
Type  H <return>  for immediate help.
 ...                                              
                                                  
l.22 		C√¥ng su·∫•t ƒë∆∞
                        ·ª£c x√°c ƒë·ªãnh b·∫±ng c√¥ng th·ª±c hi·ªán ƒë∆∞·ª£...

You may provide a definition with
\DeclareUnicodeCharacter 


! Package inputenc Error: Unicode character ·ª£ (U+1EE3)
(inputenc)                not set up for use with LaTeX.

See the inputenc package documentation for explanation.
Type  H <return>  for immediate help.
 ...                                              
                                                  
l.22 		C√¥ng su·∫•t ƒë∆∞·ª£
                           c x√°c ƒë·ªãnh b·∫±ng c√¥ng th·ª±c hi·ªán ƒë∆∞·ª£...

You may provide a definition with
\DeclareUnicodeCharacter 


! LaTeX Error: Command \dj unavailable in encoding OT1.

See the LaTeX manual or LaTeX Companion for explanation.
Type  H <return>  for immediate help.
 ...                                              
                                                  
l.22 		C√¥ng su·∫•t ƒë∆∞·ª£c x√°c ƒë
                                    ·ªãnh b·∫±ng c√¥ng th·ª±c hi·ªán ƒë∆∞·ª£...

Your command was ignored.
Type  I <command> <return>  to replace it with another command,
or  <return>  to continue without it.


! Package inputenc Error: Unicode character ·ªã (U+1ECB)
(inputenc)                not set up for use with LaTeX.

See the inputenc package documentation for explanation.
Type  H <return>  for immediate help.
 ...                                              
                                                  
l.22 		C√¥ng su·∫•t ƒë∆∞·ª£c x√°c ƒë·ªã
                                       nh b·∫±ng c√¥ng th·ª±c hi·ªán ƒë∆∞·ª£...

You may provide a definition with
\DeclareUnicodeCharacter 


! Package inputenc Error: Unicode character ·∫± (U+1EB1)
(inputenc)                not set up for use with LaTeX.

See the inputenc package documentation for explanation.
Type  H <return>  for immediate help.
 ...                                              
                                                  
l.22 		C√¥ng su·∫•t ƒë∆∞·ª£c x√°c ƒë·ªãnh b·∫±
                                              ng c√¥ng th·ª±c hi·ªán ƒë∆∞·ª£...

You may provide a definition with
\DeclareUnicodeCharacter 


! Package inputenc Error: Unicode character ·ª± (U+1EF1)
(inputenc)                not set up for use with LaTeX.

See the inputenc package documentation for explanation.
Type  H <return>  for immediate help.
 ...                                              
                                                  
l.22 ...t ƒë∆∞·ª£c x√°c ƒë·ªãnh b·∫±ng c√¥ng th·ª±
                                                  c hi·ªán ƒë∆∞·ª£c trong m·...

You may provide a definition with
\DeclareUnicodeCharacter 


! Package inputenc Error: Unicode character ·ªá (U+1EC7)
(inputenc)                not set up for use with LaTeX.

See the inputenc package documentation for explanation.
Type  H <return>  for immediate help.
 ...                                              
                                                  
l.22 ...ª£c x√°c ƒë·ªãnh b·∫±ng c√¥ng th·ª±c hi·ªá
                                                  n ƒë∆∞·ª£c trong m·ªôt ƒë∆...

You may provide a definition with
\DeclareUnicodeCharacter 


! LaTeX Error: Command \dj unavailable in encoding OT1.

See the LaTeX manual or LaTeX Companion for explanation.
Type  H <return>  for immediate help.
 ...                                              
                                                  
l.22 ...x√°c ƒë·ªãnh b·∫±ng c√¥ng th·ª±c hi·ªán ƒë
                                                  ∆∞·ª£c trong m·ªôt ƒë∆°n v...

Your command was ignored.
Type  I <command> <return>  to replace it with another command,
or  <return>  to continue without it.


! Package inputenc Error: Unicode character ∆∞ (U+01B0)
(inputenc)                not set up for use with LaTeX.

See the inputenc package documentation for explanation.
Type  H <return>  for immediate help.
 ...                                              
                                                  
l.22 ...°c ƒë·ªãnh b·∫±ng c√¥ng th·ª±c hi·ªán ƒë∆∞
                                                  ·ª£c trong m·ªôt ƒë∆°n v·ª...

You may provide a definition with
\DeclareUnicodeCharacter 


! Package inputenc Error: Unicode character ·ª£ (U+1EE3)
(inputenc)                not set up for use with LaTeX.

See the inputenc package documentation for explanation.
Type  H <return>  for immediate help.
 ...                                              
                                                  
l.22 ...ƒë·ªãnh b·∫±ng c√¥ng th·ª±c hi·ªán ƒë∆∞·ª£
                                                  c trong m·ªôt ƒë∆°n v·ªã t...

You may provide a definition with
\DeclareUnicodeCharacter 


! Package inputenc Error: Unicode character ·ªô (U+1ED9)
(inputenc)                not set up for use with LaTeX.

See the inputenc package documentation for explanation.
Type  H <return>  for immediate help.
 ...                                              
                                                  
l.22 ...ng c√¥ng th·ª±c hi·ªán ƒë∆∞·ª£c trong m·ªô
                                                  t ƒë∆°n v·ªã th·ªùi gian.
You may provide a definition with
\DeclareUnicodeCharacter 


! LaTeX Error: Command \dj unavailable in encoding OT1.

See the LaTeX manual or LaTeX Companion for explanation.
Type  H <return>  for immediate help.
 ...                                              
                                                  
l.22 ...√¥ng th·ª±c hi·ªán ƒë∆∞·ª£c trong m·ªôt ƒë
                                                  ∆°n v·ªã th·ªùi gian.
Your command was ignored.
Type  I <command> <return>  to replace it with another command,
or  <return>  to continue without it.


! Package inputenc Error: Unicode character ∆° (U+01A1)
(inputenc)                not set up for use with LaTeX.

See the inputenc package documentation for explanation.
Type  H <return>  for immediate help.
 ...                                              
                                                  
l.22 ...ng th·ª±c hi·ªán ƒë∆∞·ª£c trong m·ªôt ƒë∆°
                                                  n v·ªã th·ªùi gian.
You may provide a definition with
\DeclareUnicodeCharacter 


! Package inputenc Error: Unicode character ·ªã (U+1ECB)
(inputenc)                not set up for use with LaTeX.

See the inputenc package documentation for explanation.
Type  H <return>  for immediate help.
 ...                                              
                                                  
l.22 ...ª±c hi·ªán ƒë∆∞·ª£c trong m·ªôt ƒë∆°n v·ªã
                                                   th·ªùi gian.
You may provide a definition with
\DeclareUnicodeCharacter 


! Package inputenc Error: Unicode character ·ªù (U+1EDD)
(inputenc)                not set up for use with LaTeX.

See the inputenc package documentation for explanation.
Type  H <return>  for immediate help.
 ...                                              
                                                  
l.22 ...·ªán ƒë∆∞·ª£c trong m·ªôt ƒë∆°n v·ªã th·ªù
                                                  i gian.
You may provide a definition with
\DeclareUnicodeCharacter 


! LaTeX Error: Something's wrong--perhaps a missing \item.

See the LaTeX manual or LaTeX Companion for explanation.
Type  H <return>  for immediate help.
 ...                                              
                                                  
l.24 	\item \mkstar
                   {1}
Try typing  <return>  to proceed.
If that doesn't work, type  X <return>  to quit.


! LaTeX Error: Something's wrong--perhaps a missing \item.

See the LaTeX manual or LaTeX Companion for explanation.
Type  H <return>  for immediate help.
 ...                                              
                                                  
l.24 	\item \mkstar
                   {1}
Try typing  <return>  to proceed.
If that doesn't work, type  X <return>  to quit.


! LaTeX Error: Something's wrong--perhaps a missing \item.

See the LaTeX manual or LaTeX Companion for explanation.
Type  H <return>  for immediate help.
 ...                                              
                                                  
l.24 	\item \mkstar
                   {1}
Try typing  <return>  to proceed.
If that doesn't work, type  X <return>  to quit.

! Undefined control sequence.
<recently read> \mkstar 
                        
l.24 	\item \mkstar
                   {1}
The control sequence at the end of the top line
of your error message was never \def'ed. If you have
misspelled it (e.g., `\hobx'), type `I' and the correct
spelling (e.g., `I\hbox'). Otherwise just continue,
and I'll forget about whatever was undefined.


! LaTeX Error: Command \DJ unavailable in encoding OT1.

See the LaTeX manual or LaTeX Companion for explanation.
Type  H <return>  for immediate help.
 ...                                              
                                                  
l.28 		ƒê
         ∆°n v·ªã n√†o sau ƒë√¢y \textbf{kh√¥ng} ph·∫£i l√† ƒë∆°n v·ªã c·ªßa...

Your command was ignored.
Type  I <command> <return>  to replace it with another command,
or  <return>  to continue without it.


! Package inputenc Error: Unicode character ∆° (U+01A1)
(inputenc)                not set up for use with LaTeX.

See the inputenc package documentation for explanation.
Type  H <return>  for immediate help.
 ...                                              
                                                  
l.28 		ƒê∆°
           n v·ªã n√†o sau ƒë√¢y \textbf{kh√¥ng} ph·∫£i l√† ƒë∆°n v·ªã c·ªßa...

You may provide a definition with
\DeclareUnicodeCharacter 


! Package inputenc Error: Unicode character ·ªã (U+1ECB)
(inputenc)                not set up for use with LaTeX.

See the inputenc package documentation for explanation.
Type  H <return>  for immediate help.
 ...                                              
                                                  
l.28 		ƒê∆°n v·ªã
                  n√†o sau ƒë√¢y \textbf{kh√¥ng} ph·∫£i l√† ƒë∆°n v·ªã c·ªßa...

You may provide a definition with
\DeclareUnicodeCharacter 


! LaTeX Error: Command \dj unavailable in encoding OT1.

See the LaTeX manual or LaTeX Companion for explanation.
Type  H <return>  for immediate help.
 ...                                              
                                                  
l.28 		ƒê∆°n v·ªã n√†o sau ƒë
                             √¢y \textbf{kh√¥ng} ph·∫£i l√† ƒë∆°n v·ªã c·ªßa...

Your command was ignored.
Type  I <command> <return>  to replace it with another command,
or  <return>  to continue without it.


! Package inputenc Error: Unicode character ·∫£ (U+1EA3)
(inputenc)                not set up for use with LaTeX.

See the inputenc package documentation for explanation.
Type  H <return>  for immediate help.
 ...                                              
                                                  
l.28 ... v·ªã n√†o sau ƒë√¢y \textbf{kh√¥ng} ph·∫£
                                                  i l√† ƒë∆°n v·ªã c·ªßa c√¥...

You may provide a definition with
\DeclareUnicodeCharacter 


! LaTeX Error: Command \dj unavailable in encoding OT1.

See the LaTeX manual or LaTeX Companion for explanation.
Type  H <return>  for immediate help.
 ...                                              
                                                  
l.28 ...†o sau ƒë√¢y \textbf{kh√¥ng} ph·∫£i l√† ƒë
                                                  ∆°n v·ªã c·ªßa c√¥ng su·∫•t?
Your command was ignored.
Type  I <command> <return>  to replace it with another command,
or  <return>  to continue without it.


! Package inputenc Error: Unicode character ∆° (U+01A1)
(inputenc)                not set up for use with LaTeX.

See the inputenc package documentation for explanation.
Type  H <return>  for immediate help.
 ...                                              
                                                  
l.28 ... sau ƒë√¢y \textbf{kh√¥ng} ph·∫£i l√† ƒë∆°
                                                  n v·ªã c·ªßa c√¥ng su·∫•t?
You may provide a definition with
\DeclareUnicodeCharacter 


! Package inputenc Error: Unicode character ·ªã (U+1ECB)
(inputenc)                not set up for use with LaTeX.

See the inputenc package documentation for explanation.
Type  H <return>  for immediate help.
 ...                                              
                                                  
l.28 ...ë√¢y \textbf{kh√¥ng} ph·∫£i l√† ƒë∆°n v·ªã
                                                   c·ªßa c√¥ng su·∫•t?
You may provide a definition with
\DeclareUnicodeCharacter 


! Package inputenc Error: Unicode character ·ªß (U+1EE7)
(inputenc)                not set up for use with LaTeX.

See the inputenc package documentation for explanation.
Type  H <return>  for immediate help.
 ...                                              
                                                  
l.28 ...\textbf{kh√¥ng} ph·∫£i l√† ƒë∆°n v·ªã c·ªß
                                                  a c√¥ng su·∫•t?
You may provide a definition with
\DeclareUnicodeCharacter 


! Package inputenc Error: Unicode character ·∫• (U+1EA5)
(inputenc)                not set up for use with LaTeX.

See the inputenc package documentation for explanation.
Type  H <return>  for immediate help.
 ...                                              
                                                  
l.28 ...g} ph·∫£i l√† ƒë∆°n v·ªã c·ªßa c√¥ng su·∫•
                                                  t?
You may provide a definition with
\DeclareUnicodeCharacter 


! LaTeX Error: Environment mcq undefined.

See the LaTeX manual or LaTeX Companion for explanation.
Type  H <return>  for immediate help.
 ...                                              
                                                  
l.29 		\begin{mcq}
                  (4)
Your command was ignored.
Type  I <command> <return>  to replace it with another command,
or  <return>  to continue without it.


! LaTeX Error: Something's wrong--perhaps a missing \item.

See the LaTeX manual or LaTeX Companion for explanation.
Type  H <return>  for immediate help.
 ...                                              
                                                  
l.30 			\item O
               √°t (W).
Try typing  <return>  to proceed.
If that doesn't work, type  X <return>  to quit.


! LaTeX Error: Something's wrong--perhaps a missing \item.

See the LaTeX manual or LaTeX Companion for explanation.
Type  H <return>  for immediate help.
 ...                                              
                                                  
l.30 			\item O
               √°t (W).
Try typing  <return>  to proceed.
If that doesn't work, type  X <return>  to quit.


! LaTeX Error: Something's wrong--perhaps a missing \item.

See the LaTeX manual or LaTeX Companion for explanation.
Type  H <return>  for immediate help.
 ...                                              
                                                  
l.30 			\item O
               √°t (W).
Try typing  <return>  to proceed.
If that doesn't work, type  X <return>  to quit.


! LaTeX Error: Something's wrong--perhaps a missing \item.

See the LaTeX manual or LaTeX Companion for explanation.
Type  H <return>  for immediate help.
 ...                                              
                                                  
l.31 			\item J
               un/gi√¢y (J/s).
Try typing  <return>  to proceed.
If that doesn't work, type  X <return>  to quit.


! LaTeX Error: Something's wrong--perhaps a missing \item.

See the LaTeX manual or LaTeX Companion for explanation.
Type  H <return>  for immediate help.
 ...                                              
                                                  
l.31 			\item J
               un/gi√¢y (J/s).
Try typing  <return>  to proceed.
If that doesn't work, type  X <return>  to quit.


! LaTeX Error: Something's wrong--perhaps a missing \item.

See the LaTeX manual or LaTeX Companion for explanation.
Type  H <return>  for immediate help.
 ...                                              
                                                  
l.31 			\item J
               un/gi√¢y (J/s).
Try typing  <return>  to proceed.
If that doesn't work, type  X <return>  to quit.


! LaTeX Error: Something's wrong--perhaps a missing \item.

See the LaTeX manual or LaTeX Companion for explanation.
Type  H <return>  for immediate help.
 ...                                              
                                                  
l.32 			\item M
               √£ l·ª±c (HP).
Try typing  <return>  to proceed.
If that doesn't work, type  X <return>  to quit.


! LaTeX Error: Something's wrong--perhaps a missing \item.

See the LaTeX manual or LaTeX Companion for explanation.
Type  H <return>  for immediate help.
 ...                                              
                                                  
l.32 			\item M
               √£ l·ª±c (HP).
Try typing  <return>  to proceed.
If that doesn't work, type  X <return>  to quit.


! LaTeX Error: Something's wrong--perhaps a missing \item.

See the LaTeX manual or LaTeX Companion for explanation.
Type  H <return>  for immediate help.
 ...                                              
                                                  
l.32 			\item M
               √£ l·ª±c (HP).
(That makes 100 errors; please try again.) 
Here is how much of TeX's memory you used:
 52 strings out of 478927
 838 string characters out of 2853008
 291183 words of memory out of 3000000
 18010 multiletter control sequences out of 15000+600000
 403738 words of font info for 28 fonts, out of 8000000 for 9000
 1141 hyphenation exceptions out of 8191
 14i,2n,12p,151b,160s stack positions out of 5000i,500n,10000p,200000b,80000s

!  ==> Fatal error occurred, no output PDF file produced!
