This is pdfTeX, Version 3.141592653-2.6-1.40.23 (MiKTeX 21.10) (preloaded format=pdflatex 2021.10.18)  13 JUL 2022 12:14
entering extended mode
**./VN10-2022-PH-TP032.tex
(VN10-2022-PH-TP032.tex
LaTeX2e <2021-06-01> patch level 1
L3 programming layer <2021-10-12>

! LaTeX Error: No counter 'section' defined.

See the LaTeX manual or LaTeX Companion for explanation.
Type  H <return>  for immediate help.
 ...                                              
                                                  
l.1 \setcounter{section}{0}
                           
Your command was ignored.
Type  I <command> <return>  to replace it with another command,
or  <return>  to continue without it.

! Undefined control sequence.
l.2 \section
            {Tr·∫Øc nghi·ªám}
The control sequence at the end of the top line
of your error message was never \def'ed. If you have
misspelled it (e.g., `\hobx'), type `I' and the correct
spelling (e.g., `I\hbox'). Otherwise just continue,
and I'll forget about whatever was undefined.


! LaTeX Error: Missing \begin{document}.

See the LaTeX manual or LaTeX Companion for explanation.
Type  H <return>  for immediate help.
 ...                                              
                                                  
l.2 \section{T
              r·∫Øc nghi·ªám}
You're in trouble here.  Try typing  <return>  to proceed.
If that doesn't work, type  X <return>  to quit.

Missing character: There is no T in font nullfont!
Missing character: There is no r in font nullfont!

! Package inputenc Error: Unicode character ·∫Ø (U+1EAF)
(inputenc)                not set up for use with LaTeX.

See the inputenc package documentation for explanation.
Type  H <return>  for immediate help.
 ...                                              
                                                  
l.2 \section{Tr·∫Ø
                  c nghi·ªám}
You may provide a definition with
\DeclareUnicodeCharacter 

Missing character: There is no c in font nullfont!
Missing character: There is no n in font nullfont!
Missing character: There is no g in font nullfont!
Missing character: There is no h in font nullfont!
Missing character: There is no i in font nullfont!

! Package inputenc Error: Unicode character ·ªá (U+1EC7)
(inputenc)                not set up for use with LaTeX.

See the inputenc package documentation for explanation.
Type  H <return>  for immediate help.
 ...                                              
                                                  
l.2 \section{Tr·∫Øc nghi·ªá
                           m}
You may provide a definition with
\DeclareUnicodeCharacter 

Missing character: There is no m in font nullfont!

Overfull \hbox (20.0pt too wide) in paragraph at lines 2--3
[] 
 []


! LaTeX Error: Missing \begin{document}.

See the LaTeX manual or LaTeX Companion for explanation.
Type  H <return>  for immediate help.
 ...                                              
                                                  
l.3 \begin{enumerate}[
                      label=\bfseries C√¢u \arabic*:]
You're in trouble here.  Try typing  <return>  to proceed.
If that doesn't work, type  X <return>  to quit.

Missing character: There is no [ in font nullfont!
Missing character: There is no l in font nullfont!
Missing character: There is no a in font nullfont!
Missing character: There is no b in font nullfont!
Missing character: There is no e in font nullfont!
Missing character: There is no l in font nullfont!
Missing character: There is no = in font nullfont!
! Missing number, treated as zero.
<to be read again> 
                   \c@* 
l.3 ...in{enumerate}[label=\bfseries C√¢u \arabic*
                                                  :]
A number should have been here; I inserted `0'.
(If you can't figure out why I needed to see a number,
look up `weird error' in the index to The TeXbook.)


! LaTeX Error: Something's wrong--perhaps a missing \item.

See the LaTeX manual or LaTeX Companion for explanation.
Type  H <return>  for immediate help.
 ...                                              
                                                  
l.4 	\item \mkstar
                  {2}
Try typing  <return>  to proceed.
If that doesn't work, type  X <return>  to quit.


! LaTeX Error: Something's wrong--perhaps a missing \item.

See the LaTeX manual or LaTeX Companion for explanation.
Type  H <return>  for immediate help.
 ...                                              
                                                  
l.4 	\item \mkstar
                  {2}
Try typing  <return>  to proceed.
If that doesn't work, type  X <return>  to quit.


! LaTeX Error: Something's wrong--perhaps a missing \item.

See the LaTeX manual or LaTeX Companion for explanation.
Type  H <return>  for immediate help.
 ...                                              
                                                  
l.4 	\item \mkstar
                  {2}
Try typing  <return>  to proceed.
If that doesn't work, type  X <return>  to quit.

! Undefined control sequence.
<recently read> \mkstar 
                        
l.4 	\item \mkstar
                  {2}
The control sequence at the end of the top line
of your error message was never \def'ed. If you have
misspelled it (e.g., `\hobx'), type `I' and the correct
spelling (e.g., `I\hbox'). Otherwise just continue,
and I'll forget about whatever was undefined.

! Undefined control sequence.
l.10 	\hideall
              
The control sequence at the end of the top line
of your error message was never \def'ed. If you have
misspelled it (e.g., `\hobx'), type `I' and the correct
spelling (e.g., `I\hbox'). Otherwise just continue,
and I'll forget about whatever was undefined.


! LaTeX Error: Something's wrong--perhaps a missing \item.

See the LaTeX manual or LaTeX Companion for explanation.
Type  H <return>  for immediate help.
 ...                                              
                                                  
l.14 	\item \mkstar
                   {2}
Try typing  <return>  to proceed.
If that doesn't work, type  X <return>  to quit.


! LaTeX Error: Something's wrong--perhaps a missing \item.

See the LaTeX manual or LaTeX Companion for explanation.
Type  H <return>  for immediate help.
 ...                                              
                                                  
l.14 	\item \mkstar
                   {2}
Try typing  <return>  to proceed.
If that doesn't work, type  X <return>  to quit.


! LaTeX Error: Something's wrong--perhaps a missing \item.

See the LaTeX manual or LaTeX Companion for explanation.
Type  H <return>  for immediate help.
 ...                                              
                                                  
l.14 	\item \mkstar
                   {2}
Try typing  <return>  to proceed.
If that doesn't work, type  X <return>  to quit.

! Undefined control sequence.
<recently read> \mkstar 
                        
l.14 	\item \mkstar
                   {2}
The control sequence at the end of the top line
of your error message was never \def'ed. If you have
misspelled it (e.g., `\hobx'), type `I' and the correct
spelling (e.g., `I\hbox'). Otherwise just continue,
and I'll forget about whatever was undefined.

! Undefined control sequence.
l.20 	\hideall
              
The control sequence at the end of the top line
of your error message was never \def'ed. If you have
misspelled it (e.g., `\hobx'), type `I' and the correct
spelling (e.g., `I\hbox'). Otherwise just continue,
and I'll forget about whatever was undefined.


! LaTeX Error: Something's wrong--perhaps a missing \item.

See the LaTeX manual or LaTeX Companion for explanation.
Type  H <return>  for immediate help.
 ...                                              
                                                  
l.24 	\item \mkstar
                   {2}
Try typing  <return>  to proceed.
If that doesn't work, type  X <return>  to quit.


! LaTeX Error: Something's wrong--perhaps a missing \item.

See the LaTeX manual or LaTeX Companion for explanation.
Type  H <return>  for immediate help.
 ...                                              
                                                  
l.24 	\item \mkstar
                   {2}
Try typing  <return>  to proceed.
If that doesn't work, type  X <return>  to quit.


! LaTeX Error: Something's wrong--perhaps a missing \item.

See the LaTeX manual or LaTeX Companion for explanation.
Type  H <return>  for immediate help.
 ...                                              
                                                  
l.24 	\item \mkstar
                   {2}
Try typing  <return>  to proceed.
If that doesn't work, type  X <return>  to quit.

! Undefined control sequence.
<recently read> \mkstar 
                        
l.24 	\item \mkstar
                   {2}
The control sequence at the end of the top line
of your error message was never \def'ed. If you have
misspelled it (e.g., `\hobx'), type `I' and the correct
spelling (e.g., `I\hbox'). Otherwise just continue,
and I'll forget about whatever was undefined.

! Undefined control sequence.
l.30 	\hideall
              
The control sequence at the end of the top line
of your error message was never \def'ed. If you have
misspelled it (e.g., `\hobx'), type `I' and the correct
spelling (e.g., `I\hbox'). Otherwise just continue,
and I'll forget about whatever was undefined.


! LaTeX Error: Something's wrong--perhaps a missing \item.

See the LaTeX manual or LaTeX Companion for explanation.
Type  H <return>  for immediate help.
 ...                                              
                                                  
l.34 	\item \mkstar
                   {2}
Try typing  <return>  to proceed.
If that doesn't work, type  X <return>  to quit.


! LaTeX Error: Something's wrong--perhaps a missing \item.

See the LaTeX manual or LaTeX Companion for explanation.
Type  H <return>  for immediate help.
 ...                                              
                                                  
l.34 	\item \mkstar
                   {2}
Try typing  <return>  to proceed.
If that doesn't work, type  X <return>  to quit.


! LaTeX Error: Something's wrong--perhaps a missing \item.

See the LaTeX manual or LaTeX Companion for explanation.
Type  H <return>  for immediate help.
 ...                                              
                                                  
l.34 	\item \mkstar
                   {2}
Try typing  <return>  to proceed.
If that doesn't work, type  X <return>  to quit.

! Undefined control sequence.
<recently read> \mkstar 
                        
l.34 	\item \mkstar
                   {2}
The control sequence at the end of the top line
of your error message was never \def'ed. If you have
misspelled it (e.g., `\hobx'), type `I' and the correct
spelling (e.g., `I\hbox'). Otherwise just continue,
and I'll forget about whatever was undefined.

! Undefined control sequence.
l.40 	\hideall
              
The control sequence at the end of the top line
of your error message was never \def'ed. If you have
misspelled it (e.g., `\hobx'), type `I' and the correct
spelling (e.g., `I\hbox'). Otherwise just continue,
and I'll forget about whatever was undefined.


! LaTeX Error: Something's wrong--perhaps a missing \item.

See the LaTeX manual or LaTeX Companion for explanation.
Type  H <return>  for immediate help.
 ...                                              
                                                  
l.44 	\item \mkstar
                   {2}
Try typing  <return>  to proceed.
If that doesn't work, type  X <return>  to quit.


! LaTeX Error: Something's wrong--perhaps a missing \item.

See the LaTeX manual or LaTeX Companion for explanation.
Type  H <return>  for immediate help.
 ...                                              
                                                  
l.44 	\item \mkstar
                   {2}
Try typing  <return>  to proceed.
If that doesn't work, type  X <return>  to quit.


! LaTeX Error: Something's wrong--perhaps a missing \item.

See the LaTeX manual or LaTeX Companion for explanation.
Type  H <return>  for immediate help.
 ...                                              
                                                  
l.44 	\item \mkstar
                   {2}
Try typing  <return>  to proceed.
If that doesn't work, type  X <return>  to quit.

! Undefined control sequence.
<recently read> \mkstar 
                        
l.44 	\item \mkstar
                   {2}
The control sequence at the end of the top line
of your error message was never \def'ed. If you have
misspelled it (e.g., `\hobx'), type `I' and the correct
spelling (e.g., `I\hbox'). Otherwise just continue,
and I'll forget about whatever was undefined.

! Undefined control sequence.
l.50 	\hideall
              
The control sequence at the end of the top line
of your error message was never \def'ed. If you have
misspelled it (e.g., `\hobx'), type `I' and the correct
spelling (e.g., `I\hbox'). Otherwise just continue,
and I'll forget about whatever was undefined.


! LaTeX Error: Something's wrong--perhaps a missing \item.

See the LaTeX manual or LaTeX Companion for explanation.
Type  H <return>  for immediate help.
 ...                                              
                                                  
l.54 	\item \mkstar
                   {2}
Try typing  <return>  to proceed.
If that doesn't work, type  X <return>  to quit.


! LaTeX Error: Something's wrong--perhaps a missing \item.

See the LaTeX manual or LaTeX Companion for explanation.
Type  H <return>  for immediate help.
 ...                                              
                                                  
l.54 	\item \mkstar
                   {2}
Try typing  <return>  to proceed.
If that doesn't work, type  X <return>  to quit.


! LaTeX Error: Something's wrong--perhaps a missing \item.

See the LaTeX manual or LaTeX Companion for explanation.
Type  H <return>  for immediate help.
 ...                                              
                                                  
l.54 	\item \mkstar
                   {2}
Try typing  <return>  to proceed.
If that doesn't work, type  X <return>  to quit.

! Undefined control sequence.
<recently read> \mkstar 
                        
l.54 	\item \mkstar
                   {2}
The control sequence at the end of the top line
of your error message was never \def'ed. If you have
misspelled it (e.g., `\hobx'), type `I' and the correct
spelling (e.g., `I\hbox'). Otherwise just continue,
and I'll forget about whatever was undefined.

! Undefined control sequence.
l.60 	\hideall
              
The control sequence at the end of the top line
of your error message was never \def'ed. If you have
misspelled it (e.g., `\hobx'), type `I' and the correct
spelling (e.g., `I\hbox'). Otherwise just continue,
and I'll forget about whatever was undefined.


! LaTeX Error: Something's wrong--perhaps a missing \item.

See the LaTeX manual or LaTeX Companion for explanation.
Type  H <return>  for immediate help.
 ...                                              
                                                  
l.64 	\item \mkstar
                   {2}
Try typing  <return>  to proceed.
If that doesn't work, type  X <return>  to quit.


! LaTeX Error: Something's wrong--perhaps a missing \item.

See the LaTeX manual or LaTeX Companion for explanation.
Type  H <return>  for immediate help.
 ...                                              
                                                  
l.64 	\item \mkstar
                   {2}
Try typing  <return>  to proceed.
If that doesn't work, type  X <return>  to quit.


! LaTeX Error: Something's wrong--perhaps a missing \item.

See the LaTeX manual or LaTeX Companion for explanation.
Type  H <return>  for immediate help.
 ...                                              
                                                  
l.64 	\item \mkstar
                   {2}
Try typing  <return>  to proceed.
If that doesn't work, type  X <return>  to quit.

! Undefined control sequence.
<recently read> \mkstar 
                        
l.64 	\item \mkstar
                   {2}
The control sequence at the end of the top line
of your error message was never \def'ed. If you have
misspelled it (e.g., `\hobx'), type `I' and the correct
spelling (e.g., `I\hbox'). Otherwise just continue,
and I'll forget about whatever was undefined.

! Undefined control sequence.
l.70 	\hideall
              
The control sequence at the end of the top line
of your error message was never \def'ed. If you have
misspelled it (e.g., `\hobx'), type `I' and the correct
spelling (e.g., `I\hbox'). Otherwise just continue,
and I'll forget about whatever was undefined.


! LaTeX Error: Something's wrong--perhaps a missing \item.

See the LaTeX manual or LaTeX Companion for explanation.
Type  H <return>  for immediate help.
 ...                                              
                                                  
l.74 	\item \mkstar
                   {2}
Try typing  <return>  to proceed.
If that doesn't work, type  X <return>  to quit.


! LaTeX Error: Something's wrong--perhaps a missing \item.

See the LaTeX manual or LaTeX Companion for explanation.
Type  H <return>  for immediate help.
 ...                                              
                                                  
l.74 	\item \mkstar
                   {2}
Try typing  <return>  to proceed.
If that doesn't work, type  X <return>  to quit.


! LaTeX Error: Something's wrong--perhaps a missing \item.

See the LaTeX manual or LaTeX Companion for explanation.
Type  H <return>  for immediate help.
 ...                                              
                                                  
l.74 	\item \mkstar
                   {2}
Try typing  <return>  to proceed.
If that doesn't work, type  X <return>  to quit.

! Undefined control sequence.
<recently read> \mkstar 
                        
l.74 	\item \mkstar
                   {2}
The control sequence at the end of the top line
of your error message was never \def'ed. If you have
misspelled it (e.g., `\hobx'), type `I' and the correct
spelling (e.g., `I\hbox'). Otherwise just continue,
and I'll forget about whatever was undefined.

! Undefined control sequence.
l.80 	\hideall
              
The control sequence at the end of the top line
of your error message was never \def'ed. If you have
misspelled it (e.g., `\hobx'), type `I' and the correct
spelling (e.g., `I\hbox'). Otherwise just continue,
and I'll forget about whatever was undefined.


! LaTeX Error: Something's wrong--perhaps a missing \item.

See the LaTeX manual or LaTeX Companion for explanation.
Type  H <return>  for immediate help.
 ...                                              
                                                  
l.84 	\item \mkstar
                   {2}
Try typing  <return>  to proceed.
If that doesn't work, type  X <return>  to quit.


! LaTeX Error: Something's wrong--perhaps a missing \item.

See the LaTeX manual or LaTeX Companion for explanation.
Type  H <return>  for immediate help.
 ...                                              
                                                  
l.84 	\item \mkstar
                   {2}
Try typing  <return>  to proceed.
If that doesn't work, type  X <return>  to quit.


! LaTeX Error: Something's wrong--perhaps a missing \item.

See the LaTeX manual or LaTeX Companion for explanation.
Type  H <return>  for immediate help.
 ...                                              
                                                  
l.84 	\item \mkstar
                   {2}
Try typing  <return>  to proceed.
If that doesn't work, type  X <return>  to quit.

! Undefined control sequence.
<recently read> \mkstar 
                        
l.84 	\item \mkstar
                   {2}
The control sequence at the end of the top line
of your error message was never \def'ed. If you have
misspelled it (e.g., `\hobx'), type `I' and the correct
spelling (e.g., `I\hbox'). Otherwise just continue,
and I'll forget about whatever was undefined.

! Undefined control sequence.
l.90 	\hideall
              
The control sequence at the end of the top line
of your error message was never \def'ed. If you have
misspelled it (e.g., `\hobx'), type `I' and the correct
spelling (e.g., `I\hbox'). Otherwise just continue,
and I'll forget about whatever was undefined.


! LaTeX Error: Something's wrong--perhaps a missing \item.

See the LaTeX manual or LaTeX Companion for explanation.
Type  H <return>  for immediate help.
 ...                                              
                                                  
l.94 	\item \mkstar
                   {2}
Try typing  <return>  to proceed.
If that doesn't work, type  X <return>  to quit.


! LaTeX Error: Something's wrong--perhaps a missing \item.

See the LaTeX manual or LaTeX Companion for explanation.
Type  H <return>  for immediate help.
 ...                                              
                                                  
l.94 	\item \mkstar
                   {2}
Try typing  <return>  to proceed.
If that doesn't work, type  X <return>  to quit.


! LaTeX Error: Something's wrong--perhaps a missing \item.

See the LaTeX manual or LaTeX Companion for explanation.
Type  H <return>  for immediate help.
 ...                                              
                                                  
l.94 	\item \mkstar
                   {2}
Try typing  <return>  to proceed.
If that doesn't work, type  X <return>  to quit.

! Undefined control sequence.
<recently read> \mkstar 
                        
l.94 	\item \mkstar
                   {2}
The control sequence at the end of the top line
of your error message was never \def'ed. If you have
misspelled it (e.g., `\hobx'), type `I' and the correct
spelling (e.g., `I\hbox'). Otherwise just continue,
and I'll forget about whatever was undefined.

! Undefined control sequence.
l.100 	\hideall
               
The control sequence at the end of the top line
of your error message was never \def'ed. If you have
misspelled it (e.g., `\hobx'), type `I' and the correct
spelling (e.g., `I\hbox'). Otherwise just continue,
and I'll forget about whatever was undefined.


! LaTeX Error: Something's wrong--perhaps a missing \item.

See the LaTeX manual or LaTeX Companion for explanation.
Type  H <return>  for immediate help.
 ...                                              
                                                  
l.104 	\item \mkstar
                    {2}
Try typing  <return>  to proceed.
If that doesn't work, type  X <return>  to quit.


! LaTeX Error: Something's wrong--perhaps a missing \item.

See the LaTeX manual or LaTeX Companion for explanation.
Type  H <return>  for immediate help.
 ...                                              
                                                  
l.104 	\item \mkstar
                    {2}
Try typing  <return>  to proceed.
If that doesn't work, type  X <return>  to quit.


! LaTeX Error: Something's wrong--perhaps a missing \item.

See the LaTeX manual or LaTeX Companion for explanation.
Type  H <return>  for immediate help.
 ...                                              
                                                  
l.104 	\item \mkstar
                    {2}
Try typing  <return>  to proceed.
If that doesn't work, type  X <return>  to quit.

! Undefined control sequence.
<recently read> \mkstar 
                        
l.104 	\item \mkstar
                    {2}
The control sequence at the end of the top line
of your error message was never \def'ed. If you have
misspelled it (e.g., `\hobx'), type `I' and the correct
spelling (e.g., `I\hbox'). Otherwise just continue,
and I'll forget about whatever was undefined.

! Undefined control sequence.
l.110 	\hideall
               
The control sequence at the end of the top line
of your error message was never \def'ed. If you have
misspelled it (e.g., `\hobx'), type `I' and the correct
spelling (e.g., `I\hbox'). Otherwise just continue,
and I'll forget about whatever was undefined.


! LaTeX Error: Something's wrong--perhaps a missing \item.

See the LaTeX manual or LaTeX Companion for explanation.
Type  H <return>  for immediate help.
 ...                                              
                                                  
l.114 	\item \mkstar
                    {2}
Try typing  <return>  to proceed.
If that doesn't work, type  X <return>  to quit.


! LaTeX Error: Something's wrong--perhaps a missing \item.

See the LaTeX manual or LaTeX Companion for explanation.
Type  H <return>  for immediate help.
 ...                                              
                                                  
l.114 	\item \mkstar
                    {2}
Try typing  <return>  to proceed.
If that doesn't work, type  X <return>  to quit.


! LaTeX Error: Something's wrong--perhaps a missing \item.

See the LaTeX manual or LaTeX Companion for explanation.
Type  H <return>  for immediate help.
 ...                                              
                                                  
l.114 	\item \mkstar
                    {2}
Try typing  <return>  to proceed.
If that doesn't work, type  X <return>  to quit.

! Undefined control sequence.
<recently read> \mkstar 
                        
l.114 	\item \mkstar
                    {2}
The control sequence at the end of the top line
of your error message was never \def'ed. If you have
misspelled it (e.g., `\hobx'), type `I' and the correct
spelling (e.g., `I\hbox'). Otherwise just continue,
and I'll forget about whatever was undefined.

! Undefined control sequence.
l.120 	\hideall
               
The control sequence at the end of the top line
of your error message was never \def'ed. If you have
misspelled it (e.g., `\hobx'), type `I' and the correct
spelling (e.g., `I\hbox'). Otherwise just continue,
and I'll forget about whatever was undefined.


! LaTeX Error: Something's wrong--perhaps a missing \item.

See the LaTeX manual or LaTeX Companion for explanation.
Type  H <return>  for immediate help.
 ...                                              
                                                  
l.124 	\item \mkstar
                    {2}
Try typing  <return>  to proceed.
If that doesn't work, type  X <return>  to quit.


! LaTeX Error: Something's wrong--perhaps a missing \item.

See the LaTeX manual or LaTeX Companion for explanation.
Type  H <return>  for immediate help.
 ...                                              
                                                  
l.124 	\item \mkstar
                    {2}
Try typing  <return>  to proceed.
If that doesn't work, type  X <return>  to quit.


! LaTeX Error: Something's wrong--perhaps a missing \item.

See the LaTeX manual or LaTeX Companion for explanation.
Type  H <return>  for immediate help.
 ...                                              
                                                  
l.124 	\item \mkstar
                    {2}
Try typing  <return>  to proceed.
If that doesn't work, type  X <return>  to quit.

! Undefined control sequence.
<recently read> \mkstar 
                        
l.124 	\item \mkstar
                    {2}
The control sequence at the end of the top line
of your error message was never \def'ed. If you have
misspelled it (e.g., `\hobx'), type `I' and the correct
spelling (e.g., `I\hbox'). Otherwise just continue,
and I'll forget about whatever was undefined.

! Undefined control sequence.
l.130 	\hideall
               
The control sequence at the end of the top line
of your error message was never \def'ed. If you have
misspelled it (e.g., `\hobx'), type `I' and the correct
spelling (e.g., `I\hbox'). Otherwise just continue,
and I'll forget about whatever was undefined.


! LaTeX Error: Something's wrong--perhaps a missing \item.

See the LaTeX manual or LaTeX Companion for explanation.
Type  H <return>  for immediate help.
 ...                                              
                                                  
l.134 	\item \mkstar
                    {2}
Try typing  <return>  to proceed.
If that doesn't work, type  X <return>  to quit.


! LaTeX Error: Something's wrong--perhaps a missing \item.

See the LaTeX manual or LaTeX Companion for explanation.
Type  H <return>  for immediate help.
 ...                                              
                                                  
l.134 	\item \mkstar
                    {2}
Try typing  <return>  to proceed.
If that doesn't work, type  X <return>  to quit.


! LaTeX Error: Something's wrong--perhaps a missing \item.

See the LaTeX manual or LaTeX Companion for explanation.
Type  H <return>  for immediate help.
 ...                                              
                                                  
l.134 	\item \mkstar
                    {2}
Try typing  <return>  to proceed.
If that doesn't work, type  X <return>  to quit.

! Undefined control sequence.
<recently read> \mkstar 
                        
l.134 	\item \mkstar
                    {2}
The control sequence at the end of the top line
of your error message was never \def'ed. If you have
misspelled it (e.g., `\hobx'), type `I' and the correct
spelling (e.g., `I\hbox'). Otherwise just continue,
and I'll forget about whatever was undefined.

! Undefined control sequence.
l.140 	\hideall
               
The control sequence at the end of the top line
of your error message was never \def'ed. If you have
misspelled it (e.g., `\hobx'), type `I' and the correct
spelling (e.g., `I\hbox'). Otherwise just continue,
and I'll forget about whatever was undefined.


! LaTeX Error: Something's wrong--perhaps a missing \item.

See the LaTeX manual or LaTeX Companion for explanation.
Type  H <return>  for immediate help.
 ...                                              
                                                  
l.144 \end{enumerate}
                     
Try typing  <return>  to proceed.
If that doesn't work, type  X <return>  to quit.


Overfull \hbox (20.28459pt too wide) in paragraph at lines 3--144
[]\OT1/cmr/bx/n/10 C^au
 []


Overfull \hbox (17.8888pt too wide) in paragraph at lines 3--144
\OT1/cmr/bx/n/10 0:]2
 []


Overfull \hbox (5.74997pt too wide) in paragraph at lines 3--144
[]\OT1/cmr/bx/n/10 2
 []


Overfull \hbox (5.74997pt too wide) in paragraph at lines 3--144
[]\OT1/cmr/bx/n/10 2
 []


Overfull \hbox (5.74997pt too wide) in paragraph at lines 3--144
[]\OT1/cmr/bx/n/10 2
 []


Overfull \hbox (5.74997pt too wide) in paragraph at lines 3--144
[]\OT1/cmr/bx/n/10 2
 []


Overfull \hbox (5.74997pt too wide) in paragraph at lines 3--144
[]\OT1/cmr/bx/n/10 2
 []


Overfull \hbox (5.74997pt too wide) in paragraph at lines 3--144
[]\OT1/cmr/bx/n/10 2
 []


Overfull \hbox (5.74997pt too wide) in paragraph at lines 3--144
[]\OT1/cmr/bx/n/10 2
 []


Overfull \hbox (5.74997pt too wide) in paragraph at lines 3--144
[]\OT1/cmr/bx/n/10 2
 []


Overfull \hbox (5.74997pt too wide) in paragraph at lines 3--144
[]\OT1/cmr/bx/n/10 2
 []


Overfull \hbox (5.74997pt too wide) in paragraph at lines 3--144
[]\OT1/cmr/bx/n/10 2
 []


Overfull \hbox (5.74997pt too wide) in paragraph at lines 3--144
[]\OT1/cmr/bx/n/10 2
 []


Overfull \hbox (5.74997pt too wide) in paragraph at lines 3--144
[]\OT1/cmr/bx/n/10 2
 []


Overfull \hbox (5.74997pt too wide) in paragraph at lines 3--144
[]\OT1/cmr/bx/n/10 2
 []

! Undefined control sequence.
l.145 \section
              {T·ª± lu·∫≠n}
The control sequence at the end of the top line
of your error message was never \def'ed. If you have
misspelled it (e.g., `\hobx'), type `I' and the correct
spelling (e.g., `I\hbox'). Otherwise just continue,
and I'll forget about whatever was undefined.

Missing character: There is no T in font nullfont!

! Package inputenc Error: Unicode character ·ª± (U+1EF1)
(inputenc)                not set up for use with LaTeX.

See the inputenc package documentation for explanation.
Type  H <return>  for immediate help.
 ...                                              
                                                  
l.145 \section{T·ª±
                    lu·∫≠n}
You may provide a definition with
\DeclareUnicodeCharacter 

Missing character: There is no l in font nullfont!
Missing character: There is no u in font nullfont!

! Package inputenc Error: Unicode character ·∫≠ (U+1EAD)
(inputenc)                not set up for use with LaTeX.

See the inputenc package documentation for explanation.
Type  H <return>  for immediate help.
 ...                                              
                                                  
l.145 \section{T·ª± lu·∫≠
                         n}
You may provide a definition with
\DeclareUnicodeCharacter 

Missing character: There is no n in font nullfont!
Missing character: There is no [ in font nullfont!
Missing character: There is no l in font nullfont!
Missing character: There is no a in font nullfont!
Missing character: There is no b in font nullfont!
Missing character: There is no e in font nullfont!
Missing character: There is no l in font nullfont!
Missing character: There is no = in font nullfont!
! Missing number, treated as zero.
<to be read again> 
                   \c@* 
l.146 ...{enumerate}[label=\bfseries C√¢u \arabic*
                                                  :]
A number should have been here; I inserted `0'.
(If you can't figure out why I needed to see a number,
look up `weird error' in the index to The TeXbook.)


! LaTeX Error: Something's wrong--perhaps a missing \item.

See the LaTeX manual or LaTeX Companion for explanation.
Type  H <return>  for immediate help.
 ...                                              
                                                  
l.148 	\item \mkstar
                    {2}
Try typing  <return>  to proceed.
If that doesn't work, type  X <return>  to quit.


! LaTeX Error: Something's wrong--perhaps a missing \item.

See the LaTeX manual or LaTeX Companion for explanation.
Type  H <return>  for immediate help.
 ...                                              
                                                  
l.148 	\item \mkstar
                    {2}
Try typing  <return>  to proceed.
If that doesn't work, type  X <return>  to quit.


! LaTeX Error: Something's wrong--perhaps a missing \item.

See the LaTeX manual or LaTeX Companion for explanation.
Type  H <return>  for immediate help.
 ...                                              
                                                  
l.148 	\item \mkstar
                    {2}
Try typing  <return>  to proceed.
If that doesn't work, type  X <return>  to quit.

! Undefined control sequence.
<recently read> \mkstar 
                        
l.148 	\item \mkstar
                    {2}
The control sequence at the end of the top line
of your error message was never \def'ed. If you have
misspelled it (e.g., `\hobx'), type `I' and the correct
spelling (e.g., `I\hbox'). Otherwise just continue,
and I'll forget about whatever was undefined.


! Package inputenc Error: Unicode character ·ªô (U+1ED9)
(inputenc)                not set up for use with LaTeX.

See the inputenc package documentation for explanation.
Type  H <return>  for immediate help.
 ...                                              
                                                  
l.152 		M·ªô
            t kh·∫©u s√∫ng n·∫±m ngang kh·ªëi l∆∞·ª£ng $m_\text{s}=\SI{1000}...

You may provide a definition with
\DeclareUnicodeCharacter 


! Package inputenc Error: Unicode character ·∫© (U+1EA9)
(inputenc)                not set up for use with LaTeX.

See the inputenc package documentation for explanation.
Type  H <return>  for immediate help.
 ...                                              
                                                  
l.152 		M·ªôt kh·∫©
                   u s√∫ng n·∫±m ngang kh·ªëi l∆∞·ª£ng $m_\text{s}=\SI{1000}...

You may provide a definition with
\DeclareUnicodeCharacter 


! Package inputenc Error: Unicode character ·∫± (U+1EB1)
(inputenc)                not set up for use with LaTeX.

See the inputenc package documentation for explanation.
Type  H <return>  for immediate help.
 ...                                              
                                                  
l.152 		M·ªôt kh·∫©u s√∫ng n·∫±
                               m ngang kh·ªëi l∆∞·ª£ng $m_\text{s}=\SI{1000}...

You may provide a definition with
\DeclareUnicodeCharacter 


! Package inputenc Error: Unicode character ·ªë (U+1ED1)
(inputenc)                not set up for use with LaTeX.

See the inputenc package documentation for explanation.
Type  H <return>  for immediate help.
 ...                                              
                                                  
l.152 		M·ªôt kh·∫©u s√∫ng n·∫±m ngang kh·ªë
                                            i l∆∞·ª£ng $m_\text{s}=\SI{1000}...

You may provide a definition with
\DeclareUnicodeCharacter 


! Package inputenc Error: Unicode character ∆∞ (U+01B0)
(inputenc)                not set up for use with LaTeX.

See the inputenc package documentation for explanation.
Type  H <return>  for immediate help.
 ...                                              
                                                  
l.152 		M·ªôt kh·∫©u s√∫ng n·∫±m ngang kh·ªëi l∆∞
                                                 ·ª£ng $m_\text{s}=\SI{1000}...

You may provide a definition with
\DeclareUnicodeCharacter 


! Package inputenc Error: Unicode character ·ª£ (U+1EE3)
(inputenc)                not set up for use with LaTeX.

See the inputenc package documentation for explanation.
Type  H <return>  for immediate help.
 ...                                              
                                                  
l.152 ...ôt kh·∫©u s√∫ng n·∫±m ngang kh·ªëi l∆∞·ª£
                                                  ng $m_\text{s}=\SI{1000}{\...

You may provide a definition with
\DeclareUnicodeCharacter 

LaTeX Font Info:    External font `cmex10' loaded for size
(Font)              <7> on input line 152.
LaTeX Font Info:    External font `cmex10' loaded for size
(Font)              <5> on input line 152.
! Undefined control sequence.
l.152 ...√∫ng n·∫±m ngang kh·ªëi l∆∞·ª£ng $m_\text
                                                  {s}=\SI{1000}{\kilogram}$,...
The control sequence at the end of the top line
of your error message was never \def'ed. If you have
misspelled it (e.g., `\hobx'), type `I' and the correct
spelling (e.g., `I\hbox'). Otherwise just continue,
and I'll forget about whatever was undefined.

! Undefined control sequence.
l.152 ...∫±m ngang kh·ªëi l∆∞·ª£ng $m_\text{s}=\SI
                                                  {1000}{\kilogram}$, b·∫Øn ...
The control sequence at the end of the top line
of your error message was never \def'ed. If you have
misspelled it (e.g., `\hobx'), type `I' and the correct
spelling (e.g., `I\hbox'). Otherwise just continue,
and I'll forget about whatever was undefined.

! Undefined control sequence.
l.152 ... l∆∞·ª£ng $m_\text{s}=\SI{1000}{\kilogram
                                                  }$, b·∫Øn m·ªôt vi√™n ƒë·∫...
The control sequence at the end of the top line
of your error message was never \def'ed. If you have
misspelled it (e.g., `\hobx'), type `I' and the correct
spelling (e.g., `I\hbox'). Otherwise just continue,
and I'll forget about whatever was undefined.


! Package inputenc Error: Unicode character ·∫Ø (U+1EAF)
(inputenc)                not set up for use with LaTeX.

See the inputenc package documentation for explanation.
Type  H <return>  for immediate help.
 ...                                              
                                                  
l.152 ...g $m_\text{s}=\SI{1000}{\kilogram}$, b·∫Ø
                                                  n m·ªôt vi√™n ƒë·∫°n kh·ªë...

You may provide a definition with
\DeclareUnicodeCharacter 


! Package inputenc Error: Unicode character ·ªô (U+1ED9)
(inputenc)                not set up for use with LaTeX.

See the inputenc package documentation for explanation.
Type  H <return>  for immediate help.
 ...                                              
                                                  
l.152 ...text{s}=\SI{1000}{\kilogram}$, b·∫Øn m·ªô
                                                  t vi√™n ƒë·∫°n kh·ªëi l∆∞·...

You may provide a definition with
\DeclareUnicodeCharacter 


! LaTeX Error: Command \dj unavailable in encoding OT1.

See the LaTeX manual or LaTeX Companion for explanation.
Type  H <return>  for immediate help.
 ...                                              
                                                  
l.152 ...I{1000}{\kilogram}$, b·∫Øn m·ªôt vi√™n ƒë
                                                  ·∫°n kh·ªëi l∆∞·ª£ng $m_\t...

Your command was ignored.
Type  I <command> <return>  to replace it with another command,
or  <return>  to continue without it.


! Package inputenc Error: Unicode character ·∫° (U+1EA1)
(inputenc)                not set up for use with LaTeX.

See the inputenc package documentation for explanation.
Type  H <return>  for immediate help.
 ...                                              
                                                  
l.152 ...000}{\kilogram}$, b·∫Øn m·ªôt vi√™n ƒë·∫°
                                                  n kh·ªëi l∆∞·ª£ng $m_\text...

You may provide a definition with
\DeclareUnicodeCharacter 


! Package inputenc Error: Unicode character ·ªë (U+1ED1)
(inputenc)                not set up for use with LaTeX.

See the inputenc package documentation for explanation.
Type  H <return>  for immediate help.
 ...                                              
                                                  
l.152 ...ilogram}$, b·∫Øn m·ªôt vi√™n ƒë·∫°n kh·ªë
                                                  i l∆∞·ª£ng $m_\text{ƒë}=\S...

You may provide a definition with
\DeclareUnicodeCharacter 


! Package inputenc Error: Unicode character ∆∞ (U+01B0)
(inputenc)                not set up for use with LaTeX.

See the inputenc package documentation for explanation.
Type  H <return>  for immediate help.
 ...                                              
                                                  
l.152 ...am}$, b·∫Øn m·ªôt vi√™n ƒë·∫°n kh·ªëi l∆∞
                                                  ·ª£ng $m_\text{ƒë}=\SI{10}...

You may provide a definition with
\DeclareUnicodeCharacter 


! Package inputenc Error: Unicode character ·ª£ (U+1EE3)
(inputenc)                not set up for use with LaTeX.

See the inputenc package documentation for explanation.
Type  H <return>  for immediate help.
 ...                                              
                                                  
l.152 ...$, b·∫Øn m·ªôt vi√™n ƒë·∫°n kh·ªëi l∆∞·ª£
                                                  ng $m_\text{ƒë}=\SI{10}{\g...

You may provide a definition with
\DeclareUnicodeCharacter 

! Undefined control sequence.
l.152 ...ªôt vi√™n ƒë·∫°n kh·ªëi l∆∞·ª£ng $m_\text
                                                  {ƒë}=\SI{10}{\gram}$. V·∫≠...
The control sequence at the end of the top line
of your error message was never \def'ed. If you have
misspelled it (e.g., `\hobx'), type `I' and the correct
spelling (e.g., `I\hbox'). Otherwise just continue,
and I'll forget about whatever was undefined.


LaTeX Warning: Command \dj invalid in math mode on input line 152.


! LaTeX Error: Command \dj unavailable in encoding OT1.

See the LaTeX manual or LaTeX Companion for explanation.
Type  H <return>  for immediate help.
 ...                                              
                                                  
l.152 ... vi√™n ƒë·∫°n kh·ªëi l∆∞·ª£ng $m_\text{ƒë
                                                  }=\SI{10}{\gram}$. V·∫≠n t...

Your command was ignored.
Type  I <command> <return>  to replace it with another command,
or  <return>  to continue without it.

! Undefined control sequence.
l.152 ...n ƒë·∫°n kh·ªëi l∆∞·ª£ng $m_\text{ƒë}=\SI
                                                  {10}{\gram}$. V·∫≠n t·ªëc ...
The control sequence at the end of the top line
of your error message was never \def'ed. If you have
misspelled it (e.g., `\hobx'), type `I' and the correct
spelling (e.g., `I\hbox'). Otherwise just continue,
and I'll forget about whatever was undefined.

! Undefined control sequence.
l.152 ...h·ªëi l∆∞·ª£ng $m_\text{ƒë}=\SI{10}{\gram
                                                  }$. V·∫≠n t·ªëc vi√™n ƒë·∫...
The control sequence at the end of the top line
of your error message was never \def'ed. If you have
misspelled it (e.g., `\hobx'), type `I' and the correct
spelling (e.g., `I\hbox'). Otherwise just continue,
and I'll forget about whatever was undefined.


! Package inputenc Error: Unicode character ·∫≠ (U+1EAD)
(inputenc)                not set up for use with LaTeX.

See the inputenc package documentation for explanation.
Type  H <return>  for immediate help.
 ...                                              
                                                  
l.152 ...∞·ª£ng $m_\text{ƒë}=\SI{10}{\gram}$. V·∫≠
                                                  n t·ªëc vi√™n ƒë·∫°n ra kh...

You may provide a definition with
\DeclareUnicodeCharacter 


! Package inputenc Error: Unicode character ·ªë (U+1ED1)
(inputenc)                not set up for use with LaTeX.

See the inputenc package documentation for explanation.
Type  H <return>  for immediate help.
 ...                                              
                                                  
l.152 ... $m_\text{ƒë}=\SI{10}{\gram}$. V·∫≠n t·ªë
                                                  c vi√™n ƒë·∫°n ra kh·ªèi n...

You may provide a definition with
\DeclareUnicodeCharacter 


! LaTeX Error: Command \dj unavailable in encoding OT1.

See the LaTeX manual or LaTeX Companion for explanation.
Type  H <return>  for immediate help.
 ...                                              
                                                  
l.152 ...ƒë}=\SI{10}{\gram}$. V·∫≠n t·ªëc vi√™n ƒë
                                                  ·∫°n ra kh·ªèi n√≤ng s√∫ng...

Your command was ignored.
Type  I <command> <return>  to replace it with another command,
or  <return>  to continue without it.


! Package inputenc Error: Unicode character ·∫° (U+1EA1)
(inputenc)                not set up for use with LaTeX.

See the inputenc package documentation for explanation.
Type  H <return>  for immediate help.
 ...                                              
                                                  
l.152 ...=\SI{10}{\gram}$. V·∫≠n t·ªëc vi√™n ƒë·∫°
                                                  n ra kh·ªèi n√≤ng s√∫ng l√...

You may provide a definition with
\DeclareUnicodeCharacter 


! Package inputenc Error: Unicode character ·ªè (U+1ECF)
(inputenc)                not set up for use with LaTeX.

See the inputenc package documentation for explanation.
Type  H <return>  for immediate help.
 ...                                              
                                                  
l.152 ...gram}$. V·∫≠n t·ªëc vi√™n ƒë·∫°n ra kh·ªè
                                                  i n√≤ng s√∫ng l√† $\SI{600...

You may provide a definition with
\DeclareUnicodeCharacter 

! Undefined control sequence.
<recently read> \SI 
                    
l.152 ...√™n ƒë·∫°n ra kh·ªèi n√≤ng s√∫ng l√† $\SI
                                                  {600}{\meter/\second}$. ƒê...
The control sequence at the end of the top line
of your error message was never \def'ed. If you have
misspelled it (e.g., `\hobx'), type `I' and the correct
spelling (e.g., `I\hbox'). Otherwise just continue,
and I'll forget about whatever was undefined.

! Undefined control sequence.
l.152 ...a kh·ªèi n√≤ng s√∫ng l√† $\SI{600}{\meter
                                                  /\second}$. ƒê·ªô l·ªõn v·...
The control sequence at the end of the top line
of your error message was never \def'ed. If you have
misspelled it (e.g., `\hobx'), type `I' and the correct
spelling (e.g., `I\hbox'). Otherwise just continue,
and I'll forget about whatever was undefined.

! Undefined control sequence.
l.152 ... n√≤ng s√∫ng l√† $\SI{600}{\meter/\second
                                                  }$. ƒê·ªô l·ªõn v·∫≠n t·ªë...
The control sequence at the end of the top line
of your error message was never \def'ed. If you have
misspelled it (e.g., `\hobx'), type `I' and the correct
spelling (e.g., `I\hbox'). Otherwise just continue,
and I'll forget about whatever was undefined.


! LaTeX Error: Command \DJ unavailable in encoding OT1.

See the LaTeX manual or LaTeX Companion for explanation.
Type  H <return>  for immediate help.
 ...                                              
                                                  
l.152 ... s√∫ng l√† $\SI{600}{\meter/\second}$. ƒê
                                                  ·ªô l·ªõn v·∫≠n t·ªëc c·ªß...

Your command was ignored.
Type  I <command> <return>  to replace it with another command,
or  <return>  to continue without it.


! Package inputenc Error: Unicode character ·ªô (U+1ED9)
(inputenc)                not set up for use with LaTeX.

See the inputenc package documentation for explanation.
Type  H <return>  for immediate help.
 ...                                              
                                                  
l.152 ...∫ng l√† $\SI{600}{\meter/\second}$. ƒê·ªô
                                                   l·ªõn v·∫≠n t·ªëc c·ªßa s...

You may provide a definition with
\DeclareUnicodeCharacter 


! Package inputenc Error: Unicode character ·ªõ (U+1EDB)
(inputenc)                not set up for use with LaTeX.

See the inputenc package documentation for explanation.
Type  H <return>  for immediate help.
 ...                                              
                                                  
l.152 ...√† $\SI{600}{\meter/\second}$. ƒê·ªô l·ªõ
                                                  n v·∫≠n t·ªëc c·ªßa s√∫ng ...

You may provide a definition with
\DeclareUnicodeCharacter 


! Package inputenc Error: Unicode character ·∫≠ (U+1EAD)
(inputenc)                not set up for use with LaTeX.

See the inputenc package documentation for explanation.
Type  H <return>  for immediate help.
 ...                                              
                                                  
l.152 ...I{600}{\meter/\second}$. ƒê·ªô l·ªõn v·∫≠
                                                  n t·ªëc c·ªßa s√∫ng sau kh...

You may provide a definition with
\DeclareUnicodeCharacter 


! Package inputenc Error: Unicode character ·ªë (U+1ED1)
(inputenc)                not set up for use with LaTeX.

See the inputenc package documentation for explanation.
Type  H <return>  for immediate help.
 ...                                              
                                                  
l.152 ...{\meter/\second}$. ƒê·ªô l·ªõn v·∫≠n t·ªë
                                                  c c·ªßa s√∫ng sau khi b·∫Ø...

You may provide a definition with
\DeclareUnicodeCharacter 


! Package inputenc Error: Unicode character ·ªß (U+1EE7)
(inputenc)                not set up for use with LaTeX.

See the inputenc package documentation for explanation.
Type  H <return>  for immediate help.
 ...                                              
                                                  
l.152 ...r/\second}$. ƒê·ªô l·ªõn v·∫≠n t·ªëc c·ªß
                                                  a s√∫ng sau khi b·∫Øn b·∫±...

You may provide a definition with
\DeclareUnicodeCharacter 


! Package inputenc Error: Unicode character ·∫Ø (U+1EAF)
(inputenc)                not set up for use with LaTeX.

See the inputenc package documentation for explanation.
Type  H <return>  for immediate help.
 ...                                              
                                                  
l.152 ...·ªõn v·∫≠n t·ªëc c·ªßa s√∫ng sau khi b·∫Ø
                                                  n b·∫±ng l√† bao nhi√™u?
You may provide a definition with
\DeclareUnicodeCharacter 


! Package inputenc Error: Unicode character ·∫± (U+1EB1)
(inputenc)                not set up for use with LaTeX.

See the inputenc package documentation for explanation.
Type  H <return>  for immediate help.
 ...                                              
                                                  
l.152 ...·∫≠n t·ªëc c·ªßa s√∫ng sau khi b·∫Øn b·∫±
                                                  ng l√† bao nhi√™u?
You may provide a definition with
\DeclareUnicodeCharacter 

! Undefined control sequence.
l.155 	\hideall
               
The control sequence at the end of the top line
of your error message was never \def'ed. If you have
misspelled it (e.g., `\hobx'), type `I' and the correct
spelling (e.g., `I\hbox'). Otherwise just continue,
and I'll forget about whatever was undefined.


! Package inputenc Error: Unicode character ·ª• (U+1EE5)
(inputenc)                not set up for use with LaTeX.

See the inputenc package documentation for explanation.
Type  H <return>  for immediate help.
 ...                                              
                                                  
l.157 		√Åp d·ª•
                ng ƒë·ªãnh lu·∫≠t b·∫£o to√†n ƒë·ªông l∆∞·ª£ng tr∆∞·ªõc v√† ...

You may provide a definition with
\DeclareUnicodeCharacter 


! LaTeX Error: Command \dj unavailable in encoding OT1.

See the LaTeX manual or LaTeX Companion for explanation.
Type  H <return>  for immediate help.
 ...                                              
                                                  
l.157 		√Åp d·ª•ng ƒë
                     ·ªãnh lu·∫≠t b·∫£o to√†n ƒë·ªông l∆∞·ª£ng tr∆∞·ªõc v√† ...

Your command was ignored.
Type  I <command> <return>  to replace it with another command,
or  <return>  to continue without it.


! Package inputenc Error: Unicode character ·ªã (U+1ECB)
(inputenc)                not set up for use with LaTeX.

See the inputenc package documentation for explanation.
Type  H <return>  for immediate help.
 ...                                              
                                                  
l.157 		√Åp d·ª•ng ƒë·ªã
                        nh lu·∫≠t b·∫£o to√†n ƒë·ªông l∆∞·ª£ng tr∆∞·ªõc v√† ...

You may provide a definition with
\DeclareUnicodeCharacter 


! Package inputenc Error: Unicode character ·∫≠ (U+1EAD)
(inputenc)                not set up for use with LaTeX.

See the inputenc package documentation for explanation.
Type  H <return>  for immediate help.
 ...                                              
                                                  
l.157 		√Åp d·ª•ng ƒë·ªãnh lu·∫≠
                                t b·∫£o to√†n ƒë·ªông l∆∞·ª£ng tr∆∞·ªõc v√† ...

You may provide a definition with
\DeclareUnicodeCharacter 


! Package inputenc Error: Unicode character ·∫£ (U+1EA3)
(inputenc)                not set up for use with LaTeX.

See the inputenc package documentation for explanation.
Type  H <return>  for immediate help.
 ...                                              
                                                  
l.157 		√Åp d·ª•ng ƒë·ªãnh lu·∫≠t b·∫£
                                      o to√†n ƒë·ªông l∆∞·ª£ng tr∆∞·ªõc v√† ...

You may provide a definition with
\DeclareUnicodeCharacter 


! LaTeX Error: Command \dj unavailable in encoding OT1.

See the LaTeX manual or LaTeX Companion for explanation.
Type  H <return>  for immediate help.
 ...                                              
                                                  
l.157 		√Åp d·ª•ng ƒë·ªãnh lu·∫≠t b·∫£o to√†n ƒë
                                                ·ªông l∆∞·ª£ng tr∆∞·ªõc v√† ...

Your command was ignored.
Type  I <command> <return>  to replace it with another command,
or  <return>  to continue without it.


! Package inputenc Error: Unicode character ·ªô (U+1ED9)
(inputenc)                not set up for use with LaTeX.

See the inputenc package documentation for explanation.
Type  H <return>  for immediate help.
 ...                                              
                                                  
l.157 ...p d·ª•ng ƒë·ªãnh lu·∫≠t b·∫£o to√†n ƒë·ªô
                                                  ng l∆∞·ª£ng tr∆∞·ªõc v√† s...

You may provide a definition with
\DeclareUnicodeCharacter 


! Package inputenc Error: Unicode character ∆∞ (U+01B0)
(inputenc)                not set up for use with LaTeX.

See the inputenc package documentation for explanation.
Type  H <return>  for immediate help.
 ...                                              
                                                  
l.157 ...ng ƒë·ªãnh lu·∫≠t b·∫£o to√†n ƒë·ªông l∆∞
                                                  ·ª£ng tr∆∞·ªõc v√† sau khi...

You may provide a definition with
\DeclareUnicodeCharacter 


! Package inputenc Error: Unicode character ·ª£ (U+1EE3)
(inputenc)                not set up for use with LaTeX.

See the inputenc package documentation for explanation.
Type  H <return>  for immediate help.
 ...                                              
                                                  
l.157 ...ƒë·ªãnh lu·∫≠t b·∫£o to√†n ƒë·ªông l∆∞·ª£
                                                  ng tr∆∞·ªõc v√† sau khi b·...

You may provide a definition with
\DeclareUnicodeCharacter 


! Package inputenc Error: Unicode character ∆∞ (U+01B0)
(inputenc)                not set up for use with LaTeX.

See the inputenc package documentation for explanation.
Type  H <return>  for immediate help.
 ...                                              
                                                  
l.157 ... lu·∫≠t b·∫£o to√†n ƒë·ªông l∆∞·ª£ng tr∆∞
                                                  ·ªõc v√† sau khi b·∫Øn:
You may provide a definition with
\DeclareUnicodeCharacter 


! Package inputenc Error: Unicode character ·ªõ (U+1EDB)
(inputenc)                not set up for use with LaTeX.

See the inputenc package documentation for explanation.
Type  H <return>  for immediate help.
 ...                                              
                                                  
l.157 ...·∫≠t b·∫£o to√†n ƒë·ªông l∆∞·ª£ng tr∆∞·ªõ
                                                  c v√† sau khi b·∫Øn:
You may provide a definition with
\DeclareUnicodeCharacter 


! Package inputenc Error: Unicode character ·∫Ø (U+1EAF)
(inputenc)                not set up for use with LaTeX.

See the inputenc package documentation for explanation.
Type  H <return>  for immediate help.
 ...                                              
                                                  
l.157 ...ë·ªông l∆∞·ª£ng tr∆∞·ªõc v√† sau khi b·∫Ø
                                                  n:
You may provide a definition with
\DeclareUnicodeCharacter 


Overfull \hbox (20.28459pt too wide) in paragraph at lines 146--158
[]\OT1/cmr/bx/n/10 C^au
 []


Overfull \hbox (17.8888pt too wide) in paragraph at lines 146--158
\OT1/cmr/bx/n/10 0:]2
 []


Overfull \hbox (15.38881pt too wide) in paragraph at lines 146--158
\OT1/cmr/bx/n/10 Mt
 []


Overfull \hbox (18.84712pt too wide) in paragraph at lines 146--158
\OT1/cmr/bx/n/10 khu
 []


Overfull \hbox (23.06375pt too wide) in paragraph at lines 146--158
\OT1/cmr/bx/n/10 sung
 []


Overfull \hbox (15.97214pt too wide) in paragraph at lines 146--158
\OT1/cmr/bx/n/10 nm
 []


Overfull \hbox (29.86787pt too wide) in paragraph at lines 146--158
\OT1/cmr/bx/n/10 ngang
 []


Overfull \hbox (15.6527pt too wide) in paragraph at lines 146--158
\OT1/cmr/bx/n/10 khi
 []


Overfull \hbox (15.33325pt too wide) in paragraph at lines 146--158
\OT1/cmr/bx/n/10 lng
 []


Overfull \hbox (23.60997pt too wide) in paragraph at lines 146--158
\OML/cmm/m/it/10 m[] \OT1/cmr/m/n/10 =
 []


Overfull \hbox (23.19449pt too wide) in paragraph at lines 146--158
[][]$\OT1/cmr/bx/n/10 ,
 []


Overfull \hbox (12.77771pt too wide) in paragraph at lines 146--158
\OT1/cmr/bx/n/10 bn
 []


Overfull \hbox (14.05548pt too wide) in paragraph at lines 146--158
\OT1/cmr/bx/n/10 mt
 []


Overfull \hbox (20.92351pt too wide) in paragraph at lines 146--158
\OT1/cmr/bx/n/10 vi^en
 []


Overfull \hbox (6.38885pt too wide) in paragraph at lines 146--158
\OT1/cmr/bx/n/10 n
 []


Overfull \hbox (15.6527pt too wide) in paragraph at lines 146--158
\OT1/cmr/bx/n/10 khi
 []


Overfull \hbox (15.33325pt too wide) in paragraph at lines 146--158
\OT1/cmr/bx/n/10 lng
 []


Overfull \hbox (19.83565pt too wide) in paragraph at lines 146--158
\OML/cmm/m/it/10 m[] \OT1/cmr/m/n/10 =
 []


Overfull \hbox (13.19446pt too wide) in paragraph at lines 146--158
[][]$\OT1/cmr/bx/n/10 .
 []


Overfull \hbox (15.08325pt too wide) in paragraph at lines 146--158
\OT1/cmr/bx/n/10 Vn
 []


Overfull \hbox (9.58328pt too wide) in paragraph at lines 146--158
\OT1/cmr/bx/n/10 tc
 []


Overfull \hbox (20.92351pt too wide) in paragraph at lines 146--158
\OT1/cmr/bx/n/10 vi^en
 []


Overfull \hbox (6.38885pt too wide) in paragraph at lines 146--158
\OT1/cmr/bx/n/10 n
 []


Overfull \hbox (10.32632pt too wide) in paragraph at lines 146--158
\OT1/cmr/bx/n/10 ra
 []


Overfull \hbox (15.6527pt too wide) in paragraph at lines 146--158
\OT1/cmr/bx/n/10 khi
 []


Overfull \hbox (24.27765pt too wide) in paragraph at lines 146--158
\OT1/cmr/bx/n/10 nong
 []


Overfull \hbox (23.06375pt too wide) in paragraph at lines 146--158
\OT1/cmr/bx/n/10 sung
 []


Overfull \hbox (8.78465pt too wide) in paragraph at lines 146--158
\OT1/cmr/bx/n/10 la
 []


Overfull \hbox (23.19449pt too wide) in paragraph at lines 146--158
[]\OML/cmm/m/it/10 =$\OT1/cmr/bx/n/10 .
 []


Overfull \hbox (9.58328pt too wide) in paragraph at lines 146--158
\OT1/cmr/bx/n/10 ln
 []


Overfull \hbox (12.45827pt too wide) in paragraph at lines 146--158
\OT1/cmr/bx/n/10 vn
 []


Overfull \hbox (9.58328pt too wide) in paragraph at lines 146--158
\OT1/cmr/bx/n/10 tc
 []


Overfull \hbox (10.70131pt too wide) in paragraph at lines 146--158
\OT1/cmr/bx/n/10 ca
 []


Overfull \hbox (23.06375pt too wide) in paragraph at lines 146--158
\OT1/cmr/bx/n/10 sung
 []


Overfull \hbox (16.51515pt too wide) in paragraph at lines 146--158
\OT1/cmr/bx/n/10 sau
 []


Overfull \hbox (15.6527pt too wide) in paragraph at lines 146--158
\OT1/cmr/bx/n/10 khi
 []


Overfull \hbox (12.77771pt too wide) in paragraph at lines 146--158
\OT1/cmr/bx/n/10 bn
 []


Overfull \hbox (18.52768pt too wide) in paragraph at lines 146--158
\OT1/cmr/bx/n/10 bng
 []


Overfull \hbox (8.78465pt too wide) in paragraph at lines 146--158
\OT1/cmr/bx/n/10 la
 []


Overfull \hbox (17.72905pt too wide) in paragraph at lines 146--158
\OT1/cmr/bx/n/10 bao
 []


Overfull \hbox (33.06233pt too wide) in paragraph at lines 146--158
\OT1/cmr/bx/n/10 nhi^eu?
 []


Overfull \hbox (15.08325pt too wide) in paragraph at lines 146--158
[]\OT1/cmr/bx/n/10 Ap
 []


Overfull \hbox (18.52768pt too wide) in paragraph at lines 146--158
\OT1/cmr/bx/n/10 dng
 []


Overfull \hbox (12.77771pt too wide) in paragraph at lines 146--158
\OT1/cmr/bx/n/10 nh
 []


Overfull \hbox (14.05548pt too wide) in paragraph at lines 146--158
\OT1/cmr/bx/n/10 lut
 []


Overfull \hbox (12.13882pt too wide) in paragraph at lines 146--158
\OT1/cmr/bx/n/10 bo
 []


Overfull \hbox (22.20125pt too wide) in paragraph at lines 146--158
\OT1/cmr/bx/n/10 toan
 []


Overfull \hbox (12.13882pt too wide) in paragraph at lines 146--158
\OT1/cmr/bx/n/10 ng
 []


Overfull \hbox (15.33325pt too wide) in paragraph at lines 146--158
\OT1/cmr/bx/n/10 lng
 []


Overfull \hbox (14.31938pt too wide) in paragraph at lines 146--158
\OT1/cmr/bx/n/10 trc
 []


Overfull \hbox (11.65964pt too wide) in paragraph at lines 146--158
\OT1/cmr/bx/n/10 va
 []


Overfull \hbox (16.51515pt too wide) in paragraph at lines 146--158
\OT1/cmr/bx/n/10 sau
 []


Overfull \hbox (15.6527pt too wide) in paragraph at lines 146--158
\OT1/cmr/bx/n/10 khi
 []


Overfull \hbox (15.97214pt too wide) in paragraph at lines 146--158
\OT1/cmr/bx/n/10 bn: 
 []

! Undefined control sequence.
l.158 ..._1v_1' + m_2 v_2' \Rightarrow 0 + 0 = \SI
                                                  {1000}{kg} \cdot v_\text s...
The control sequence at the end of the top line
of your error message was never \def'ed. If you have
misspelled it (e.g., `\hobx'), type `I' and the correct
spelling (e.g., `I\hbox'). Otherwise just continue,
and I'll forget about whatever was undefined.

! Undefined control sequence.
l.158 ...arrow 0 + 0 = \SI{1000}{kg} \cdot v_\text
                                                   s + \SI{0.01}{kg} \cdot \...
The control sequence at the end of the top line
of your error message was never \def'ed. If you have
misspelled it (e.g., `\hobx'), type `I' and the correct
spelling (e.g., `I\hbox'). Otherwise just continue,
and I'll forget about whatever was undefined.

! Undefined control sequence.
l.158 ...+ 0 = \SI{1000}{kg} \cdot v_\text s + \SI
                                                  {0.01}{kg} \cdot \SI{600}{...
The control sequence at the end of the top line
of your error message was never \def'ed. If you have
misspelled it (e.g., `\hobx'), type `I' and the correct
spelling (e.g., `I\hbox'). Otherwise just continue,
and I'll forget about whatever was undefined.

! Undefined control sequence.
l.158 ...\cdot v_\text s + \SI{0.01}{kg} \cdot \SI
                                                  {600}{m/s} \Rightarrow v_\...
The control sequence at the end of the top line
of your error message was never \def'ed. If you have
misspelled it (e.g., `\hobx'), type `I' and the correct
spelling (e.g., `I\hbox'). Otherwise just continue,
and I'll forget about whatever was undefined.

! Undefined control sequence.
l.158 ...} \cdot \SI{600}{m/s} \Rightarrow v_\text
                                                   s = \SI{-6e-3}{m/s}$$
The control sequence at the end of the top line
of your error message was never \def'ed. If you have
misspelled it (e.g., `\hobx'), type `I' and the correct
spelling (e.g., `I\hbox'). Otherwise just continue,
and I'll forget about whatever was undefined.

! Undefined control sequence.
l.158 ...\SI{600}{m/s} \Rightarrow v_\text s = \SI
                                                  {-6e-3}{m/s}$$
The control sequence at the end of the top line
of your error message was never \def'ed. If you have
misspelled it (e.g., `\hobx'), type `I' and the correct
spelling (e.g., `I\hbox'). Otherwise just continue,
and I'll forget about whatever was undefined.


Overfull \hbox (372.08704pt too wide) detected at line 158
\OML/cmm/m/it/10 m[]v[] \OT1/cmr/m/n/10 + \OML/cmm/m/it/10 m[]v[] \OT1/cmr/m/n/
10 = \OML/cmm/m/it/10 m[]v[] \OT1/cmr/m/n/10 + \OML/cmm/m/it/10 m[]v[] \OMS/cms
y/m/n/10 ) \OT1/cmr/m/n/10 0 + 0 = [][] \OMS/cmsy/m/n/10  \OML/cmm/m/it/10 v[]
 \OT1/cmr/m/n/10 + [][] \OMS/cmsy/m/n/10  [][] ) \OML/cmm/m/it/10 v[] \OT1/cmr
/m/n/10 = [][]
 []


! Package inputenc Error: Unicode character ·∫• (U+1EA5)
(inputenc)                not set up for use with LaTeX.

See the inputenc package documentation for explanation.
Type  H <return>  for immediate help.
 ...                                              
                                                  
l.160 		D·∫•
            u $-$ ch·ª©ng t·ªè s√∫ng b·ªã gi·∫≠t l√πi.
You may provide a definition with
\DeclareUnicodeCharacter 


! Package inputenc Error: Unicode character ·ª© (U+1EE9)
(inputenc)                not set up for use with LaTeX.

See the inputenc package documentation for explanation.
Type  H <return>  for immediate help.
 ...                                              
                                                  
l.160 		D·∫•u $-$ ch·ª©
                       ng t·ªè s√∫ng b·ªã gi·∫≠t l√πi.
You may provide a definition with
\DeclareUnicodeCharacter 


! Package inputenc Error: Unicode character ·ªè (U+1ECF)
(inputenc)                not set up for use with LaTeX.

See the inputenc package documentation for explanation.
Type  H <return>  for immediate help.
 ...                                              
                                                  
l.160 		D·∫•u $-$ ch·ª©ng t·ªè
                               s√∫ng b·ªã gi·∫≠t l√πi.
You may provide a definition with
\DeclareUnicodeCharacter 


! Package inputenc Error: Unicode character ·ªã (U+1ECB)
(inputenc)                not set up for use with LaTeX.

See the inputenc package documentation for explanation.
Type  H <return>  for immediate help.
 ...                                              
                                                  
l.160 		D·∫•u $-$ ch·ª©ng t·ªè s√∫ng b·ªã
                                          gi·∫≠t l√πi.
You may provide a definition with
\DeclareUnicodeCharacter 


! Package inputenc Error: Unicode character ·∫≠ (U+1EAD)
(inputenc)                not set up for use with LaTeX.

See the inputenc package documentation for explanation.
Type  H <return>  for immediate help.
 ...                                              
                                                  
l.160 		D·∫•u $-$ ch·ª©ng t·ªè s√∫ng b·ªã gi·∫≠
                                               t l√πi.
You may provide a definition with
\DeclareUnicodeCharacter 


! LaTeX Error: Something's wrong--perhaps a missing \item.

See the LaTeX manual or LaTeX Companion for explanation.
Type  H <return>  for immediate help.
 ...                                              
                                                  
l.162 	\item \mkstar
                    {2}
Try typing  <return>  to proceed.
If that doesn't work, type  X <return>  to quit.


! LaTeX Error: Something's wrong--perhaps a missing \item.

See the LaTeX manual or LaTeX Companion for explanation.
Type  H <return>  for immediate help.
 ...                                              
                                                  
l.162 	\item \mkstar
                    {2}
Try typing  <return>  to proceed.
If that doesn't work, type  X <return>  to quit.


! LaTeX Error: Something's wrong--perhaps a missing \item.

See the LaTeX manual or LaTeX Companion for explanation.
Type  H <return>  for immediate help.
 ...                                              
                                                  
l.162 	\item \mkstar
                    {2}
Try typing  <return>  to proceed.
If that doesn't work, type  X <return>  to quit.

! Undefined control sequence.
<recently read> \mkstar 
                        
l.162 	\item \mkstar
                    {2}
The control sequence at the end of the top line
of your error message was never \def'ed. If you have
misspelled it (e.g., `\hobx'), type `I' and the correct
spelling (e.g., `I\hbox'). Otherwise just continue,
and I'll forget about whatever was undefined.


! Package inputenc Error: Unicode character ·ª≠ (U+1EED)
(inputenc)                not set up for use with LaTeX.

See the inputenc package documentation for explanation.
Type  H <return>  for immediate help.
 ...                                              
                                                  
l.166 		T√™n l·ª≠
                 a c√≥ kh·ªëi l∆∞·ª£ng v·ªè l√† 10 t·∫•n chuy·ªÉn ƒë·ªông v·...

You may provide a definition with
\DeclareUnicodeCharacter 


! Package inputenc Error: Unicode character ·ªë (U+1ED1)
(inputenc)                not set up for use with LaTeX.

See the inputenc package documentation for explanation.
Type  H <return>  for immediate help.
 ...                                              
                                                  
l.166 		T√™n l·ª≠a c√≥ kh·ªë
                            i l∆∞·ª£ng v·ªè l√† 10 t·∫•n chuy·ªÉn ƒë·ªông v·...

You may provide a definition with
\DeclareUnicodeCharacter 


! Package inputenc Error: Unicode character ∆∞ (U+01B0)
(inputenc)                not set up for use with LaTeX.

See the inputenc package documentation for explanation.
Type  H <return>  for immediate help.
 ...                                              
                                                  
l.166 		T√™n l·ª≠a c√≥ kh·ªëi l∆∞
                                 ·ª£ng v·ªè l√† 10 t·∫•n chuy·ªÉn ƒë·ªông v·...

You may provide a definition with
\DeclareUnicodeCharacter 


! Package inputenc Error: Unicode character ·ª£ (U+1EE3)
(inputenc)                not set up for use with LaTeX.

See the inputenc package documentation for explanation.
Type  H <return>  for immediate help.
 ...                                              
                                                  
l.166 		T√™n l·ª≠a c√≥ kh·ªëi l∆∞·ª£
                                    ng v·ªè l√† 10 t·∫•n chuy·ªÉn ƒë·ªông v·...

You may provide a definition with
\DeclareUnicodeCharacter 


! Package inputenc Error: Unicode character ·ªè (U+1ECF)
(inputenc)                not set up for use with LaTeX.

See the inputenc package documentation for explanation.
Type  H <return>  for immediate help.
 ...                                              
                                                  
l.166 		T√™n l·ª≠a c√≥ kh·ªëi l∆∞·ª£ng v·ªè
                                            l√† 10 t·∫•n chuy·ªÉn ƒë·ªông v·...

You may provide a definition with
\DeclareUnicodeCharacter 


! Package inputenc Error: Unicode character ·∫• (U+1EA5)
(inputenc)                not set up for use with LaTeX.

See the inputenc package documentation for explanation.
Type  H <return>  for immediate help.
 ...                                              
                                                  
l.166 ...·ª≠a c√≥ kh·ªëi l∆∞·ª£ng v·ªè l√† 10 t·∫•
                                                  n chuy·ªÉn ƒë·ªông v·ªõi v...

You may provide a definition with
\DeclareUnicodeCharacter 


! Package inputenc Error: Unicode character ·ªÉ (U+1EC3)
(inputenc)                not set up for use with LaTeX.

See the inputenc package documentation for explanation.
Type  H <return>  for immediate help.
 ...                                              
                                                  
l.166 ...kh·ªëi l∆∞·ª£ng v·ªè l√† 10 t·∫•n chuy·ªÉ
                                                  n ƒë·ªông v·ªõi v·∫≠n t·ªë...

You may provide a definition with
\DeclareUnicodeCharacter 


! LaTeX Error: Command \dj unavailable in encoding OT1.

See the LaTeX manual or LaTeX Companion for explanation.
Type  H <return>  for immediate help.
 ...                                              
                                                  
l.166 ...ëi l∆∞·ª£ng v·ªè l√† 10 t·∫•n chuy·ªÉn ƒë
                                                  ·ªông v·ªõi v·∫≠n t·ªëc $\...

Your command was ignored.
Type  I <command> <return>  to replace it with another command,
or  <return>  to continue without it.


! Package inputenc Error: Unicode character ·ªô (U+1ED9)
(inputenc)                not set up for use with LaTeX.

See the inputenc package documentation for explanation.
Type  H <return>  for immediate help.
 ...                                              
                                                  
l.166 ...l∆∞·ª£ng v·ªè l√† 10 t·∫•n chuy·ªÉn ƒë·ªô
                                                  ng v·ªõi v·∫≠n t·ªëc $\SI{...

You may provide a definition with
\DeclareUnicodeCharacter 


! Package inputenc Error: Unicode character ·ªõ (U+1EDB)
(inputenc)                not set up for use with LaTeX.

See the inputenc package documentation for explanation.
Type  H <return>  for immediate help.
 ...                                              
                                                  
l.166 ...g v·ªè l√† 10 t·∫•n chuy·ªÉn ƒë·ªông v·ªõ
                                                  i v·∫≠n t·ªëc $\SI{200}{\m...

You may provide a definition with
\DeclareUnicodeCharacter 


! Package inputenc Error: Unicode character ·∫≠ (U+1EAD)
(inputenc)                not set up for use with LaTeX.

See the inputenc package documentation for explanation.
Type  H <return>  for immediate help.
 ...                                              
                                                  
l.166 ... l√† 10 t·∫•n chuy·ªÉn ƒë·ªông v·ªõi v·∫≠
                                                  n t·ªëc $\SI{200}{\meter/\...

You may provide a definition with
\DeclareUnicodeCharacter 


! Package inputenc Error: Unicode character ·ªë (U+1ED1)
(inputenc)                not set up for use with LaTeX.

See the inputenc package documentation for explanation.
Type  H <return>  for immediate help.
 ...                                              
                                                  
l.166 ...0 t·∫•n chuy·ªÉn ƒë·ªông v·ªõi v·∫≠n t·ªë
                                                  c $\SI{200}{\meter/\second...

You may provide a definition with
\DeclareUnicodeCharacter 

! Undefined control sequence.
<recently read> \SI 
                    
l.166 ...n chuy·ªÉn ƒë·ªông v·ªõi v·∫≠n t·ªëc $\SI
                                                  {200}{\meter/\second}$ so ...
The control sequence at the end of the top line
of your error message was never \def'ed. If you have
misspelled it (e.g., `\hobx'), type `I' and the correct
spelling (e.g., `I\hbox'). Otherwise just continue,
and I'll forget about whatever was undefined.

! Undefined control sequence.
l.166 ...ë·ªông v·ªõi v·∫≠n t·ªëc $\SI{200}{\meter
                                                  /\second}$ so v·ªõi Tr√°i ...
The control sequence at the end of the top line
of your error message was never \def'ed. If you have
misspelled it (e.g., `\hobx'), type `I' and the correct
spelling (e.g., `I\hbox'). Otherwise just continue,
and I'll forget about whatever was undefined.

! Undefined control sequence.
l.166 ...·ªõi v·∫≠n t·ªëc $\SI{200}{\meter/\second
                                                  }$ so v·ªõi Tr√°i ƒê·∫•t, ...
The control sequence at the end of the top line
of your error message was never \def'ed. If you have
misspelled it (e.g., `\hobx'), type `I' and the correct
spelling (e.g., `I\hbox'). Otherwise just continue,
and I'll forget about whatever was undefined.


! Package inputenc Error: Unicode character ·ªõ (U+1EDB)
(inputenc)                not set up for use with LaTeX.

See the inputenc package documentation for explanation.
Type  H <return>  for immediate help.
 ...                                              
                                                  
l.166 ... t·ªëc $\SI{200}{\meter/\second}$ so v·ªõ
                                                  i Tr√°i ƒê·∫•t, 2 t·∫•n kh...

You may provide a definition with
\DeclareUnicodeCharacter 


! LaTeX Error: Command \DJ unavailable in encoding OT1.

See the LaTeX manual or LaTeX Companion for explanation.
Type  H <return>  for immediate help.
 ...                                              
                                                  
l.166 ...I{200}{\meter/\second}$ so v·ªõi Tr√°i ƒê
                                                  ·∫•t, 2 t·∫•n kh√≠ ph·ª•t ...

Your command was ignored.
Type  I <command> <return>  to replace it with another command,
or  <return>  to continue without it.


! Package inputenc Error: Unicode character ·∫• (U+1EA5)
(inputenc)                not set up for use with LaTeX.

See the inputenc package documentation for explanation.
Type  H <return>  for immediate help.
 ...                                              
                                                  
l.166 ...00}{\meter/\second}$ so v·ªõi Tr√°i ƒê·∫•
                                                  t, 2 t·∫•n kh√≠ ph·ª•t ra ...

You may provide a definition with
\DeclareUnicodeCharacter 


! Package inputenc Error: Unicode character ·∫• (U+1EA5)
(inputenc)                not set up for use with LaTeX.

See the inputenc package documentation for explanation.
Type  H <return>  for immediate help.
 ...                                              
                                                  
l.166 ...r/\second}$ so v·ªõi Tr√°i ƒê·∫•t, 2 t·∫•
                                                  n kh√≠ ph·ª•t ra ph√≠a sau...

You may provide a definition with
\DeclareUnicodeCharacter 


! Package inputenc Error: Unicode character ·ª• (U+1EE5)
(inputenc)                not set up for use with LaTeX.

See the inputenc package documentation for explanation.
Type  H <return>  for immediate help.
 ...                                              
                                                  
l.166 ...so v·ªõi Tr√°i ƒê·∫•t, 2 t·∫•n kh√≠ ph·ª•
                                                  t ra ph√≠a sau c√≥ v·∫≠n t...

You may provide a definition with
\DeclareUnicodeCharacter 


! Package inputenc Error: Unicode character ·∫≠ (U+1EAD)
(inputenc)                not set up for use with LaTeX.

See the inputenc package documentation for explanation.
Type  H <return>  for immediate help.
 ...                                              
                                                  
l.166 ...2 t·∫•n kh√≠ ph·ª•t ra ph√≠a sau c√≥ v·∫≠
                                                  n t·ªëc $\SI{500}{\meter/\...

You may provide a definition with
\DeclareUnicodeCharacter 


! Package inputenc Error: Unicode character ·ªë (U+1ED1)
(inputenc)                not set up for use with LaTeX.

See the inputenc package documentation for explanation.
Type  H <return>  for immediate help.
 ...                                              
                                                  
l.166 ...n kh√≠ ph·ª•t ra ph√≠a sau c√≥ v·∫≠n t·ªë
                                                  c $\SI{500}{\meter/\second...

You may provide a definition with
\DeclareUnicodeCharacter 

! Undefined control sequence.
<recently read> \SI 
                    
l.166 ... ph·ª•t ra ph√≠a sau c√≥ v·∫≠n t·ªëc $\SI
                                                  {500}{\meter/\second}$ so ...
The control sequence at the end of the top line
of your error message was never \def'ed. If you have
misspelled it (e.g., `\hobx'), type `I' and the correct
spelling (e.g., `I\hbox'). Otherwise just continue,
and I'll forget about whatever was undefined.

! Undefined control sequence.
l.166 ...h√≠a sau c√≥ v·∫≠n t·ªëc $\SI{500}{\meter
                                                  /\second}$ so v·ªõi Tr√°i ...
The control sequence at the end of the top line
of your error message was never \def'ed. If you have
misspelled it (e.g., `\hobx'), type `I' and the correct
spelling (e.g., `I\hbox'). Otherwise just continue,
and I'll forget about whatever was undefined.

! Undefined control sequence.
l.166 ... c√≥ v·∫≠n t·ªëc $\SI{500}{\meter/\second
                                                  }$ so v·ªõi Tr√°i ƒê·∫•t. ...
The control sequence at the end of the top line
of your error message was never \def'ed. If you have
misspelled it (e.g., `\hobx'), type `I' and the correct
spelling (e.g., `I\hbox'). Otherwise just continue,
and I'll forget about whatever was undefined.


! Package inputenc Error: Unicode character ·ªõ (U+1EDB)
(inputenc)                not set up for use with LaTeX.

See the inputenc package documentation for explanation.
Type  H <return>  for immediate help.
 ...                                              
                                                  
l.166 ... t·ªëc $\SI{500}{\meter/\second}$ so v·ªõ
                                                  i Tr√°i ƒê·∫•t. X√°c ƒë·ªã...

You may provide a definition with
\DeclareUnicodeCharacter 


! LaTeX Error: Command \DJ unavailable in encoding OT1.

See the LaTeX manual or LaTeX Companion for explanation.
Type  H <return>  for immediate help.
 ...                                              
                                                  
l.166 ...I{500}{\meter/\second}$ so v·ªõi Tr√°i ƒê
                                                  ·∫•t. X√°c ƒë·ªãnh v·∫≠n t...

Your command was ignored.
Type  I <command> <return>  to replace it with another command,
or  <return>  to continue without it.


! Package inputenc Error: Unicode character ·∫• (U+1EA5)
(inputenc)                not set up for use with LaTeX.

See the inputenc package documentation for explanation.
Type  H <return>  for immediate help.
 ...                                              
                                                  
l.166 ...00}{\meter/\second}$ so v·ªõi Tr√°i ƒê·∫•
                                                  t. X√°c ƒë·ªãnh v·∫≠n t·ªë...

You may provide a definition with
\DeclareUnicodeCharacter 


! LaTeX Error: Command \dj unavailable in encoding OT1.

See the LaTeX manual or LaTeX Companion for explanation.
Type  H <return>  for immediate help.
 ...                                              
                                                  
l.166 .../\second}$ so v·ªõi Tr√°i ƒê·∫•t. X√°c ƒë
                                                  ·ªãnh v·∫≠n t·ªëc c·ªßa t√...

Your command was ignored.
Type  I <command> <return>  to replace it with another command,
or  <return>  to continue without it.


! Package inputenc Error: Unicode character ·ªã (U+1ECB)
(inputenc)                not set up for use with LaTeX.

See the inputenc package documentation for explanation.
Type  H <return>  for immediate help.
 ...                                              
                                                  
l.166 ...econd}$ so v·ªõi Tr√°i ƒê·∫•t. X√°c ƒë·ªã
                                                  nh v·∫≠n t·ªëc c·ªßa t√™n ...

You may provide a definition with
\DeclareUnicodeCharacter 


! Package inputenc Error: Unicode character ·∫≠ (U+1EAD)
(inputenc)                not set up for use with LaTeX.

See the inputenc package documentation for explanation.
Type  H <return>  for immediate help.
 ...                                              
                                                  
l.166 ... so v·ªõi Tr√°i ƒê·∫•t. X√°c ƒë·ªãnh v·∫≠
                                                  n t·ªëc c·ªßa t√™n l·ª≠a s...
(That makes 100 errors; please try again.) 
Here is how much of TeX's memory you used:
 64 strings out of 478927
 979 string characters out of 2853008
 294183 words of memory out of 3000000
 18022 multiletter control sequences out of 15000+600000
 403738 words of font info for 28 fonts, out of 8000000 for 9000
 1141 hyphenation exceptions out of 8191
 18i,2n,12p,359b,161s stack positions out of 5000i,500n,10000p,200000b,80000s

!  ==> Fatal error occurred, no output PDF file produced!
