This is pdfTeX, Version 3.141592653-2.6-1.40.23 (MiKTeX 21.10) (preloaded format=pdflatex 2021.10.18)  1 AUG 2022 11:02
entering extended mode
**./VN10-2022-PH-TP037.tex
(VN10-2022-PH-TP037.tex
LaTeX2e <2021-06-01> patch level 1
L3 programming layer <2021-10-12>

! LaTeX Error: No counter 'section' defined.

See the LaTeX manual or LaTeX Companion for explanation.
Type  H <return>  for immediate help.
 ...                                              
                                                  
l.1 \setcounter{section}{0}
                           
Your command was ignored.
Type  I <command> <return>  to replace it with another command,
or  <return>  to continue without it.

! Undefined control sequence.
l.2 \section
            {T·ª± lu·∫≠n}
The control sequence at the end of the top line
of your error message was never \def'ed. If you have
misspelled it (e.g., `\hobx'), type `I' and the correct
spelling (e.g., `I\hbox'). Otherwise just continue,
and I'll forget about whatever was undefined.


! LaTeX Error: Missing \begin{document}.

See the LaTeX manual or LaTeX Companion for explanation.
Type  H <return>  for immediate help.
 ...                                              
                                                  
l.2 \section{T
              ·ª± lu·∫≠n}
You're in trouble here.  Try typing  <return>  to proceed.
If that doesn't work, type  X <return>  to quit.

Missing character: There is no T in font nullfont!

! Package inputenc Error: Unicode character ·ª± (U+1EF1)
(inputenc)                not set up for use with LaTeX.

See the inputenc package documentation for explanation.
Type  H <return>  for immediate help.
 ...                                              
                                                  
l.2 \section{T·ª±
                  lu·∫≠n}
You may provide a definition with
\DeclareUnicodeCharacter 

Missing character: There is no l in font nullfont!
Missing character: There is no u in font nullfont!

! Package inputenc Error: Unicode character ·∫≠ (U+1EAD)
(inputenc)                not set up for use with LaTeX.

See the inputenc package documentation for explanation.
Type  H <return>  for immediate help.
 ...                                              
                                                  
l.2 \section{T·ª± lu·∫≠
                       n}
You may provide a definition with
\DeclareUnicodeCharacter 

Missing character: There is no n in font nullfont!

Overfull \hbox (20.0pt too wide) in paragraph at lines 2--3
[] 
 []


! LaTeX Error: Missing \begin{document}.

See the LaTeX manual or LaTeX Companion for explanation.
Type  H <return>  for immediate help.
 ...                                              
                                                  
l.3 \begin{enumerate}[
                      label=\bfseries C√¢u \arabic*:]
You're in trouble here.  Try typing  <return>  to proceed.
If that doesn't work, type  X <return>  to quit.

Missing character: There is no [ in font nullfont!
Missing character: There is no l in font nullfont!
Missing character: There is no a in font nullfont!
Missing character: There is no b in font nullfont!
Missing character: There is no e in font nullfont!
Missing character: There is no l in font nullfont!
Missing character: There is no = in font nullfont!
! Missing number, treated as zero.
<to be read again> 
                   \c@* 
l.3 ...in{enumerate}[label=\bfseries C√¢u \arabic*
                                                  :]
A number should have been here; I inserted `0'.
(If you can't figure out why I needed to see a number,
look up `weird error' in the index to The TeXbook.)


! LaTeX Error: Something's wrong--perhaps a missing \item.

See the LaTeX manual or LaTeX Companion for explanation.
Type  H <return>  for immediate help.
 ...                                              
                                                  
l.4 	\item \mkstar
                  {2}
Try typing  <return>  to proceed.
If that doesn't work, type  X <return>  to quit.


! LaTeX Error: Something's wrong--perhaps a missing \item.

See the LaTeX manual or LaTeX Companion for explanation.
Type  H <return>  for immediate help.
 ...                                              
                                                  
l.4 	\item \mkstar
                  {2}
Try typing  <return>  to proceed.
If that doesn't work, type  X <return>  to quit.


! LaTeX Error: Something's wrong--perhaps a missing \item.

See the LaTeX manual or LaTeX Companion for explanation.
Type  H <return>  for immediate help.
 ...                                              
                                                  
l.4 	\item \mkstar
                  {2}
Try typing  <return>  to proceed.
If that doesn't work, type  X <return>  to quit.

! Undefined control sequence.
<recently read> \mkstar 
                        
l.4 	\item \mkstar
                  {2}
The control sequence at the end of the top line
of your error message was never \def'ed. If you have
misspelled it (e.g., `\hobx'), type `I' and the correct
spelling (e.g., `I\hbox'). Otherwise just continue,
and I'll forget about whatever was undefined.


! Package inputenc Error: Unicode character ·ª© (U+1EE9)
(inputenc)                not set up for use with LaTeX.

See the inputenc package documentation for explanation.
Type  H <return>  for immediate help.
 ...                                              
                                                  
l.8 		N√™u cƒÉn c·ª©
                     x√°c ƒë·ªãnh ph∆∞∆°ng h∆∞·ªõng khi quan s√°t b·∫ßu tr·ª...

You may provide a definition with
\DeclareUnicodeCharacter 


! LaTeX Error: Command \dj unavailable in encoding OT1.

See the LaTeX manual or LaTeX Companion for explanation.
Type  H <return>  for immediate help.
 ...                                              
                                                  
l.8 		N√™u cƒÉn c·ª© x√°c ƒë
                            ·ªãnh ph∆∞∆°ng h∆∞·ªõng khi quan s√°t b·∫ßu tr·ª...

Your command was ignored.
Type  I <command> <return>  to replace it with another command,
or  <return>  to continue without it.


! Package inputenc Error: Unicode character ·ªã (U+1ECB)
(inputenc)                not set up for use with LaTeX.

See the inputenc package documentation for explanation.
Type  H <return>  for immediate help.
 ...                                              
                                                  
l.8 		N√™u cƒÉn c·ª© x√°c ƒë·ªã
                               nh ph∆∞∆°ng h∆∞·ªõng khi quan s√°t b·∫ßu tr·ª...

You may provide a definition with
\DeclareUnicodeCharacter 


! Package inputenc Error: Unicode character ∆∞ (U+01B0)
(inputenc)                not set up for use with LaTeX.

See the inputenc package documentation for explanation.
Type  H <return>  for immediate help.
 ...                                              
                                                  
l.8 		N√™u cƒÉn c·ª© x√°c ƒë·ªãnh ph∆∞
                                      ∆°ng h∆∞·ªõng khi quan s√°t b·∫ßu tr·ª...

You may provide a definition with
\DeclareUnicodeCharacter 


! Package inputenc Error: Unicode character ∆° (U+01A1)
(inputenc)                not set up for use with LaTeX.

See the inputenc package documentation for explanation.
Type  H <return>  for immediate help.
 ...                                              
                                                  
l.8 		N√™u cƒÉn c·ª© x√°c ƒë·ªãnh ph∆∞∆°
                                        ng h∆∞·ªõng khi quan s√°t b·∫ßu tr·ª...

You may provide a definition with
\DeclareUnicodeCharacter 


! Package inputenc Error: Unicode character ∆∞ (U+01B0)
(inputenc)                not set up for use with LaTeX.

See the inputenc package documentation for explanation.
Type  H <return>  for immediate help.
 ...                                              
                                                  
l.8 		N√™u cƒÉn c·ª© x√°c ƒë·ªãnh ph∆∞∆°ng h∆∞
                                              ·ªõng khi quan s√°t b·∫ßu tr·ª...

You may provide a definition with
\DeclareUnicodeCharacter 


! Package inputenc Error: Unicode character ·ªõ (U+1EDB)
(inputenc)                not set up for use with LaTeX.

See the inputenc package documentation for explanation.
Type  H <return>  for immediate help.
 ...                                              
                                                  
l.8 		N√™u cƒÉn c·ª© x√°c ƒë·ªãnh ph∆∞∆°ng h∆∞·ªõ
                                                 ng khi quan s√°t b·∫ßu tr·ª...

You may provide a definition with
\DeclareUnicodeCharacter 


! Package inputenc Error: Unicode character ·∫ß (U+1EA7)
(inputenc)                not set up for use with LaTeX.

See the inputenc package documentation for explanation.
Type  H <return>  for immediate help.
 ...                                              
                                                  
l.8 ...ë·ªãnh ph∆∞∆°ng h∆∞·ªõng khi quan s√°t b·∫ß
                                                  u tr·ªùi sao.
You may provide a definition with
\DeclareUnicodeCharacter 


! Package inputenc Error: Unicode character ·ªù (U+1EDD)
(inputenc)                not set up for use with LaTeX.

See the inputenc package documentation for explanation.
Type  H <return>  for immediate help.
 ...                                              
                                                  
l.8 ...ph∆∞∆°ng h∆∞·ªõng khi quan s√°t b·∫ßu tr·ªù
                                                  i sao.
You may provide a definition with
\DeclareUnicodeCharacter 

! Undefined control sequence.
l.11 		\hideall
               {
The control sequence at the end of the top line
of your error message was never \def'ed. If you have
misspelled it (e.g., `\hobx'), type `I' and the correct
spelling (e.g., `I\hbox'). Otherwise just continue,
and I'll forget about whatever was undefined.


! Package inputenc Error: Unicode character ·ªØ (U+1EEF)
(inputenc)                not set up for use with LaTeX.

See the inputenc package documentation for explanation.
Type  H <return>  for immediate help.
 ...                                              
                                                  
l.13 		‚Äì V√†o nh·ªØ
                     ng ƒë√™m kh√¥ng c√≥ trƒÉng, sao m·ªçc ƒë·∫ßy tr·ªùi, mu...

You may provide a definition with
\DeclareUnicodeCharacter 


! LaTeX Error: Command \dj unavailable in encoding OT1.

See the LaTeX manual or LaTeX Companion for explanation.
Type  H <return>  for immediate help.
 ...                                              
                                                  
l.13 		‚Äì V√†o nh·ªØng ƒë
                          √™m kh√¥ng c√≥ trƒÉng, sao m·ªçc ƒë·∫ßy tr·ªùi, mu...

Your command was ignored.
Type  I <command> <return>  to replace it with another command,
or  <return>  to continue without it.


! Package inputenc Error: Unicode character ·ªç (U+1ECD)
(inputenc)                not set up for use with LaTeX.

See the inputenc package documentation for explanation.
Type  H <return>  for immediate help.
 ...                                              
                                                  
l.13 ... nh·ªØng ƒë√™m kh√¥ng c√≥ trƒÉng, sao m·ªç
                                                  c ƒë·∫ßy tr·ªùi, mu·ªën t√...

You may provide a definition with
\DeclareUnicodeCharacter 


! LaTeX Error: Command \dj unavailable in encoding OT1.

See the LaTeX manual or LaTeX Companion for explanation.
Type  H <return>  for immediate help.
 ...                                              
                                                  
l.13 ...ªØng ƒë√™m kh√¥ng c√≥ trƒÉng, sao m·ªçc ƒë
                                                  ·∫ßy tr·ªùi, mu·ªën t√¨m p...

Your command was ignored.
Type  I <command> <return>  to replace it with another command,
or  <return>  to continue without it.


! Package inputenc Error: Unicode character ·∫ß (U+1EA7)
(inputenc)                not set up for use with LaTeX.

See the inputenc package documentation for explanation.
Type  H <return>  for immediate help.
 ...                                              
                                                  
l.13 ...g ƒë√™m kh√¥ng c√≥ trƒÉng, sao m·ªçc ƒë·∫ß
                                                  y tr·ªùi, mu·ªën t√¨m ph∆∞...

You may provide a definition with
\DeclareUnicodeCharacter 


! Package inputenc Error: Unicode character ·ªù (U+1EDD)
(inputenc)                not set up for use with LaTeX.

See the inputenc package documentation for explanation.
Type  H <return>  for immediate help.
 ...                                              
                                                  
l.13 ... kh√¥ng c√≥ trƒÉng, sao m·ªçc ƒë·∫ßy tr·ªù
                                                  i, mu·ªën t√¨m ph∆∞∆°ng h∆...

You may provide a definition with
\DeclareUnicodeCharacter 


! Package inputenc Error: Unicode character ·ªë (U+1ED1)
(inputenc)                not set up for use with LaTeX.

See the inputenc package documentation for explanation.
Type  H <return>  for immediate help.
 ...                                              
                                                  
l.13 ...c√≥ trƒÉng, sao m·ªçc ƒë·∫ßy tr·ªùi, mu·ªë
                                                  n t√¨m ph∆∞∆°ng h∆∞·ªõng c...

You may provide a definition with
\DeclareUnicodeCharacter 


! Package inputenc Error: Unicode character ∆∞ (U+01B0)
(inputenc)                not set up for use with LaTeX.

See the inputenc package documentation for explanation.
Type  H <return>  for immediate help.
 ...                                              
                                                  
l.13 ... sao m·ªçc ƒë·∫ßy tr·ªùi, mu·ªën t√¨m ph∆∞
                                                  ∆°ng h∆∞·ªõng cho ch√≠nh x...

You may provide a definition with
\DeclareUnicodeCharacter 


! Package inputenc Error: Unicode character ∆° (U+01A1)
(inputenc)                not set up for use with LaTeX.

See the inputenc package documentation for explanation.
Type  H <return>  for immediate help.
 ...                                              
                                                  
l.13 ...ao m·ªçc ƒë·∫ßy tr·ªùi, mu·ªën t√¨m ph∆∞∆°
                                                  ng h∆∞·ªõng cho ch√≠nh x√°...

You may provide a definition with
\DeclareUnicodeCharacter 


! Package inputenc Error: Unicode character ∆∞ (U+01B0)
(inputenc)                not set up for use with LaTeX.

See the inputenc package documentation for explanation.
Type  H <return>  for immediate help.
 ...                                              
                                                  
l.13 ...çc ƒë·∫ßy tr·ªùi, mu·ªën t√¨m ph∆∞∆°ng h∆∞
                                                  ·ªõng cho ch√≠nh x√°c, b·∫...

You may provide a definition with
\DeclareUnicodeCharacter 


! Package inputenc Error: Unicode character ·ªõ (U+1EDB)
(inputenc)                not set up for use with LaTeX.

See the inputenc package documentation for explanation.
Type  H <return>  for immediate help.
 ...                                              
                                                  
l.13 ...ƒë·∫ßy tr·ªùi, mu·ªën t√¨m ph∆∞∆°ng h∆∞·ªõ
                                                  ng cho ch√≠nh x√°c, b·∫°n ...

You may provide a definition with
\DeclareUnicodeCharacter 


! Package inputenc Error: Unicode character ·∫° (U+1EA1)
(inputenc)                not set up for use with LaTeX.

See the inputenc package documentation for explanation.
Type  H <return>  for immediate help.
 ...                                              
                                                  
l.13 ...¨m ph∆∞∆°ng h∆∞·ªõng cho ch√≠nh x√°c, b·∫°
                                                  n ph·∫£i t√¨m ƒë·∫øn sao B...

You may provide a definition with
\DeclareUnicodeCharacter 


! Package inputenc Error: Unicode character ·∫£ (U+1EA3)
(inputenc)                not set up for use with LaTeX.

See the inputenc package documentation for explanation.
Type  H <return>  for immediate help.
 ...                                              
                                                  
l.13 ...∆°ng h∆∞·ªõng cho ch√≠nh x√°c, b·∫°n ph·∫£
                                                  i t√¨m ƒë·∫øn sao B·∫Øc c·...

You may provide a definition with
\DeclareUnicodeCharacter 


! LaTeX Error: Command \dj unavailable in encoding OT1.

See the LaTeX manual or LaTeX Companion for explanation.
Type  H <return>  for immediate help.
 ...                                              
                                                  
l.13 ...ªõng cho ch√≠nh x√°c, b·∫°n ph·∫£i t√¨m ƒë
                                                  ·∫øn sao B·∫Øc c·ª±c (B·∫Ø...

Your command was ignored.
Type  I <command> <return>  to replace it with another command,
or  <return>  to continue without it.


! Package inputenc Error: Unicode character ·∫ø (U+1EBF)
(inputenc)                not set up for use with LaTeX.

See the inputenc package documentation for explanation.
Type  H <return>  for immediate help.
 ...                                              
                                                  
l.13 ...g cho ch√≠nh x√°c, b·∫°n ph·∫£i t√¨m ƒë·∫ø
                                                  n sao B·∫Øc c·ª±c (B·∫Øc ƒ...

You may provide a definition with
\DeclareUnicodeCharacter 


! Package inputenc Error: Unicode character ·∫Ø (U+1EAF)
(inputenc)                not set up for use with LaTeX.

See the inputenc package documentation for explanation.
Type  H <return>  for immediate help.
 ...                                              
                                                  
l.13 ...nh x√°c, b·∫°n ph·∫£i t√¨m ƒë·∫øn sao B·∫Ø
                                                  c c·ª±c (B·∫Øc ƒë·∫©u: Eto...

You may provide a definition with
\DeclareUnicodeCharacter 


! Package inputenc Error: Unicode character ·ª± (U+1EF1)
(inputenc)                not set up for use with LaTeX.

See the inputenc package documentation for explanation.
Type  H <return>  for immediate help.
 ...                                              
                                                  
l.13 ...c, b·∫°n ph·∫£i t√¨m ƒë·∫øn sao B·∫Øc c·ª±
                                                  c (B·∫Øc ƒë·∫©u: Etoile Po...

You may provide a definition with
\DeclareUnicodeCharacter 


! Package inputenc Error: Unicode character ·∫Ø (U+1EAF)
(inputenc)                not set up for use with LaTeX.

See the inputenc package documentation for explanation.
Type  H <return>  for immediate help.
 ...                                              
                                                  
l.13 ...n ph·∫£i t√¨m ƒë·∫øn sao B·∫Øc c·ª±c (B·∫Ø
                                                  c ƒë·∫©u: Etoile Polaire) ...

You may provide a definition with
\DeclareUnicodeCharacter 


! LaTeX Error: Command \dj unavailable in encoding OT1.

See the LaTeX manual or LaTeX Companion for explanation.
Type  H <return>  for immediate help.
 ...                                              
                                                  
l.13 ...·∫£i t√¨m ƒë·∫øn sao B·∫Øc c·ª±c (B·∫Øc ƒë
                                                  ·∫©u: Etoile Polaire) ƒë·ª...

Your command was ignored.
Type  I <command> <return>  to replace it with another command,
or  <return>  to continue without it.


! Package inputenc Error: Unicode character ·∫© (U+1EA9)
(inputenc)                not set up for use with LaTeX.

See the inputenc package documentation for explanation.
Type  H <return>  for immediate help.
 ...                                              
                                                  
l.13 ...i t√¨m ƒë·∫øn sao B·∫Øc c·ª±c (B·∫Øc ƒë·∫©
                                                  u: Etoile Polaire) ƒë·ªÉ b...

You may provide a definition with
\DeclareUnicodeCharacter 


! LaTeX Error: Command \dj unavailable in encoding OT1.

See the LaTeX manual or LaTeX Companion for explanation.
Type  H <return>  for immediate help.
 ...                                              
                                                  
l.13 ...Øc c·ª±c (B·∫Øc ƒë·∫©u: Etoile Polaire) ƒë
                                                  ·ªÉ bi·∫øt h∆∞·ªõng B·∫Øc ...

Your command was ignored.
Type  I <command> <return>  to replace it with another command,
or  <return>  to continue without it.


! Package inputenc Error: Unicode character ·ªÉ (U+1EC3)
(inputenc)                not set up for use with LaTeX.

See the inputenc package documentation for explanation.
Type  H <return>  for immediate help.
 ...                                              
                                                  
l.13 ...c·ª±c (B·∫Øc ƒë·∫©u: Etoile Polaire) ƒë·ªÉ
                                                   bi·∫øt h∆∞·ªõng B·∫Øc ho·...

You may provide a definition with
\DeclareUnicodeCharacter 


! Package inputenc Error: Unicode character ·∫ø (U+1EBF)
(inputenc)                not set up for use with LaTeX.

See the inputenc package documentation for explanation.
Type  H <return>  for immediate help.
 ...                                              
                                                  
l.13 ...(B·∫Øc ƒë·∫©u: Etoile Polaire) ƒë·ªÉ bi·∫ø
                                                  t h∆∞·ªõng B·∫Øc ho·∫∑c sa...

You may provide a definition with
\DeclareUnicodeCharacter 


! Package inputenc Error: Unicode character ∆∞ (U+01B0)
(inputenc)                not set up for use with LaTeX.

See the inputenc package documentation for explanation.
Type  H <return>  for immediate help.
 ...                                              
                                                  
l.13 ...c ƒë·∫©u: Etoile Polaire) ƒë·ªÉ bi·∫øt h∆∞
                                                  ·ªõng B·∫Øc ho·∫∑c sao Nam...

You may provide a definition with
\DeclareUnicodeCharacter 


! Package inputenc Error: Unicode character ·ªõ (U+1EDB)
(inputenc)                not set up for use with LaTeX.

See the inputenc package documentation for explanation.
Type  H <return>  for immediate help.
 ...                                              
                                                  
l.13 ...ë·∫©u: Etoile Polaire) ƒë·ªÉ bi·∫øt h∆∞·ªõ
                                                  ng B·∫Øc ho·∫∑c sao Nam Th...

You may provide a definition with
\DeclareUnicodeCharacter 


! Package inputenc Error: Unicode character ·∫Ø (U+1EAF)
(inputenc)                not set up for use with LaTeX.

See the inputenc package documentation for explanation.
Type  H <return>  for immediate help.
 ...                                              
                                                  
l.13 ...Etoile Polaire) ƒë·ªÉ bi·∫øt h∆∞·ªõng B·∫Ø
                                                  c ho·∫∑c sao Nam Th·∫≠p (C...

You may provide a definition with
\DeclareUnicodeCharacter 


! Package inputenc Error: Unicode character ·∫∑ (U+1EB7)
(inputenc)                not set up for use with LaTeX.

See the inputenc package documentation for explanation.
Type  H <return>  for immediate help.
 ...                                              
                                                  
l.13 ...Polaire) ƒë·ªÉ bi·∫øt h∆∞·ªõng B·∫Øc ho·∫∑
                                                  c sao Nam Th·∫≠p (Croix du...

You may provide a definition with
\DeclareUnicodeCharacter 


! Package inputenc Error: Unicode character ·∫≠ (U+1EAD)
(inputenc)                not set up for use with LaTeX.

See the inputenc package documentation for explanation.
Type  H <return>  for immediate help.
 ...                                              
                                                  
l.13 ...bi·∫øt h∆∞·ªõng B·∫Øc ho·∫∑c sao Nam Th·∫≠
                                                  p (Croix du Sud) ƒë·ªÉ bi·...

You may provide a definition with
\DeclareUnicodeCharacter 


! LaTeX Error: Command \dj unavailable in encoding OT1.

See the LaTeX manual or LaTeX Companion for explanation.
Type  H <return>  for immediate help.
 ...                                              
                                                  
l.13 ...Øc ho·∫∑c sao Nam Th·∫≠p (Croix du Sud) ƒë
                                                  ·ªÉ bi·∫øt h∆∞·ªõng Nam. S...

Your command was ignored.
Type  I <command> <return>  to replace it with another command,
or  <return>  to continue without it.


! Package inputenc Error: Unicode character ·ªÉ (U+1EC3)
(inputenc)                not set up for use with LaTeX.

See the inputenc package documentation for explanation.
Type  H <return>  for immediate help.
 ...                                              
                                                  
l.13 ...ho·∫∑c sao Nam Th·∫≠p (Croix du Sud) ƒë·ªÉ
                                                   bi·∫øt h∆∞·ªõng Nam. Sao ...

You may provide a definition with
\DeclareUnicodeCharacter 


! Package inputenc Error: Unicode character ·∫ø (U+1EBF)
(inputenc)                not set up for use with LaTeX.

See the inputenc package documentation for explanation.
Type  H <return>  for immediate help.
 ...                                              
                                                  
l.13 ... sao Nam Th·∫≠p (Croix du Sud) ƒë·ªÉ bi·∫ø
                                                  t h∆∞·ªõng Nam. Sao B·∫Øc ...

You may provide a definition with
\DeclareUnicodeCharacter 


! Package inputenc Error: Unicode character ∆∞ (U+01B0)
(inputenc)                not set up for use with LaTeX.

See the inputenc package documentation for explanation.
Type  H <return>  for immediate help.
 ...                                              
                                                  
l.13 ...Nam Th·∫≠p (Croix du Sud) ƒë·ªÉ bi·∫øt h∆∞
                                                  ·ªõng Nam. Sao B·∫Øc c·ª±c...

You may provide a definition with
\DeclareUnicodeCharacter 


! Package inputenc Error: Unicode character ·ªõ (U+1EDB)
(inputenc)                not set up for use with LaTeX.

See the inputenc package documentation for explanation.
Type  H <return>  for immediate help.
 ...                                              
                                                  
l.13 ... Th·∫≠p (Croix du Sud) ƒë·ªÉ bi·∫øt h∆∞·ªõ
                                                  ng Nam. Sao B·∫Øc c·ª±c l√...

You may provide a definition with
\DeclareUnicodeCharacter 


! Package inputenc Error: Unicode character ·∫Ø (U+1EAF)
(inputenc)                not set up for use with LaTeX.

See the inputenc package documentation for explanation.
Type  H <return>  for immediate help.
 ...                                              
                                                  
l.13 ...u Sud) ƒë·ªÉ bi·∫øt h∆∞·ªõng Nam. Sao B·∫Ø
                                                  c c·ª±c l√£i nh·ªè, v√¨ v·...

You may provide a definition with
\DeclareUnicodeCharacter 


! Package inputenc Error: Unicode character ·ª± (U+1EF1)
(inputenc)                not set up for use with LaTeX.

See the inputenc package documentation for explanation.
Type  H <return>  for immediate help.
 ...                                              
                                                  
l.13 ... ƒë·ªÉ bi·∫øt h∆∞·ªõng Nam. Sao B·∫Øc c·ª±
                                                  c l√£i nh·ªè, v√¨ v·∫≠y mu...

You may provide a definition with
\DeclareUnicodeCharacter 


! Package inputenc Error: Unicode character ·ªè (U+1ECF)
(inputenc)                not set up for use with LaTeX.

See the inputenc package documentation for explanation.
Type  H <return>  for immediate help.
 ...                                              
                                                  
l.13 ...t h∆∞·ªõng Nam. Sao B·∫Øc c·ª±c l√£i nh·ªè
                                                  , v√¨ v·∫≠y mu·ªën t√¨m sa...

You may provide a definition with
\DeclareUnicodeCharacter 


! Package inputenc Error: Unicode character ·∫≠ (U+1EAD)
(inputenc)                not set up for use with LaTeX.

See the inputenc package documentation for explanation.
Type  H <return>  for immediate help.
 ...                                              
                                                  
l.13 ... Nam. Sao B·∫Øc c·ª±c l√£i nh·ªè, v√¨ v·∫≠
                                                  y mu·ªën t√¨m sao B·∫Øc c·...

You may provide a definition with
\DeclareUnicodeCharacter 


! Package inputenc Error: Unicode character ·ªë (U+1ED1)
(inputenc)                not set up for use with LaTeX.

See the inputenc package documentation for explanation.
Type  H <return>  for immediate help.
 ...                                              
                                                  
l.13 ...ao B·∫Øc c·ª±c l√£i nh·ªè, v√¨ v·∫≠y mu·ªë
                                                  n t√¨m sao B·∫Øc c·ª±c ta ...

You may provide a definition with
\DeclareUnicodeCharacter 


! Package inputenc Error: Unicode character ·∫Ø (U+1EAF)
(inputenc)                not set up for use with LaTeX.

See the inputenc package documentation for explanation.
Type  H <return>  for immediate help.
 ...                                              
                                                  
l.13 ...l√£i nh·ªè, v√¨ v·∫≠y mu·ªën t√¨m sao B·∫Ø
                                                  c c·ª±c ta ph·∫£i d·ª±a v√...

You may provide a definition with
\DeclareUnicodeCharacter 


! Package inputenc Error: Unicode character ·ª± (U+1EF1)
(inputenc)                not set up for use with LaTeX.

See the inputenc package documentation for explanation.
Type  H <return>  for immediate help.
 ...                                              
                                                  
l.13 ...h·ªè, v√¨ v·∫≠y mu·ªën t√¨m sao B·∫Øc c·ª±
                                                  c ta ph·∫£i d·ª±a v√†o c√°...

You may provide a definition with
\DeclareUnicodeCharacter 


! Package inputenc Error: Unicode character ·∫£ (U+1EA3)
(inputenc)                not set up for use with LaTeX.

See the inputenc package documentation for explanation.
Type  H <return>  for immediate help.
 ...                                              
                                                  
l.13 ...v·∫≠y mu·ªën t√¨m sao B·∫Øc c·ª±c ta ph·∫£
                                                  i d·ª±a v√†o c√°c ch√≤m sa...

You may provide a definition with
\DeclareUnicodeCharacter 


! Package inputenc Error: Unicode character ·ª± (U+1EF1)
(inputenc)                not set up for use with LaTeX.

See the inputenc package documentation for explanation.
Type  H <return>  for immediate help.
 ...                                              
                                                  
l.13 ...mu·ªën t√¨m sao B·∫Øc c·ª±c ta ph·∫£i d·ª±
                                                  a v√†o c√°c ch√≤m sao n√†o...

You may provide a definition with
\DeclareUnicodeCharacter 


! Package inputenc Error: Unicode character ∆∞ (U+01B0)
(inputenc)                not set up for use with LaTeX.

See the inputenc package documentation for explanation.
Type  H <return>  for immediate help.
 ...                                              
                                                  
l.13 ... ph·∫£i d·ª±a v√†o c√°c ch√≤m sao n√†o t∆∞
                                                  ∆°ng ƒë·ªëi s√°ng c√≥ h√¨n...

You may provide a definition with
\DeclareUnicodeCharacter 


! Package inputenc Error: Unicode character ∆° (U+01A1)
(inputenc)                not set up for use with LaTeX.

See the inputenc package documentation for explanation.
Type  H <return>  for immediate help.
 ...                                              
                                                  
l.13 ...h·∫£i d·ª±a v√†o c√°c ch√≤m sao n√†o t∆∞∆°
                                                  ng ƒë·ªëi s√°ng c√≥ h√¨nh ...

You may provide a definition with
\DeclareUnicodeCharacter 


! LaTeX Error: Command \dj unavailable in encoding OT1.

See the LaTeX manual or LaTeX Companion for explanation.
Type  H <return>  for immediate help.
 ...                                              
                                                  
l.13 ... d·ª±a v√†o c√°c ch√≤m sao n√†o t∆∞∆°ng ƒë
                                                  ·ªëi s√°ng c√≥ h√¨nh d·∫°n...

Your command was ignored.
Type  I <command> <return>  to replace it with another command,
or  <return>  to continue without it.


! Package inputenc Error: Unicode character ·ªë (U+1ED1)
(inputenc)                not set up for use with LaTeX.

See the inputenc package documentation for explanation.
Type  H <return>  for immediate help.
 ...                                              
                                                  
l.13 ...ª±a v√†o c√°c ch√≤m sao n√†o t∆∞∆°ng ƒë·ªë
                                                  i s√°ng c√≥ h√¨nh d·∫°ng ƒ...

You may provide a definition with
\DeclareUnicodeCharacter 


! Package inputenc Error: Unicode character ·∫° (U+1EA1)
(inputenc)                not set up for use with LaTeX.

See the inputenc package documentation for explanation.
Type  H <return>  for immediate help.
 ...                                              
                                                  
l.13 ...o n√†o t∆∞∆°ng ƒë·ªëi s√°ng c√≥ h√¨nh d·∫°
                                                  ng ƒë·∫∑c tr∆∞ng, d·ªÖ nh·...

You may provide a definition with
\DeclareUnicodeCharacter 


! LaTeX Error: Command \dj unavailable in encoding OT1.

See the LaTeX manual or LaTeX Companion for explanation.
Type  H <return>  for immediate help.
 ...                                              
                                                  
l.13 ...o t∆∞∆°ng ƒë·ªëi s√°ng c√≥ h√¨nh d·∫°ng ƒë
                                                  ·∫∑c tr∆∞ng, d·ªÖ nh·∫≠n d...

Your command was ignored.
Type  I <command> <return>  to replace it with another command,
or  <return>  to continue without it.


! Package inputenc Error: Unicode character ·∫∑ (U+1EB7)
(inputenc)                not set up for use with LaTeX.

See the inputenc package documentation for explanation.
Type  H <return>  for immediate help.
 ...                                              
                                                  
l.13 ...∆∞∆°ng ƒë·ªëi s√°ng c√≥ h√¨nh d·∫°ng ƒë·∫∑
                                                  c tr∆∞ng, d·ªÖ nh·∫≠n d·∫°...

You may provide a definition with
\DeclareUnicodeCharacter 


! Package inputenc Error: Unicode character ∆∞ (U+01B0)
(inputenc)                not set up for use with LaTeX.

See the inputenc package documentation for explanation.
Type  H <return>  for immediate help.
 ...                                              
                                                  
l.13 ... ƒë·ªëi s√°ng c√≥ h√¨nh d·∫°ng ƒë·∫∑c tr∆∞
                                                  ng, d·ªÖ nh·∫≠n d·∫°ng, th...

You may provide a definition with
\DeclareUnicodeCharacter 


! Package inputenc Error: Unicode character ·ªÖ (U+1EC5)
(inputenc)                not set up for use with LaTeX.

See the inputenc package documentation for explanation.
Type  H <return>  for immediate help.
 ...                                              
                                                  
l.13 ...s√°ng c√≥ h√¨nh d·∫°ng ƒë·∫∑c tr∆∞ng, d·ªÖ
                                                   nh·∫≠n d·∫°ng, th∆∞·ªùng ...

You may provide a definition with
\DeclareUnicodeCharacter 


! Package inputenc Error: Unicode character ·∫≠ (U+1EAD)
(inputenc)                not set up for use with LaTeX.

See the inputenc package documentation for explanation.
Type  H <return>  for immediate help.
 ...                                              
                                                  
l.13 ...c√≥ h√¨nh d·∫°ng ƒë·∫∑c tr∆∞ng, d·ªÖ nh·∫≠
                                                  n d·∫°ng, th∆∞·ªùng xuy√™n...

You may provide a definition with
\DeclareUnicodeCharacter 


! Package inputenc Error: Unicode character ·∫° (U+1EA1)
(inputenc)                not set up for use with LaTeX.

See the inputenc package documentation for explanation.
Type  H <return>  for immediate help.
 ...                                              
                                                  
l.13 ...¨nh d·∫°ng ƒë·∫∑c tr∆∞ng, d·ªÖ nh·∫≠n d·∫°
                                                  ng, th∆∞·ªùng xuy√™n xu·∫•...

You may provide a definition with
\DeclareUnicodeCharacter 


! Package inputenc Error: Unicode character ∆∞ (U+01B0)
(inputenc)                not set up for use with LaTeX.

See the inputenc package documentation for explanation.
Type  H <return>  for immediate help.
 ...                                              
                                                  
l.13 ...ng ƒë·∫∑c tr∆∞ng, d·ªÖ nh·∫≠n d·∫°ng, th∆∞
                                                  ·ªùng xuy√™n xu·∫•t hi·ªán...

You may provide a definition with
\DeclareUnicodeCharacter 


! Package inputenc Error: Unicode character ·ªù (U+1EDD)
(inputenc)                not set up for use with LaTeX.

See the inputenc package documentation for explanation.
Type  H <return>  for immediate help.
 ...                                              
                                                  
l.13 ...ƒë·∫∑c tr∆∞ng, d·ªÖ nh·∫≠n d·∫°ng, th∆∞·ªù
                                                  ng xuy√™n xu·∫•t hi·ªán tr...

You may provide a definition with
\DeclareUnicodeCharacter 


! Package inputenc Error: Unicode character ·∫• (U+1EA5)
(inputenc)                not set up for use with LaTeX.

See the inputenc package documentation for explanation.
Type  H <return>  for immediate help.
 ...                                              
                                                  
l.13 ...d·ªÖ nh·∫≠n d·∫°ng, th∆∞·ªùng xuy√™n xu·∫•
                                                  t hi·ªán tr√™n b·∫ßu tr·ªù...

You may provide a definition with
\DeclareUnicodeCharacter 


! Package inputenc Error: Unicode character ·ªá (U+1EC7)
(inputenc)                not set up for use with LaTeX.

See the inputenc package documentation for explanation.
Type  H <return>  for immediate help.
 ...                                              
                                                  
l.13 ...·∫≠n d·∫°ng, th∆∞·ªùng xuy√™n xu·∫•t hi·ªá
                                                  n tr√™n b·∫ßu tr·ªùi, t·ª´...

You may provide a definition with
\DeclareUnicodeCharacter 


! Package inputenc Error: Unicode character ·∫ß (U+1EA7)
(inputenc)                not set up for use with LaTeX.

See the inputenc package documentation for explanation.
Type  H <return>  for immediate help.
 ...                                              
                                                  
l.13 ... th∆∞·ªùng xuy√™n xu·∫•t hi·ªán tr√™n b·∫ß
                                                  u tr·ªùi, t·ª´ ƒë√≥ b·∫±ng...

You may provide a definition with
\DeclareUnicodeCharacter 


! Package inputenc Error: Unicode character ·ªù (U+1EDD)
(inputenc)                not set up for use with LaTeX.

See the inputenc package documentation for explanation.
Type  H <return>  for immediate help.
 ...                                              
                                                  
l.13 ...ùng xuy√™n xu·∫•t hi·ªán tr√™n b·∫ßu tr·ªù
                                                  i, t·ª´ ƒë√≥ b·∫±ng c√°ch ...

You may provide a definition with
\DeclareUnicodeCharacter 


! Package inputenc Error: Unicode character ·ª´ (U+1EEB)
(inputenc)                not set up for use with LaTeX.

See the inputenc package documentation for explanation.
Type  H <return>  for immediate help.
 ...                                              
                                                  
l.13 ...√™n xu·∫•t hi·ªán tr√™n b·∫ßu tr·ªùi, t·ª´
                                                   ƒë√≥ b·∫±ng c√°ch k√©o d√...

You may provide a definition with
\DeclareUnicodeCharacter 


! LaTeX Error: Command \dj unavailable in encoding OT1.

See the LaTeX manual or LaTeX Companion for explanation.
Type  H <return>  for immediate help.
 ...                                              
                                                  
l.13 ... xu·∫•t hi·ªán tr√™n b·∫ßu tr·ªùi, t·ª´ ƒë
                                                  √≥ b·∫±ng c√°ch k√©o d√†i ...

Your command was ignored.
Type  I <command> <return>  to replace it with another command,
or  <return>  to continue without it.


! Package inputenc Error: Unicode character ·∫± (U+1EB1)
(inputenc)                not set up for use with LaTeX.

See the inputenc package documentation for explanation.
Type  H <return>  for immediate help.
 ...                                              
                                                  
l.13 ... hi·ªán tr√™n b·∫ßu tr·ªùi, t·ª´ ƒë√≥ b·∫±
                                                  ng c√°ch k√©o d√†i nh·ªØng...

You may provide a definition with
\DeclareUnicodeCharacter 


! Package inputenc Error: Unicode character ·ªØ (U+1EEF)
(inputenc)                not set up for use with LaTeX.

See the inputenc package documentation for explanation.
Type  H <return>  for immediate help.
 ...                                              
                                                  
l.13 ...ùi, t·ª´ ƒë√≥ b·∫±ng c√°ch k√©o d√†i nh·ªØ
                                                  ng ƒëo·∫°n t∆∞·ªüng t∆∞·ª£...

You may provide a definition with
\DeclareUnicodeCharacter 


! LaTeX Error: Command \dj unavailable in encoding OT1.

See the LaTeX manual or LaTeX Companion for explanation.
Type  H <return>  for immediate help.
 ...                                              
                                                  
l.13 ...·ª´ ƒë√≥ b·∫±ng c√°ch k√©o d√†i nh·ªØng ƒë
                                                  o·∫°n t∆∞·ªüng t∆∞·ª£ng ƒë...

Your command was ignored.
Type  I <command> <return>  to replace it with another command,
or  <return>  to continue without it.


! Package inputenc Error: Unicode character ·∫° (U+1EA1)
(inputenc)                not set up for use with LaTeX.

See the inputenc package documentation for explanation.
Type  H <return>  for immediate help.
 ...                                              
                                                  
l.13 ...ƒë√≥ b·∫±ng c√°ch k√©o d√†i nh·ªØng ƒëo·∫°
                                                  n t∆∞·ªüng t∆∞·ª£ng ƒë·ªÉ ...

You may provide a definition with
\DeclareUnicodeCharacter 


! Package inputenc Error: Unicode character ∆∞ (U+01B0)
(inputenc)                not set up for use with LaTeX.

See the inputenc package documentation for explanation.
Type  H <return>  for immediate help.
 ...                                              
                                                  
l.13 ...b·∫±ng c√°ch k√©o d√†i nh·ªØng ƒëo·∫°n t∆∞
                                                  ·ªüng t∆∞·ª£ng ƒë·ªÉ t√¨m ...

You may provide a definition with
\DeclareUnicodeCharacter 


! Package inputenc Error: Unicode character ·ªü (U+1EDF)
(inputenc)                not set up for use with LaTeX.

See the inputenc package documentation for explanation.
Type  H <return>  for immediate help.
 ...                                              
                                                  
l.13 ...±ng c√°ch k√©o d√†i nh·ªØng ƒëo·∫°n t∆∞·ªü
                                                  ng t∆∞·ª£ng ƒë·ªÉ t√¨m ƒë·...

You may provide a definition with
\DeclareUnicodeCharacter 


! Package inputenc Error: Unicode character ∆∞ (U+01B0)
(inputenc)                not set up for use with LaTeX.

See the inputenc package documentation for explanation.
Type  H <return>  for immediate help.
 ...                                              
                                                  
l.13 ...°ch k√©o d√†i nh·ªØng ƒëo·∫°n t∆∞·ªüng t∆∞
                                                  ·ª£ng ƒë·ªÉ t√¨m ƒë·∫øn sa...

You may provide a definition with
\DeclareUnicodeCharacter 


! Package inputenc Error: Unicode character ·ª£ (U+1EE3)
(inputenc)                not set up for use with LaTeX.

See the inputenc package documentation for explanation.
Type  H <return>  for immediate help.
 ...                                              
                                                  
l.13 ... k√©o d√†i nh·ªØng ƒëo·∫°n t∆∞·ªüng t∆∞·ª£
                                                  ng ƒë·ªÉ t√¨m ƒë·∫øn sao B...

You may provide a definition with
\DeclareUnicodeCharacter 


! LaTeX Error: Command \dj unavailable in encoding OT1.

See the LaTeX manual or LaTeX Companion for explanation.
Type  H <return>  for immediate help.
 ...                                              
                                                  
l.13 ... d√†i nh·ªØng ƒëo·∫°n t∆∞·ªüng t∆∞·ª£ng ƒë
                                                  ·ªÉ t√¨m ƒë·∫øn sao B·∫Øc ...

Your command was ignored.
Type  I <command> <return>  to replace it with another command,
or  <return>  to continue without it.


! Package inputenc Error: Unicode character ·ªÉ (U+1EC3)
(inputenc)                not set up for use with LaTeX.

See the inputenc package documentation for explanation.
Type  H <return>  for immediate help.
 ...                                              
                                                  
l.13 ...†i nh·ªØng ƒëo·∫°n t∆∞·ªüng t∆∞·ª£ng ƒë·ªÉ
                                                   t√¨m ƒë·∫øn sao B·∫Øc c·ª...

You may provide a definition with
\DeclareUnicodeCharacter 


! LaTeX Error: Command \dj unavailable in encoding OT1.

See the LaTeX manual or LaTeX Companion for explanation.
Type  H <return>  for immediate help.
 ...                                              
                                                  
l.13 ...ng ƒëo·∫°n t∆∞·ªüng t∆∞·ª£ng ƒë·ªÉ t√¨m ƒë
                                                  ·∫øn sao B·∫Øc c·ª±c. Bi·∫...

Your command was ignored.
Type  I <command> <return>  to replace it with another command,
or  <return>  to continue without it.


! Package inputenc Error: Unicode character ·∫ø (U+1EBF)
(inputenc)                not set up for use with LaTeX.

See the inputenc package documentation for explanation.
Type  H <return>  for immediate help.
 ...                                              
                                                  
l.13 ...ƒëo·∫°n t∆∞·ªüng t∆∞·ª£ng ƒë·ªÉ t√¨m ƒë·∫ø
                                                  n sao B·∫Øc c·ª±c. Bi·∫øt ...

You may provide a definition with
\DeclareUnicodeCharacter 


! Package inputenc Error: Unicode character ·∫Ø (U+1EAF)
(inputenc)                not set up for use with LaTeX.

See the inputenc package documentation for explanation.
Type  H <return>  for immediate help.
 ...                                              
                                                  
l.13 ...∞·ªüng t∆∞·ª£ng ƒë·ªÉ t√¨m ƒë·∫øn sao B·∫Ø
                                                  c c·ª±c. Bi·∫øt ƒë∆∞·ª£c h...

You may provide a definition with
\DeclareUnicodeCharacter 


! Package inputenc Error: Unicode character ·ª± (U+1EF1)
(inputenc)                not set up for use with LaTeX.

See the inputenc package documentation for explanation.
Type  H <return>  for immediate help.
 ...                                              
                                                  
l.13 ... t∆∞·ª£ng ƒë·ªÉ t√¨m ƒë·∫øn sao B·∫Øc c·ª±
                                                  c. Bi·∫øt ƒë∆∞·ª£c h∆∞·ªõn...

You may provide a definition with
\DeclareUnicodeCharacter 


! Package inputenc Error: Unicode character ·∫ø (U+1EBF)
(inputenc)                not set up for use with LaTeX.

See the inputenc package documentation for explanation.
Type  H <return>  for immediate help.
 ...                                              
                                                  
l.13 ...g ƒë·ªÉ t√¨m ƒë·∫øn sao B·∫Øc c·ª±c. Bi·∫ø
                                                  t ƒë∆∞·ª£c h∆∞·ªõng B·∫Øc ...

You may provide a definition with
\DeclareUnicodeCharacter 


! LaTeX Error: Command \dj unavailable in encoding OT1.

See the LaTeX manual or LaTeX Companion for explanation.
Type  H <return>  for immediate help.
 ...                                              
                                                  
l.13 ...·ªÉ t√¨m ƒë·∫øn sao B·∫Øc c·ª±c. Bi·∫øt ƒë
                                                  ∆∞·ª£c h∆∞·ªõng B·∫Øc r·ªë...

Your command was ignored.
Type  I <command> <return>  to replace it with another command,
or  <return>  to continue without it.


! Package inputenc Error: Unicode character ∆∞ (U+01B0)
(inputenc)                not set up for use with LaTeX.

See the inputenc package documentation for explanation.
Type  H <return>  for immediate help.
 ...                                              
                                                  
l.13 ...É t√¨m ƒë·∫øn sao B·∫Øc c·ª±c. Bi·∫øt ƒë∆∞
                                                  ·ª£c h∆∞·ªõng B·∫Øc r·ªëi ...

You may provide a definition with
\DeclareUnicodeCharacter 


! Package inputenc Error: Unicode character ·ª£ (U+1EE3)
(inputenc)                not set up for use with LaTeX.

See the inputenc package documentation for explanation.
Type  H <return>  for immediate help.
 ...                                              
                                                  
l.13 ...√¨m ƒë·∫øn sao B·∫Øc c·ª±c. Bi·∫øt ƒë∆∞·ª£
                                                  c h∆∞·ªõng B·∫Øc r·ªëi th√...

You may provide a definition with
\DeclareUnicodeCharacter 


! Package inputenc Error: Unicode character ∆∞ (U+01B0)
(inputenc)                not set up for use with LaTeX.

See the inputenc package documentation for explanation.
Type  H <return>  for immediate help.
 ...                                              
                                                  
l.13 ...ë·∫øn sao B·∫Øc c·ª±c. Bi·∫øt ƒë∆∞·ª£c h∆∞
                                                  ·ªõng B·∫Øc r·ªëi th√¨ ta ...

You may provide a definition with
\DeclareUnicodeCharacter 


! Package inputenc Error: Unicode character ·ªõ (U+1EDB)
(inputenc)                not set up for use with LaTeX.

See the inputenc package documentation for explanation.
Type  H <return>  for immediate help.
 ...                                              
                                                  
l.13 ...øn sao B·∫Øc c·ª±c. Bi·∫øt ƒë∆∞·ª£c h∆∞·ªõ
                                                  ng B·∫Øc r·ªëi th√¨ ta d·ª...

You may provide a definition with
\DeclareUnicodeCharacter 


! Package inputenc Error: Unicode character ·∫Ø (U+1EAF)
(inputenc)                not set up for use with LaTeX.

See the inputenc package documentation for explanation.
Type  H <return>  for immediate help.
 ...                                              
                                                  
l.13 ...B·∫Øc c·ª±c. Bi·∫øt ƒë∆∞·ª£c h∆∞·ªõng B·∫Ø
                                                  c r·ªëi th√¨ ta d·ªÖ d√†ng...

You may provide a definition with
\DeclareUnicodeCharacter 


! Package inputenc Error: Unicode character ·ªë (U+1ED1)
(inputenc)                not set up for use with LaTeX.

See the inputenc package documentation for explanation.
Type  H <return>  for immediate help.
 ...                                              
                                                  
l.13 ...c·ª±c. Bi·∫øt ƒë∆∞·ª£c h∆∞·ªõng B·∫Øc r·ªë
                                                  i th√¨ ta d·ªÖ d√†ng x√°c ...

You may provide a definition with
\DeclareUnicodeCharacter 


! Package inputenc Error: Unicode character ·ªÖ (U+1EC5)
(inputenc)                not set up for use with LaTeX.

See the inputenc package documentation for explanation.
Type  H <return>  for immediate help.
 ...                                              
                                                  
l.13 ...ƒë∆∞·ª£c h∆∞·ªõng B·∫Øc r·ªëi th√¨ ta d·ªÖ
                                                   d√†ng x√°c l·∫≠p c√°c h∆∞...
(That makes 100 errors; please try again.) 
Here is how much of TeX's memory you used:
 65 strings out of 478927
 975 string characters out of 2853008
 291183 words of memory out of 3000000
 18023 multiletter control sequences out of 15000+600000
 403738 words of font info for 28 fonts, out of 8000000 for 9000
 1141 hyphenation exceptions out of 8191
 14i,2n,12p,747b,149s stack positions out of 5000i,500n,10000p,200000b,80000s

!  ==> Fatal error occurred, no output PDF file produced!
